<?xml version="1.0" encoding="UTF-8"?>
<testsuite name="Robot" tests="82" errors="0" failures="17" skipped="0" time="2035.471" timestamp="2026-09-03T18:08:28.705979">
<testsuite name="chromeTests" tests="53" errors="0" failures="3" skipped="0" time="1370.286" timestamp="2026-09-03T18:08:28.739767">
<testcase classname="Robot.chromeTests" name="Announce list item when moving by word or character" time="21.074">
<failure message="NVDA unable to report chrome title&#10;&#10;Also teardown failed:&#10;Unable to restore Chrome test window foreground: NVDA Browser Test Case (4771840869517782464) - Google Chrome - 196714" type="AssertionError"/>
</testcase>
<testcase classname="Robot.chromeTests" name="i7562" time="39.109">
</testcase>
<testcase classname="Robot.chromeTests" name="pr11606" time="25.024">
</testcase>
<testcase classname="Robot.chromeTests" name="focus mode is turned on on focused read-only list item" time="21.609">
</testcase>
<testcase classname="Robot.chromeTests" name="ARIA details" time="59.706">
</testcase>
<testcase classname="Robot.chromeTests" name="ARIA details with free review and nav" time="59.240">
</testcase>
<testcase classname="Robot.chromeTests" name="ARIA details noVbuf" time="22.012">
</testcase>
<testcase classname="Robot.chromeTests" name="ARIA details noVbuf with free review and nav" time="22.058">
</testcase>
<testcase classname="Robot.chromeTests" name="ARIA description Focus Mode" time="23.541">
</testcase>
<testcase classname="Robot.chromeTests" name="ARIA description Browse Mode" time="23.036">
</testcase>
<testcase classname="Robot.chromeTests" name="ARIA description Say All" time="20.098">
</testcase>
<testcase classname="Robot.chromeTests" name="ARIA details role" time="25.052">
</testcase>
<testcase classname="Robot.chromeTests" name="multiple ARIA details targets" time="28.519">
</testcase>
<testcase classname="Robot.chromeTests" name="i13307" time="23.536">
</testcase>
<testcase classname="Robot.chromeTests" name="Table navigation with merged columns" time="24.538">
</testcase>
<testcase classname="Robot.chromeTests" name="Table sayAll commands" time="41.076">
</testcase>
<testcase classname="Robot.chromeTests" name="Table Speak All commands" time="33.211">
</testcase>
<testcase classname="Robot.chromeTests" name="Table sayAll axis caching for merged cells" time="27.996">
</testcase>
<testcase classname="Robot.chromeTests" name="Table in style display: table" time="21.501">
</testcase>
<testcase classname="Robot.chromeTests" name="i10840" time="21.119">
</testcase>
<testcase classname="Robot.chromeTests" name="i10890" time="21.485">
<failure message="speech Actual != Expected: No previous heading at level 3 != Example 2: Sortable Data Grid With Editable Cells  heading  level 3" type="AssertionError"/>
</testcase>
<testcase classname="Robot.chromeTests" name="Report language disabled" time="20.497">
</testcase>
<testcase classname="Robot.chromeTests" name="Report language enabled" time="20.636">
</testcase>
<testcase classname="Robot.chromeTests" name="Report language without dialects" time="20.560">
</testcase>
<testcase classname="Robot.chromeTests" name="Report not supported language without other languages" time="20.538">
</testcase>
<testcase classname="Robot.chromeTests" name="Report not supported language and other languages" time="20.541">
</testcase>
<testcase classname="Robot.chromeTests" name="ARIA roleDescription focus" time="23.025">
</testcase>
<testcase classname="Robot.chromeTests" name="ARIA roleDescription inline browse mode" time="22.028">
</testcase>
<testcase classname="Robot.chromeTests" name="ARIA roleDescription block browse mode" time="22.613">
</testcase>
<testcase classname="Robot.chromeTests" name="ARIA roleDescription inline content editable" time="24.545">
</testcase>
<testcase classname="Robot.chromeTests" name="ARIA roleDescription block content editable" time="25.102">
</testcase>
<testcase classname="Robot.chromeTests" name="ARIA treegrid" time="25.098">
</testcase>
<testcase classname="Robot.chromeTests" name="ARIA invalid spelling and grammar" time="21.553">
</testcase>
<testcase classname="Robot.chromeTests" name="aria-errormessage" time="31.542">
</testcase>
<testcase classname="Robot.chromeTests" name="ARIA checkbox" time="20.563">
</testcase>
<testcase classname="Robot.chromeTests" name="ARIA switch role" time="20.515">
<failure message="Move to first heading 2 in frame&#10;speech Actual != Expected: No previous heading at level 2 != Example  heading  level 2" type="AssertionError"/>
</testcase>
<testcase classname="Robot.chromeTests" name="Marked Browse mode" time="22.107">
</testcase>
<testcase classname="Robot.chromeTests" name="Marked Focus mode" time="21.535">
</testcase>
<testcase classname="Robot.chromeTests" name="checkbox labelled by inner element" time="20.065">
</testcase>
<testcase classname="Robot.chromeTests" name="i12147" time="21.099">
</testcase>
<testcase classname="Robot.chromeTests" name="Prevent Duplicate Speech From Description while in Focus mode" time="22.525">
</testcase>
<testcase classname="Robot.chromeTests" name="Prevent Duplicate Speech From Description while in Browse mode with tab nav" time="21.530">
</testcase>
<testcase classname="Robot.chromeTests" name="Only report description in focus mode due to reportObjectDescriptions" time="28.031">
</testcase>
<testcase classname="Robot.chromeTests" name="Quick Nav reports target first" time="21.916">
</testcase>
<testcase classname="Robot.chromeTests" name="Focus reports target first" time="29.448">
</testcase>
<testcase classname="Robot.chromeTests" name="textParagraphNavigation" time="35.121">
</testcase>
<testcase classname="Robot.chromeTests" name="styleNav" time="55.770">
</testcase>
<testcase classname="Robot.chromeTests" name="Report link destination plain link" time="20.515">
</testcase>
<testcase classname="Robot.chromeTests" name="Report link destination nested strong" time="21.532">
</testcase>
<testcase classname="Robot.chromeTests" name="Report link destination nested em" time="21.089">
</testcase>
<testcase classname="Robot.chromeTests" name="Report link destination deeply nested" time="21.532">
</testcase>
<testcase classname="Robot.chromeTests" name="Report link destination image link" time="21.027">
</testcase>
<testcase classname="Robot.chromeTests" name="Report link destination not a link" time="21.009">
</testcase>
<properties>
<property name="Documentation" value="HTML test cases in Chrome"/>
</properties>
</testsuite>
<testsuite name="startupShutdownNVDA" tests="11" errors="0" failures="0" skipped="0" time="116.135" timestamp="2026-09-03T18:31:19.027010">
<testcase classname="Robot.startupShutdownNVDA" name="Starts" time="6.554">
</testcase>
<testcase classname="Robot.startupShutdownNVDA" name="Starts from desktop shortcut" time="6.017">
</testcase>
<testcase classname="Robot.startupShutdownNVDA" name="Quits from keyboard" time="11.262">
</testcase>
<testcase classname="Robot.startupShutdownNVDA" name="Quits from keyboard with welcome dialog open" time="11.785">
</testcase>
<testcase classname="Robot.startupShutdownNVDA" name="Quits from keyboard with about dialog open" time="11.420">
</testcase>
<testcase classname="Robot.startupShutdownNVDA" name="Quits from menu" time="9.285">
</testcase>
<testcase classname="Robot.startupShutdownNVDA" name="Read welcome dialog" time="8.528">
</testcase>
<testcase classname="Robot.startupShutdownNVDA" name="Restarts" time="15.493">
</testcase>
<testcase classname="Robot.startupShutdownNVDA" name="Restarts on crash" time="11.779">
</testcase>
<testcase classname="Robot.startupShutdownNVDA" name="Restarts on io thread crash" time="11.764">
</testcase>
<testcase classname="Robot.startupShutdownNVDA" name="Restarts on UIAHandler crash" time="12.234">
</testcase>
<properties>
<property name="Documentation" value="Basic start and exit tests"/>
</properties>
</testsuite>
<testsuite name="symbolPronunciationTests" tests="10" errors="0" failures="7" skipped="0" time="336.449" timestamp="2026-09-03T18:33:15.162784">
<testcase classname="Robot.symbolPronunciationTests" name="symbolInSpeechUI" time="23.593">
</testcase>
<testcase classname="Robot.symbolPronunciationTests" name="moveByWord" time="44.657">
<failure message="actual vs expected. With symbolLevel SymLevel.NONE: ['deux points', 'Say', 'parenthèse gauche', 'spelling error  quietly', 'out of spelling error\nparenthèse droite', 'guillemet', 'Hello', 'virgule', 'Jim', '.', &quot;spelling error  don't&quot;, 'out of spelling error\nflèche droite', 'T-shirt', 'retour chariot', '1', 'barre verticale', '2', '', '3', 'arobase', '4', 'retour chariot'] != ['Say', '(quietly)', 'Hello,', 'Jim', '.', &quot;don't&quot;, 'right-pointing arrow', 't-shirt', '1', 'bar', '2', '', '3', '', '4', 'blank', '', 'blank', 'right-pointing arrow', 't-shirt', 't-shirt', 'blank']" type="AssertionError"/>
</testcase>
<testcase classname="Robot.symbolPronunciationTests" name="moveByLine" time="36.482">
<failure message="actual vs expected. With symbolLevel SymLevel.NONE: ['Say', '(  spelling error  quietly)', 'Hello,', 'Jim .', &quot;spelling error  don't&quot;, '', 'T-shirt', '', 'T-shirt', 'T-shirt', '1   2    3  arobase     4', 'blank', '', 'blank', 'blank'] != ['Say', '(quietly)', 'Hello,', 'Jim .', &quot;don't&quot;, '', 't-shirt', '', 't-shirt', 't-shirt', '1   2    3      4', 'blank', '', 'blank', 'blank']" type="AssertionError"/>
</testcase>
<testcase classname="Robot.symbolPronunciationTests" name="moveByCharacter" time="34.169">
<failure message="actual vs expected. With symbolLevel SymLevel.NONE: ['S', 'espace', 'parenthèse gauche', 'parenthèse droite', 'guillemet', 'apostrophe', 'e', 'virgule', 'flèche droite', 'T-shirt', 'tab', 'retour chariot', 'Right\nretour chariot'] != ['S', 'space', 'left paren', 'right paren', 'quote', 'tick', 'e', 'comma', 'right-pointing arrow', 't-shirt', 'tab', 'carriage return', 'line feed']" type="AssertionError"/>
</testcase>
<testcase classname="Robot.symbolPronunciationTests" name="delayedCharacterDescriptions" time="21.311">
</testcase>
<testcase classname="Robot.symbolPronunciationTests" name="selectionByWord" time="48.173">
<failure message="actual vs expected. With symbolLevel SymLevel.NONE: ['Test selected', ':  selected', 'Say  selected', 'left paren  selected', 'quietly selected', ')  selected', 'quote  selected', 'Hello selected', ',  selected', 'Jim  selected', '.  selected', &quot;don't  selected&quot;, 'selected', 't-shirt   selected', 'carriage return  selected', '1  selected', 'selected', '2  selected', 'selected', '3  selected', 'selected', '4  selected', 'carriage return  selected', 'space  selected', 'carriage return  selected', 'tab  selected'] != ['Test:  selected', 'Say  selected', '(quietly)  selected', 'Hello,  selected', 'Jim  selected', '.  selected', &quot;don't  selected&quot;, 'selected', 't-shirt   selected', 'selected', '1  selected', 'selected', '2  selected', 'selected', '3  selected', 'selected', '4  selected', 'selected', 'selected', 'selected', 'selected', 'right-pointing arrow  selected', 'selected', 't-shirt  selected', 'selected', 't-shirt  selected']" type="AssertionError"/>
</testcase>
<testcase classname="Robot.symbolPronunciationTests" name="selectionByLine" time="36.513">
<failure message="actual vs expected. With symbolLevel SymLevel.NONE: ['Test:  selected', 'Say  selected', '(quietly)  selected', 'Hello,  selected', 'Jim .  selected', &quot;don't   selected&quot;, 'selected', 't-shirt   selected', 'selected', 't-shirt    selected', 't-shirt   selected', '1   2    3      4  selected', 'selected', 'selected', 'selected'] != ['Test:   selected', 'Say   selected', '(quietly)   selected', 'Hello,   selected', 'Jim .   selected', &quot;don't    selected&quot;, 'selected', 't-shirt    selected', 'selected', 't-shirt     selected', 't-shirt    selected', '1   2    3      4   selected', 'selected', 'selected', 'selected']" type="AssertionError"/>
</testcase>
<testcase classname="Robot.symbolPronunciationTests" name="selectionByCharacter" time="33.953">
<failure message="actual vs expected. With symbolLevel SymLevel.NONE: ['T  selected', 'S  selected', 'space  selected', 'left paren  selected', 'right paren  selected', 'quote  selected', 'tick  selected', 'e  selected', 'comma  selected', 'right-pointing arrow  selected', 't-shirt  selected', 'tab  selected', 'carriage return  selected'] != ['T  selected', 'S  selected', 'space  selected', 'left paren  selected', 'right paren  selected', 'quote  selected', 'tick  selected', 'e  selected', 'comma  selected', 'right-pointing arrow  selected', 't-shirt  selected', 'tab  selected', 'selected']" type="AssertionError"/>
</testcase>
<testcase classname="Robot.symbolPronunciationTests" name="tableHeaderSymbols" time="29.607">
</testcase>
<testcase classname="Robot.symbolPronunciationTests" name="ignoreBlankLinesForReportLineIndentation" time="27.974">
<failure message="actual vs expected. With symbolLevel SymLevel.ALL: ['spelling error  def  spelling error  foo', 'tab  hello', 'no indent  blank', 'tab  world', 'no indent  blank', 'spelling error  def bar', 'blank'] != ['def foo', 'tab  hello', 'no indent  blank', 'tab  world', 'no indent  blank', 'def bar', 'blank']" type="AssertionError"/>
</testcase>
<properties>
<property name="Documentation" value="Symbol pronunciation tests"/>
</properties>
</testsuite>
<testsuite name="vscodeTests" tests="8" errors="0" failures="7" skipped="0" time="212.564" timestamp="2026-09-03T18:38:51.612001">
<testcase classname="Robot.vscodeTests" name="status line is available" time="17.663">
</testcase>
<testcase classname="Robot.vscodeTests" name="sidebar toggle announced" time="28.600">
<failure message="Speech did not finish before timeout" type="AssertionError"/>
</testcase>
<testcase classname="Robot.vscodeTests" name="command palette" time="29.560">
<failure message="Speech did not finish before timeout" type="AssertionError"/>
</testcase>
<testcase classname="Robot.vscodeTests" name="file navigation" time="31.052">
<failure message="Speech did not finish before timeout" type="AssertionError"/>
</testcase>
<testcase classname="Robot.vscodeTests" name="search panel" time="21.976">
<failure message="Speech did not finish before timeout" type="AssertionError"/>
</testcase>
<testcase classname="Robot.vscodeTests" name="file editor operations" time="24.533">
<failure message="Speech did not finish before timeout" type="AssertionError"/>
</testcase>
<testcase classname="Robot.vscodeTests" name="extensions panel" time="29.590">
<failure message="Speech did not finish before timeout" type="AssertionError"/>
</testcase>
<testcase classname="Robot.vscodeTests" name="terminal panel" time="29.574">
<failure message="Speech did not finish before timeout" type="AssertionError"/>
</testcase>
<properties>
<property name="Documentation" value="Visual Studio Code tests"/>
</properties>
</testsuite>
</testsuite>
