<?xml version="1.0" encoding="UTF-8"?>
<robot generator="Robot 7.3.2 (Python 3.13.13 on win32)" generated="2026-09-03T23:50:42.176203" rpa="false" schemaversion="5">
<suite id="s1" name="Robot" source="C:\Users\adm\Downloads\NVDA-2026.2-HARDENED-COMPLETE-TEST-V5\NVDA-2026.2-HARDENED-SOURCE-V5\tests\system\robot">
<suite id="s1-s1" name="chromeTests" source="C:\Users\adm\Downloads\NVDA-2026.2-HARDENED-COMPLETE-TEST-V5\NVDA-2026.2-HARDENED-SOURCE-V5\tests\system\robot\chromeTests.robot">
<test id="s1-s1-t1" name="ARIA switch role" line="199">
<kw name="default setup" type="SETUP">
<kw name="Log Foreground Window Title" owner="WindowsLib">
<msg time="2026-09-03T23:50:42.638393" level="INFO">Foreground window title: Administrateur : Windows PowerShell</msg>
<doc>Debugging helper, log the current foreground window title to the robot framework log.
See log.html.</doc>
<status status="PASS" start="2026-09-03T23:50:42.638144" elapsed="0.000348"/>
</kw>
<kw name="Start NVDA" owner="NvdaLib">
<msg time="2026-09-03T23:50:42.638846" level="INFO">Starting NVDA with config: standard-dontShowWelcomeDialog.ini</msg>
<msg time="2026-09-03T23:50:42.638889" level="DEBUG">Copying files into NVDA profile</msg>
<msg time="2026-09-03T23:50:42.642271" level="INFO" html="true">Copied file from '&lt;a href="file://C:\Users\adm\Downloads\NVDA-2026.2-HARDENED-COMPLETE-TEST-V5\NVDA-2026.2-HARDENED-SOURCE-V5\tests\system\nvdaSettingsFiles\standard-dontShowWelcomeDialog.ini"&gt;C:\Users\adm\Downloads\NVDA-2026.2-HARDENED-COMPLETE-TEST-V5\NVDA-2026.2-HARDENED-SOURCE-V5\tests\system\nvdaSettingsFiles\standard-dontShowWelcomeDialog.ini&lt;/a&gt;' to '&lt;a href="file://C:\Users\adm\AppData\Local\Temp\nvdaProfile\nvda.ini"&gt;C:\Users\adm\AppData\Local\Temp\nvdaProfile\nvda.ini&lt;/a&gt;'.</msg>
<msg time="2026-09-03T23:50:42.643710" level="INFO" html="true">Created directory '&lt;a href="file://C:\Users\adm\AppData\Local\Temp\nvdaProfile\scratchpad\globalPlugins\speechSpyGlobalPlugin\libs"&gt;C:\Users\adm\AppData\Local\Temp\nvdaProfile\scratchpad\globalPlugins\speechSpyGlobalPlugin\libs&lt;/a&gt;'.</msg>
<msg time="2026-09-03T23:50:42.647499" level="INFO" html="true">Copied file from '&lt;a href="file://C:\Users\adm\Downloads\NVDA-2026.2-HARDENED-COMPLETE-TEST-V5\NVDA-2026.2-HARDENED-SOURCE-V5\.venv\Lib\site-packages\robotremoteserver.py"&gt;C:\Users\adm\Downloads\NVDA-2026.2-HARDENED-COMPLETE-TEST-V5\NVDA-2026.2-HARDENED-SOURCE-V5\.venv\Lib\site-packages\robotremoteserver.py&lt;/a&gt;' to '&lt;a href="file://C:\Users\adm\AppData\Local\Temp\nvdaProfile\scratchpad\globalPlugins\speechSpyGlobalPlugin\libs\robotremoteserver.py"&gt;C:\Users\adm\AppData\Local\Temp\nvdaProfile\scratchpad\globalPlugins\speechSpyGlobalPlugin\libs\robotremoteserver.py&lt;/a&gt;'.</msg>
<msg time="2026-09-03T23:50:42.664464" level="INFO" html="true">Copied directory from '&lt;a href="file://C:\Program Files\Python313\Lib\xmlrpc"&gt;C:\Program Files\Python313\Lib\xmlrpc&lt;/a&gt;' to '&lt;a href="file://C:\Users\adm\AppData\Local\Temp\nvdaProfile\scratchpad\globalPlugins\speechSpyGlobalPlugin\libs\xmlrpc"&gt;C:\Users\adm\AppData\Local\Temp\nvdaProfile\scratchpad\globalPlugins\speechSpyGlobalPlugin\libs\xmlrpc&lt;/a&gt;'.</msg>
<msg time="2026-09-03T23:50:42.667174" level="INFO" html="true">Copied file from '&lt;a href="file://C:\Users\adm\Downloads\NVDA-2026.2-HARDENED-COMPLETE-TEST-V5\NVDA-2026.2-HARDENED-SOURCE-V5\tests\system\libraries\SystemTestSpy\speechSpyGlobalPlugin.py"&gt;C:\Users\adm\Downloads\NVDA-2026.2-HARDENED-COMPLETE-TEST-V5\NVDA-2026.2-HARDENED-SOURCE-V5\tests\system\libraries\SystemTestSpy\speechSpyGlobalPlugin.py&lt;/a&gt;' to '&lt;a href="file://C:\Users\adm\AppData\Local\Temp\nvdaProfile\scratchpad\globalPlugins\speechSpyGlobalPlugin\__init__.py"&gt;C:\Users\adm\AppData\Local\Temp\nvdaProfile\scratchpad\globalPlugins\speechSpyGlobalPlugin\__init__.py&lt;/a&gt;'.</msg>
<msg time="2026-09-03T23:50:42.701787" level="INFO" html="true">Copied file from '&lt;a href="file://C:\Users\adm\Downloads\NVDA-2026.2-HARDENED-COMPLETE-TEST-V5\NVDA-2026.2-HARDENED-SOURCE-V5\tests\system\libraries\SystemTestSpy\blockUntilConditionMet.py"&gt;C:\Users\adm\Downloads\NVDA-2026.2-HARDENED-COMPLETE-TEST-V5\NVDA-2026.2-HARDENED-SOURCE-V5\tests\system\libraries\SystemTestSpy\blockUntilConditionMet.py&lt;/a&gt;' to '&lt;a href="file://C:\Users\adm\AppData\Local\Temp\nvdaProfile\scratchpad\globalPlugins\speechSpyGlobalPlugin\blockUntilConditionMet.py"&gt;C:\Users\adm\AppData\Local\Temp\nvdaProfile\scratchpad\globalPlugins\speechSpyGlobalPlugin\blockUntilConditionMet.py&lt;/a&gt;'.</msg>
<msg time="2026-09-03T23:50:42.705116" level="INFO" html="true">Copied file from '&lt;a href="file://C:\Users\adm\Downloads\NVDA-2026.2-HARDENED-COMPLETE-TEST-V5\NVDA-2026.2-HARDENED-SOURCE-V5\tests\system\libraries\SystemTestSpy\speechSpySynthDriver.py"&gt;C:\Users\adm\Downloads\NVDA-2026.2-HARDENED-COMPLETE-TEST-V5\NVDA-2026.2-HARDENED-SOURCE-V5\tests\system\libraries\SystemTestSpy\speechSpySynthDriver.py&lt;/a&gt;' to '&lt;a href="file://C:\Users\adm\AppData\Local\Temp\nvdaProfile\scratchpad\synthDrivers\speechSpySynthDriver.py"&gt;C:\Users\adm\AppData\Local\Temp\nvdaProfile\scratchpad\synthDrivers\speechSpySynthDriver.py&lt;/a&gt;'.</msg>
<msg time="2026-09-03T23:50:42.705229" level="DEBUG">Config copied</msg>
<msg time="2026-09-03T23:50:42.705347" level="INFO" html="true">File '&lt;a href="file://C:\Users\adm\Downloads\NVDA-2026.2-HARDENED-COMPLETE-TEST-V5\NVDA-2026.2-HARDENED-SOURCE-V5\runnvda.bat"&gt;C:\Users\adm\Downloads\NVDA-2026.2-HARDENED-COMPLETE-TEST-V5\NVDA-2026.2-HARDENED-SOURCE-V5\runnvda.bat&lt;/a&gt;' exists.</msg>
<msg time="2026-09-03T23:50:42.705415" level="INFO" html="true">Directory '&lt;a href="file://C:\Users\adm\AppData\Local\Temp\nvdaProfile"&gt;C:\Users\adm\AppData\Local\Temp\nvdaProfile&lt;/a&gt;' already exists.</msg>
<msg time="2026-09-03T23:50:42.705786" level="INFO" html="true">Created directory '&lt;a href="file://C:\Users\adm\Downloads\NVDA-2026.2-HARDENED-COMPLETE-TEST-V5\NVDA-2026.2-HARDENED-SOURCE-V5\testOutput\system\nvdaTestRunLogs"&gt;C:\Users\adm\Downloads\NVDA-2026.2-HARDENED-COMPLETE-TEST-V5\NVDA-2026.2-HARDENED-SOURCE-V5\testOutput\system\nvdaTestRunLogs&lt;/a&gt;'.</msg>
<msg time="2026-09-03T23:50:42.721249" level="INFO">Starting process:
C:\Users\adm\Downloads\NVDA-2026.2-HARDENED-COMPLETE-TEST-V5\NVDA-2026.2-HARDENED-SOURCE-V5\runnvda.bat --debug-logging -r -c "C:\Users\adm\AppData\Local\Temp\nvdaProfile" --log-file "C:\Users\adm\AppData\Local\Temp\nvdaProfile\nvda.log"</msg>
<msg time="2026-09-03T23:50:42.721384" level="DEBUG">Process configuration:
cwd:     C:\Users\adm\Downloads\NVDA-2026.2-HARDENED-COMPLETE-TEST-V5\NVDA-2026.2-HARDENED-SOURCE-V5
shell:   True
stdout:  C:\Users\adm\Downloads\NVDA-2026.2-HARDENED-COMPLETE-TEST-V5\NVDA-2026.2-HARDENED-SOURCE-V5\testOutput\system\nvdaTestRunLogs\Robot.chromeTests-ARIA_switch_role-stdout.txt
stderr:  C:\Users\adm\Downloads\NVDA-2026.2-HARDENED-COMPLETE-TEST-V5\NVDA-2026.2-HARDENED-SOURCE-V5\testOutput\system\nvdaTestRunLogs\Robot.chromeTests-ARIA_switch_role-stderr.txt
stdin:   None
alias:   nvdaAlias
env:     None</msg>
<msg time="2026-09-03T23:50:42.734599" level="DEBUG">Started NVDA process</msg>
<msg time="2026-09-03T23:50:42.734738" level="DEBUG">Waiting for nvdaSpyLib to be available at: http://127.0.0.1:8270</msg>
<msg time="2026-09-03T23:50:46.291085" level="DEBUG">Connecting to nvdaSpyLib</msg>
<msg time="2026-09-03T23:50:46.753655" level="DEBUG">Getting nvdaSpyLib library instance</msg>
<msg time="2026-09-03T23:50:46.755507" level="INFO">init_max_keyword_duration {'maxSeconds': 30}</msg>
<msg time="2026-09-03T23:50:46.756686" level="DEBUG">Connected to RF remote server</msg>
<msg time="2026-09-03T23:50:46.756725" level="INFO">wait_for_NVDA_startup_to_complete</msg>
<msg time="2026-09-03T23:50:46.757616" level="DEBUG">Startup complete</msg>
<arg>standard-dontShowWelcomeDialog.ini</arg>
<status status="PASS" start="2026-09-03T23:50:42.638662" elapsed="4.119024"/>
</kw>
<kw name="Log Foreground Window Title" owner="WindowsLib">
<msg time="2026-09-03T23:50:46.758009" level="INFO">Foreground window title: Administrateur : Windows PowerShell</msg>
<doc>Debugging helper, log the current foreground window title to the robot framework log.
See log.html.</doc>
<status status="PASS" start="2026-09-03T23:50:46.757888" elapsed="0.000355"/>
</kw>
<kw name="Enable Verbose Debug Logging If Requested" owner="NvdaLib">
<status status="PASS" start="2026-09-03T23:50:46.758345" elapsed="0.000785"/>
</kw>
<status status="PASS" start="2026-09-03T23:50:42.637242" elapsed="4.121950"/>
</kw>
<kw name="Test ARIASwitchRole" owner="chromeTests">
<msg time="2026-09-03T23:50:46.759925" level="INFO">wait_for_speech_to_finish</msg>
<msg time="2026-09-03T23:50:47.074336" level="INFO">starting chrome: C:\Users\adm\AppData\Local\Temp\tmpoyudg87m\test.html</msg>
<msg time="2026-09-03T23:50:47.074464" level="INFO">Starting process:
start /wait chrome --no-first-run --force-renderer-accessibility --ash-no-nudges --browser-test --disable-default-apps --keep-alive-for-test --suppress-message-center-popups --disable-notifications --no-experiments --no-default-browser-check --lang=en-US --disable-session-crashed-bubble "C:\Users\adm\AppData\Local\Temp\tmpoyudg87m\test.html"</msg>
<msg time="2026-09-03T23:50:47.074527" level="DEBUG">Process configuration:
cwd:     C:\Users\adm\Downloads\NVDA-2026.2-HARDENED-COMPLETE-TEST-V5\NVDA-2026.2-HARDENED-SOURCE-V5
shell:   True
stdout:  PIPE
stderr:  PIPE
stdin:   None
alias:   chromeStartAlias
env:     None</msg>
<msg time="2026-09-03T23:50:47.087700" level="DEBUG">No windows found matching the pattern: re.compile('^NVDA Browser Test Case \\(1419774371398249039\\)')</msg>
<msg time="2026-09-03T23:50:47.587224" level="DEBUG">No windows found matching the pattern: re.compile('^NVDA Browser Test Case \\(1419774371398249039\\)')</msg>
<msg time="2026-09-03T23:50:48.087641" level="DEBUG">No windows found matching the pattern: re.compile('^NVDA Browser Test Case \\(1419774371398249039\\)')</msg>
<msg time="2026-09-03T23:50:48.588102" level="DEBUG">No windows found matching the pattern: re.compile('^NVDA Browser Test Case \\(1419774371398249039\\)')</msg>
<msg time="2026-09-03T23:50:49.088232" level="DEBUG">No windows found matching the pattern: re.compile('^NVDA Browser Test Case \\(1419774371398249039\\)')</msg>
<msg time="2026-09-03T23:50:49.588480" level="DEBUG">No windows found matching the pattern: re.compile('^NVDA Browser Test Case \\(1419774371398249039\\)')</msg>
<msg time="2026-09-03T23:50:50.088905" level="DEBUG">No windows found matching the pattern: re.compile('^NVDA Browser Test Case \\(1419774371398249039\\)')</msg>
<msg time="2026-09-03T23:50:50.589582" level="DEBUG">No windows found matching the pattern: re.compile('^NVDA Browser Test Case \\(1419774371398249039\\)')</msg>
<msg time="2026-09-03T23:50:51.089732" level="DEBUG">No windows found matching the pattern: re.compile('^NVDA Browser Test Case \\(1419774371398249039\\)')</msg>
<msg time="2026-09-03T23:50:51.590495" level="DEBUG">Found window (HWND: 5440592) (title: NVDA Browser Test Case (1419774371398249039) - Google Chrome)</msg>
<msg time="2026-09-03T23:50:51.590594" level="INFO">Foreground window title: NVDA Browser Test Case (1419774371398249039) - Google Chrome</msg>
<msg time="2026-09-03T23:50:51.590864" level="INFO">wait_for_speech_to_finish</msg>
<msg time="2026-09-03T23:50:51.593276" level="INFO">get_next_speech_index</msg>
<msg time="2026-09-03T23:50:51.595606" level="INFO">emulateKeyPress ('NVDA+t',)</msg>
<msg time="2026-09-03T23:50:51.802342" level="INFO">wait_for_speech_to_finish {'speechStartedIndex': 3}</msg>
<msg time="2026-09-03T23:50:52.808809" level="INFO">get_speech_at_index_until_now (3,)</msg>
<msg time="2026-09-03T23:50:52.826036" level="INFO">wait_for_speech_to_finish</msg>
<msg time="2026-09-03T23:50:52.827884" level="INFO">wait_for_speech_to_finish</msg>
<msg time="2026-09-03T23:50:52.829448" level="INFO">wait_for_speech_to_finish</msg>
<msg time="2026-09-03T23:50:52.831029" level="INFO">get_next_speech_index</msg>
<msg time="2026-09-03T23:50:52.832304" level="INFO">emulateKeyPress ('nvda+tab',)</msg>
<msg time="2026-09-03T23:50:53.038744" level="INFO">wait_for_speech_to_finish {'speechStartedIndex': 7}</msg>
<msg time="2026-09-03T23:50:53.846149" level="INFO">get_speech_at_index_until_now (7,)</msg>
<msg time="2026-09-03T23:50:53.863593" level="INFO">wait_for_speech_to_finish</msg>
<msg time="2026-09-03T23:50:53.865494" level="INFO">get_next_speech_index</msg>
<msg time="2026-09-03T23:50:53.866724" level="INFO">emulateKeyPress ('alt+d',)</msg>
<msg time="2026-09-03T23:50:54.089773" level="INFO">wait_for_speech_to_finish {'speechStartedIndex': 8}</msg>
<msg time="2026-09-03T23:50:55.096627" level="INFO">get_speech_at_index_until_now (8,)</msg>
<msg time="2026-09-03T23:50:55.122390" level="INFO">wait_for_speech_to_finish</msg>
<msg time="2026-09-03T23:50:55.139229" level="INFO">get_next_speech_index</msg>
<msg time="2026-09-03T23:50:55.154833" level="INFO">emulateKeyPress ('control+F6',)</msg>
<msg time="2026-09-03T23:50:55.372318" level="INFO">wait_for_speech_to_finish {'speechStartedIndex': 11}</msg>
<msg time="2026-09-03T23:50:56.380117" level="INFO">get_speech_at_index_until_now (11,)</msg>
<msg time="2026-09-03T23:50:56.381930" level="INFO">wait_for_speech_to_finish</msg>
<msg time="2026-09-03T23:50:56.383248" level="INFO">get_next_speech_index</msg>
<msg time="2026-09-03T23:50:56.400389" level="INFO">emulateKeyPress ('upArrow',)</msg>
<msg time="2026-09-03T23:50:56.506011" level="INFO">wait_for_speech_to_finish {'speechStartedIndex': 13}</msg>
<msg time="2026-09-03T23:50:57.413277" level="INFO">get_speech_at_index_until_now (13,)</msg>
<msg time="2026-09-03T23:50:57.415199" level="INFO">wait_for_speech_to_finish</msg>
<msg time="2026-09-03T23:50:57.416739" level="INFO">get_next_speech_index</msg>
<msg time="2026-09-03T23:50:57.417939" level="INFO">emulateKeyPress ('control+home',)</msg>
<msg time="2026-09-03T23:50:57.523004" level="INFO">wait_for_speech_to_finish {'speechStartedIndex': 14}</msg>
<msg time="2026-09-03T23:50:58.445229" level="INFO">get_speech_at_index_until_now (14,)</msg>
<msg time="2026-09-03T23:50:58.467796" level="INFO">wait_for_speech_to_finish</msg>
<msg time="2026-09-03T23:50:58.469590" level="INFO">get_next_speech_index</msg>
<msg time="2026-09-03T23:50:58.470945" level="INFO">emulateKeyPress ('numpad8',)</msg>
<msg time="2026-09-03T23:50:58.576438" level="INFO">wait_for_speech_to_finish {'speechStartedIndex': 15}</msg>
<msg time="2026-09-03T23:50:59.583738" level="INFO">get_speech_at_index_until_now (15,)</msg>
<msg time="2026-09-03T23:50:59.585476" level="INFO">emulateKeyPress ('downArrow',)</msg>
<msg time="2026-09-03T23:50:59.790617" level="INFO">Slept 100 milliseconds.</msg>
<msg time="2026-09-03T23:50:59.790865" level="INFO">wait_for_speech_to_finish</msg>
<msg time="2026-09-03T23:51:00.653291" level="INFO">get_next_speech_index</msg>
<msg time="2026-09-03T23:51:00.673469" level="INFO">emulateKeyPress ('NVDA+UpArrow',)</msg>
<msg time="2026-09-03T23:51:00.780302" level="INFO">wait_for_speech_to_finish {'speechStartedIndex': 17}</msg>
<msg time="2026-09-03T23:51:01.686649" level="INFO">get_speech_at_index_until_now (17,)</msg>
<msg time="2026-09-03T23:51:01.688653" level="INFO">wait_for_speech_to_finish</msg>
<msg time="2026-09-03T23:51:01.689926" level="INFO">get_next_speech_index</msg>
<msg time="2026-09-03T23:51:01.691062" level="INFO">emulateKeyPress ('2',)</msg>
<msg time="2026-09-03T23:51:01.796401" level="INFO">wait_for_speech_to_finish {'speechStartedIndex': 18}</msg>
<msg time="2026-09-03T23:51:02.716064" level="INFO">get_speech_at_index_until_now (18,)</msg>
<msg time="2026-09-03T23:51:02.717817" level="INFO">wait_for_speech_to_finish</msg>
<msg time="2026-09-03T23:51:02.719157" level="INFO">get_next_speech_index</msg>
<msg time="2026-09-03T23:51:02.720388" level="INFO">emulateKeyPress ('2',)</msg>
<msg time="2026-09-03T23:51:02.825984" level="INFO">wait_for_speech_to_finish {'speechStartedIndex': 19}</msg>
<msg time="2026-09-03T23:51:03.750239" level="INFO">get_speech_at_index_until_now (19,)</msg>
<msg time="2026-09-03T23:51:03.752216" level="INFO">Move to first heading 2 in frame
assert speech string matches (ignore case: False):  'Example  heading  level 2'</msg>
<msg time="2026-09-03T23:51:03.752280" level="DEBUG">Argument types are:
&lt;class 'str'&gt;
&lt;class 'str'&gt;</msg>
<msg time="2026-09-03T23:51:03.752342" level="DEBUG">repr of (speech) actual vs expected (ignore_case=False):
'No previous heading at level 2'
vs
'Example  heading  level 2'</msg>
<msg time="2026-09-03T23:51:03.752537" level="FAIL">Move to first heading 2 in frame
speech Actual != Expected: No previous heading at level 2 != Example  heading  level 2</msg>
<msg time="2026-09-03T23:51:03.757304" level="DEBUG">Traceback (most recent call last):
  File "C:\Users\adm\Downloads\NVDA-2026.2-HARDENED-COMPLETE-TEST-V5\NVDA-2026.2-HARDENED-SOURCE-V5\tests\system\robot\chromeTests.py", line 2422, in test_ARIASwitchRole
    _asserts.strings_match(
    ~~~~~~~~~~~~~~~~~~~~~~^
    	actualSpeech,
     ^^^^^^^^^^^^^
    ...&lt;6 lines&gt;...
    	message="Move to first heading 2 in frame",
     ^^^^^^^^^^^^^^^^^^^^^^^^^^^^^^^^^^^^^^^^^^^
    )
    ^
  File "C:\Users\adm\Downloads\NVDA-2026.2-HARDENED-COMPLETE-TEST-V5\NVDA-2026.2-HARDENED-SOURCE-V5\tests\system\libraries\AssertsLib.py", line 26, in strings_match
    builtIn.should_be_equal_as_strings(
    ~~~~~~~~~~~~~~~~~~~~~~~~~~~~~~~~~~^
    	actual,
     ^^^^^^^
    ...&lt;2 lines&gt;...
    	ignore_case=ignore_case,
     ^^^^^^^^^^^^^^^^^^^^^^^^
    )
    ^
  File "C:\Users\adm\Downloads\NVDA-2026.2-HARDENED-COMPLETE-TEST-V5\NVDA-2026.2-HARDENED-SOURCE-V5\.venv\Lib\site-packages\robot\libraries\BuiltIn.py", line 1014, in should_be_equal_as_strings
    self._should_be_equal(first, second, msg, values, formatter)
    ~~~~~~~~~~~~~~~~~~~~~^^^^^^^^^^^^^^^^^^^^^^^^^^^^^^^^^^^^^^^
  File "C:\Users\adm\Downloads\NVDA-2026.2-HARDENED-COMPLETE-TEST-V5\NVDA-2026.2-HARDENED-SOURCE-V5\.venv\Lib\site-packages\robot\libraries\BuiltIn.py", line 706, in _should_be_equal
    assert_equal(first, second, msg, include_values, formatter)
    ~~~~~~~~~~~~^^^^^^^^^^^^^^^^^^^^^^^^^^^^^^^^^^^^^^^^^^^^^^^
  File "C:\Users\adm\Downloads\NVDA-2026.2-HARDENED-COMPLETE-TEST-V5\NVDA-2026.2-HARDENED-SOURCE-V5\.venv\Lib\site-packages\robot\utils\asserts.py", line 180, in assert_equal
    _report_inequality(first, second, "!=", msg, values, formatter)
    ~~~~~~~~~~~~~~~~~~^^^^^^^^^^^^^^^^^^^^^^^^^^^^^^^^^^^^^^^^^^^^^
  File "C:\Users\adm\Downloads\NVDA-2026.2-HARDENED-COMPLETE-TEST-V5\NVDA-2026.2-HARDENED-SOURCE-V5\.venv\Lib\site-packages\robot\utils\asserts.py", line 237, in _report_inequality
    raise AssertionError(msg)
AssertionError: Move to first heading 2 in frame
speech Actual != Expected: No previous heading at level 2 != Example  heading  level 2</msg>
<doc>Ensure that ARIA switch controls have an appropriate role and states in browse mode.</doc>
<status status="FAIL" start="2026-09-03T23:50:46.759300" elapsed="16.998078">Move to first heading 2 in frame
speech Actual != Expected: No previous heading at level 2 != Example  heading  level 2</status>
</kw>
<kw name="default teardown" type="TEARDOWN">
<kw name="Log Foreground Window Title" owner="WindowsLib">
<msg time="2026-09-03T23:51:03.758723" level="INFO">Foreground window title: NVDA Browser Test Case (1419774371398249039) - Google Chrome</msg>
<doc>Debugging helper, log the current foreground window title to the robot framework log.
See log.html.</doc>
<status status="PASS" start="2026-09-03T23:51:03.758517" elapsed="0.000283"/>
</kw>
<kw name="Create Preserved Test Output Filename" owner="NvdaLib">
<msg time="2026-09-03T23:51:03.759273" level="INFO">${screenshotName} = C:\Users\adm\Downloads\NVDA-2026.2-HARDENED-COMPLETE-TEST-V5\NVDA-2026.2-HARDENED-SOURCE-V5\testOutput\system\nvdaTestRunLogs\Robot.chromeTests-ARIA_switch_role-failedTest.png</msg>
<var>${screenshotName}</var>
<arg>failedTest.png</arg>
<doc>EG for nvda.log path will become:
${OUTPUT DIR}/nvdaTestRunLogs/${SUITE NAME}-${TEST NAME}-nvda.log</doc>
<status status="PASS" start="2026-09-03T23:51:03.758926" elapsed="0.000379"/>
</kw>
<kw name="Run Keyword If Test Failed" owner="BuiltIn">
<kw name="Take Screenshot" owner="ScreenCapLibrary">
<msg time="2026-09-03T23:51:03.930792" level="INFO" html="true">&lt;a href="nvdaTestRunLogs/Robot.chromeTests-ARIA_switch_role-failedTest.png"&gt;&lt;img src="nvdaTestRunLogs/Robot.chromeTests-ARIA_switch_role-failedTest.png" width="800px"&gt;&lt;/a&gt;</msg>
<arg>${screenShotName}</arg>
<doc>Takes a screenshot in the specified format at library import and
embeds it into the log file (PNG by default).</doc>
<status status="PASS" start="2026-09-03T23:51:03.759620" elapsed="0.171357"/>
</kw>
<arg>Take Screenshot</arg>
<arg>${screenShotName}</arg>
<doc>Runs the given keyword with the given arguments, if the test failed.</doc>
<status status="PASS" start="2026-09-03T23:51:03.759449" elapsed="0.171638"/>
</kw>
<kw name="Dump Speech To Log" owner="nvdaSpyLib">
<status status="PASS" start="2026-09-03T23:51:03.931361" elapsed="0.002719"/>
</kw>
<kw name="Dump Braille To Log" owner="nvdaSpyLib">
<status status="PASS" start="2026-09-03T23:51:03.934225" elapsed="0.024756"/>
</kw>
<kw name="Close Chrome Tab" owner="ChromeLib">
<msg time="2026-09-03T23:51:03.959506" level="INFO">Is Start process still running (True expected): True</msg>
<msg time="2026-09-03T23:51:03.959572" level="INFO">emulateKeyPress ('control+w',)</msg>
<msg time="2026-09-03T23:51:04.191818" level="INFO">Waiting for process to complete.</msg>
<msg time="2026-09-03T23:51:14.234565" level="INFO">Process did not complete in 10 seconds.</msg>
<msg time="2026-09-03T23:51:14.234699" level="INFO">Leaving process intact.</msg>
<msg time="2026-09-03T23:51:14.234757" level="INFO">Is Start process still running (False expected): True</msg>
<status status="PASS" start="2026-09-03T23:51:03.959289" elapsed="10.275558"/>
</kw>
<kw name="Quit NVDA" owner="NvdaLib">
<msg time="2026-09-03T23:51:14.235379" level="INFO">Stopping nvdaSpy server: http://127.0.0.1:8270</msg>
<msg time="2026-09-03T23:51:14.239504" level="INFO">Starting process:
C:\Users\adm\Downloads\NVDA-2026.2-HARDENED-COMPLETE-TEST-V5\NVDA-2026.2-HARDENED-SOURCE-V5\runnvda.bat -q --disable-addons</msg>
<msg time="2026-09-03T23:51:14.239567" level="DEBUG">Process configuration:
cwd:     C:\Users\adm\Downloads\NVDA-2026.2-HARDENED-COMPLETE-TEST-V5\NVDA-2026.2-HARDENED-SOURCE-V5
shell:   True
stdout:  PIPE
stderr:  PIPE
stdin:   None
alias:   None
env:     None</msg>
<msg time="2026-09-03T23:51:14.255362" level="INFO">Waiting for process to complete.</msg>
<msg time="2026-09-03T23:51:16.747274" level="INFO">Process completed.</msg>
<msg time="2026-09-03T23:51:16.747400" level="INFO">Waiting for process to complete.</msg>
<msg time="2026-09-03T23:51:16.747633" level="INFO">Process completed.</msg>
<msg time="2026-09-03T23:51:16.747696" level="INFO">Saving NVDA log</msg>
<msg time="2026-09-03T23:51:16.751491" level="INFO" html="true">Copied file from '&lt;a href="file://C:\Users\adm\AppData\Local\Temp\nvdaProfile\nvda.log"&gt;C:\Users\adm\AppData\Local\Temp\nvdaProfile\nvda.log&lt;/a&gt;' to '&lt;a href="file://C:\Users\adm\Downloads\NVDA-2026.2-HARDENED-COMPLETE-TEST-V5\NVDA-2026.2-HARDENED-SOURCE-V5\testOutput\system\nvdaTestRunLogs\Robot.chromeTests-ARIA_switch_role-nvda.log"&gt;C:\Users\adm\Downloads\NVDA-2026.2-HARDENED-COMPLETE-TEST-V5\NVDA-2026.2-HARDENED-SOURCE-V5\testOutput\system\nvdaTestRunLogs\Robot.chromeTests-ARIA_switch_role-nvda.log&lt;/a&gt;'.</msg>
<msg time="2026-09-03T23:51:16.751559" level="DEBUG">Log saved to: C:\Users\adm\Downloads\NVDA-2026.2-HARDENED-COMPLETE-TEST-V5\NVDA-2026.2-HARDENED-SOURCE-V5\testOutput\system\nvdaTestRunLogs\Robot.chromeTests-ARIA_switch_role-nvda.log</msg>
<msg time="2026-09-03T23:51:16.751598" level="INFO">No py2exe log</msg>
<msg time="2026-09-03T23:51:16.751742" level="INFO" html="true">File '&lt;a href="file://C:\Users\adm\AppData\Local\Temp\nvdaProfile\nvda_crash.dmp"&gt;C:\Users\adm\AppData\Local\Temp\nvdaProfile\nvda_crash.dmp&lt;/a&gt;' does not exist.</msg>
<msg time="2026-09-03T23:51:16.751846" level="DEBUG">Cleaning up NVDA profile</msg>
<msg time="2026-09-03T23:51:16.762308" level="INFO" html="true">Removed directory '&lt;a href="file://C:\Users\adm\AppData\Local\Temp\nvdaProfile"&gt;C:\Users\adm\AppData\Local\Temp\nvdaProfile&lt;/a&gt;'.</msg>
<status status="PASS" start="2026-09-03T23:51:14.235208" elapsed="2.527225"/>
</kw>
<status status="PASS" start="2026-09-03T23:51:03.757953" elapsed="13.004620"/>
</kw>
<doc>Test aria switch control has appropriate role and states in browse mode and when focused</doc>
<tag>browser</tag>
<tag>chrome</tag>
<tag>chrome_misc_aria</tag>
<tag>NVDA</tag>
<tag>smoke test</tag>
<status status="FAIL" start="2026-09-03T23:50:42.636180" elapsed="34.126476">Move to first heading 2 in frame
speech Actual != Expected: No previous heading at level 2 != Example  heading  level 2</status>
</test>
<doc>HTML test cases in Chrome</doc>
<status status="FAIL" start="2026-09-03T23:50:42.215409" elapsed="34.548136"/>
</suite>
<status status="FAIL" start="2026-09-03T23:50:42.178732" elapsed="34.585566"/>
</suite>
<statistics>
<total>
<stat pass="0" fail="1" skip="0">All Tests</stat>
</total>
<tag>
<stat pass="0" fail="1" skip="0">browser</stat>
<stat pass="0" fail="1" skip="0">chrome</stat>
<stat pass="0" fail="1" skip="0">chrome_misc_aria</stat>
<stat pass="0" fail="1" skip="0">NVDA</stat>
<stat pass="0" fail="1" skip="0">smoke test</stat>
</tag>
<suite>
<stat name="Robot" id="s1" pass="0" fail="1" skip="0">Robot</stat>
<stat name="chromeTests" id="s1-s1" pass="0" fail="1" skip="0">Robot.chromeTests</stat>
</suite>
</statistics>
<errors>
</errors>
</robot>
