<?xml version="1.0" encoding="UTF-8"?>
<testsuite name="Robot" tests="1" errors="0" failures="1" skipped="0" time="28.645" timestamp="2026-09-03T23:50:03.578243">
<testsuite name="chromeTests" tests="1" errors="0" failures="1" skipped="0" time="28.597" timestamp="2026-09-03T23:50:03.625407">
<testcase classname="Robot.chromeTests" name="i10890" time="28.088">
<failure message="NVDA unable to report chrome title&#10;&#10;Also teardown failed:&#10;Unable to restore Chrome test window foreground: NVDA Browser Test Case (6181654144324003502) - Google Chrome - 15533340" type="AssertionError"/>
</testcase>
<properties>
<property name="Documentation" value="HTML test cases in Chrome"/>
</properties>
</testsuite>
</testsuite>
