<?xml version="1.0" encoding="UTF-8"?>
<robot generator="Robot 7.3.2 (Python 3.13.13 on win32)" generated="2026-09-03T23:57:24.267927" rpa="false" schemaversion="5">
<suite id="s1" name="Robot" source="C:\Users\adm\Downloads\NVDA-2026.2-HARDENED-COMPLETE-TEST-V5\NVDA-2026.2-HARDENED-SOURCE-V5\tests\system\robot">
<suite id="s1-s1" name="chromeTests" source="C:\Users\adm\Downloads\NVDA-2026.2-HARDENED-COMPLETE-TEST-V5\NVDA-2026.2-HARDENED-SOURCE-V5\tests\system\robot\chromeTests.robot">
<test id="s1-s1-t1" name="ARIA switch role" line="199">
<kw name="default setup" type="SETUP">
<kw name="Log Foreground Window Title" owner="WindowsLib">
<msg time="2026-09-03T23:57:24.736741" level="INFO">Foreground window title: Administrateur : Windows PowerShell</msg>
<doc>Debugging helper, log the current foreground window title to the robot framework log.
See log.html.</doc>
<status status="PASS" start="2026-09-03T23:57:24.736469" elapsed="0.000364"/>
</kw>
<kw name="Start NVDA" owner="NvdaLib">
<msg time="2026-09-03T23:57:24.737172" level="INFO">Starting NVDA with config: standard-dontShowWelcomeDialog.ini</msg>
<msg time="2026-09-03T23:57:24.737221" level="DEBUG">Copying files into NVDA profile</msg>
<msg time="2026-09-03T23:57:24.740724" level="INFO" html="true">Copied file from '&lt;a href="file://C:\Users\adm\Downloads\NVDA-2026.2-HARDENED-COMPLETE-TEST-V5\NVDA-2026.2-HARDENED-SOURCE-V5\tests\system\nvdaSettingsFiles\standard-dontShowWelcomeDialog.ini"&gt;C:\Users\adm\Downloads\NVDA-2026.2-HARDENED-COMPLETE-TEST-V5\NVDA-2026.2-HARDENED-SOURCE-V5\tests\system\nvdaSettingsFiles\standard-dontShowWelcomeDialog.ini&lt;/a&gt;' to '&lt;a href="file://C:\Users\adm\AppData\Local\Temp\nvdaProfile\nvda.ini"&gt;C:\Users\adm\AppData\Local\Temp\nvdaProfile\nvda.ini&lt;/a&gt;'.</msg>
<msg time="2026-09-03T23:57:24.741992" level="INFO" html="true">Created directory '&lt;a href="file://C:\Users\adm\AppData\Local\Temp\nvdaProfile\scratchpad\globalPlugins\speechSpyGlobalPlugin\libs"&gt;C:\Users\adm\AppData\Local\Temp\nvdaProfile\scratchpad\globalPlugins\speechSpyGlobalPlugin\libs&lt;/a&gt;'.</msg>
<msg time="2026-09-03T23:57:24.745285" level="INFO" html="true">Copied file from '&lt;a href="file://C:\Users\adm\Downloads\NVDA-2026.2-HARDENED-COMPLETE-TEST-V5\NVDA-2026.2-HARDENED-SOURCE-V5\.venv\Lib\site-packages\robotremoteserver.py"&gt;C:\Users\adm\Downloads\NVDA-2026.2-HARDENED-COMPLETE-TEST-V5\NVDA-2026.2-HARDENED-SOURCE-V5\.venv\Lib\site-packages\robotremoteserver.py&lt;/a&gt;' to '&lt;a href="file://C:\Users\adm\AppData\Local\Temp\nvdaProfile\scratchpad\globalPlugins\speechSpyGlobalPlugin\libs\robotremoteserver.py"&gt;C:\Users\adm\AppData\Local\Temp\nvdaProfile\scratchpad\globalPlugins\speechSpyGlobalPlugin\libs\robotremoteserver.py&lt;/a&gt;'.</msg>
<msg time="2026-09-03T23:57:24.754187" level="INFO" html="true">Copied directory from '&lt;a href="file://C:\Program Files\Python313\Lib\xmlrpc"&gt;C:\Program Files\Python313\Lib\xmlrpc&lt;/a&gt;' to '&lt;a href="file://C:\Users\adm\AppData\Local\Temp\nvdaProfile\scratchpad\globalPlugins\speechSpyGlobalPlugin\libs\xmlrpc"&gt;C:\Users\adm\AppData\Local\Temp\nvdaProfile\scratchpad\globalPlugins\speechSpyGlobalPlugin\libs\xmlrpc&lt;/a&gt;'.</msg>
<msg time="2026-09-03T23:57:24.757009" level="INFO" html="true">Copied file from '&lt;a href="file://C:\Users\adm\Downloads\NVDA-2026.2-HARDENED-COMPLETE-TEST-V5\NVDA-2026.2-HARDENED-SOURCE-V5\tests\system\libraries\SystemTestSpy\speechSpyGlobalPlugin.py"&gt;C:\Users\adm\Downloads\NVDA-2026.2-HARDENED-COMPLETE-TEST-V5\NVDA-2026.2-HARDENED-SOURCE-V5\tests\system\libraries\SystemTestSpy\speechSpyGlobalPlugin.py&lt;/a&gt;' to '&lt;a href="file://C:\Users\adm\AppData\Local\Temp\nvdaProfile\scratchpad\globalPlugins\speechSpyGlobalPlugin\__init__.py"&gt;C:\Users\adm\AppData\Local\Temp\nvdaProfile\scratchpad\globalPlugins\speechSpyGlobalPlugin\__init__.py&lt;/a&gt;'.</msg>
<msg time="2026-09-03T23:57:24.759782" level="INFO" html="true">Copied file from '&lt;a href="file://C:\Users\adm\Downloads\NVDA-2026.2-HARDENED-COMPLETE-TEST-V5\NVDA-2026.2-HARDENED-SOURCE-V5\tests\system\libraries\SystemTestSpy\blockUntilConditionMet.py"&gt;C:\Users\adm\Downloads\NVDA-2026.2-HARDENED-COMPLETE-TEST-V5\NVDA-2026.2-HARDENED-SOURCE-V5\tests\system\libraries\SystemTestSpy\blockUntilConditionMet.py&lt;/a&gt;' to '&lt;a href="file://C:\Users\adm\AppData\Local\Temp\nvdaProfile\scratchpad\globalPlugins\speechSpyGlobalPlugin\blockUntilConditionMet.py"&gt;C:\Users\adm\AppData\Local\Temp\nvdaProfile\scratchpad\globalPlugins\speechSpyGlobalPlugin\blockUntilConditionMet.py&lt;/a&gt;'.</msg>
<msg time="2026-09-03T23:57:24.762702" level="INFO" html="true">Copied file from '&lt;a href="file://C:\Users\adm\Downloads\NVDA-2026.2-HARDENED-COMPLETE-TEST-V5\NVDA-2026.2-HARDENED-SOURCE-V5\tests\system\libraries\SystemTestSpy\speechSpySynthDriver.py"&gt;C:\Users\adm\Downloads\NVDA-2026.2-HARDENED-COMPLETE-TEST-V5\NVDA-2026.2-HARDENED-SOURCE-V5\tests\system\libraries\SystemTestSpy\speechSpySynthDriver.py&lt;/a&gt;' to '&lt;a href="file://C:\Users\adm\AppData\Local\Temp\nvdaProfile\scratchpad\synthDrivers\speechSpySynthDriver.py"&gt;C:\Users\adm\AppData\Local\Temp\nvdaProfile\scratchpad\synthDrivers\speechSpySynthDriver.py&lt;/a&gt;'.</msg>
<msg time="2026-09-03T23:57:24.762785" level="DEBUG">Config copied</msg>
<msg time="2026-09-03T23:57:24.762898" level="INFO" html="true">File '&lt;a href="file://C:\Users\adm\Downloads\NVDA-2026.2-HARDENED-COMPLETE-TEST-V5\NVDA-2026.2-HARDENED-SOURCE-V5\runnvda.bat"&gt;C:\Users\adm\Downloads\NVDA-2026.2-HARDENED-COMPLETE-TEST-V5\NVDA-2026.2-HARDENED-SOURCE-V5\runnvda.bat&lt;/a&gt;' exists.</msg>
<msg time="2026-09-03T23:57:24.762977" level="INFO" html="true">Directory '&lt;a href="file://C:\Users\adm\AppData\Local\Temp\nvdaProfile"&gt;C:\Users\adm\AppData\Local\Temp\nvdaProfile&lt;/a&gt;' already exists.</msg>
<msg time="2026-09-03T23:57:24.763341" level="INFO" html="true">Created directory '&lt;a href="file://C:\Users\adm\Downloads\NVDA-2026.2-HARDENED-COMPLETE-TEST-V5\NVDA-2026.2-HARDENED-SOURCE-V5\testOutput\system\nvdaTestRunLogs"&gt;C:\Users\adm\Downloads\NVDA-2026.2-HARDENED-COMPLETE-TEST-V5\NVDA-2026.2-HARDENED-SOURCE-V5\testOutput\system\nvdaTestRunLogs&lt;/a&gt;'.</msg>
<msg time="2026-09-03T23:57:24.764780" level="INFO">Starting process:
C:\Users\adm\Downloads\NVDA-2026.2-HARDENED-COMPLETE-TEST-V5\NVDA-2026.2-HARDENED-SOURCE-V5\runnvda.bat --debug-logging -r -c "C:\Users\adm\AppData\Local\Temp\nvdaProfile" --log-file "C:\Users\adm\AppData\Local\Temp\nvdaProfile\nvda.log"</msg>
<msg time="2026-09-03T23:57:24.764866" level="DEBUG">Process configuration:
cwd:     C:\Users\adm\Downloads\NVDA-2026.2-HARDENED-COMPLETE-TEST-V5\NVDA-2026.2-HARDENED-SOURCE-V5
shell:   True
stdout:  C:\Users\adm\Downloads\NVDA-2026.2-HARDENED-COMPLETE-TEST-V5\NVDA-2026.2-HARDENED-SOURCE-V5\testOutput\system\nvdaTestRunLogs\Robot.chromeTests-ARIA_switch_role-stdout.txt
stderr:  C:\Users\adm\Downloads\NVDA-2026.2-HARDENED-COMPLETE-TEST-V5\NVDA-2026.2-HARDENED-SOURCE-V5\testOutput\system\nvdaTestRunLogs\Robot.chromeTests-ARIA_switch_role-stderr.txt
stdin:   None
alias:   nvdaAlias
env:     None</msg>
<msg time="2026-09-03T23:57:24.779357" level="DEBUG">Started NVDA process</msg>
<msg time="2026-09-03T23:57:24.779518" level="DEBUG">Waiting for nvdaSpyLib to be available at: http://127.0.0.1:8270</msg>
<msg time="2026-09-03T23:57:28.864047" level="DEBUG">Connecting to nvdaSpyLib</msg>
<msg time="2026-09-03T23:57:29.417933" level="DEBUG">Getting nvdaSpyLib library instance</msg>
<msg time="2026-09-03T23:57:29.420673" level="INFO">init_max_keyword_duration {'maxSeconds': 30}</msg>
<msg time="2026-09-03T23:57:29.422416" level="DEBUG">Connected to RF remote server</msg>
<msg time="2026-09-03T23:57:29.422467" level="INFO">wait_for_NVDA_startup_to_complete</msg>
<msg time="2026-09-03T23:57:29.423790" level="DEBUG">Startup complete</msg>
<arg>standard-dontShowWelcomeDialog.ini</arg>
<status status="PASS" start="2026-09-03T23:57:24.736987" elapsed="4.686901"/>
</kw>
<kw name="Log Foreground Window Title" owner="WindowsLib">
<msg time="2026-09-03T23:57:29.424357" level="INFO">Foreground window title: Administrateur : Windows PowerShell</msg>
<doc>Debugging helper, log the current foreground window title to the robot framework log.
See log.html.</doc>
<status status="PASS" start="2026-09-03T23:57:29.424180" elapsed="0.000574"/>
</kw>
<kw name="Enable Verbose Debug Logging If Requested" owner="NvdaLib">
<status status="PASS" start="2026-09-03T23:57:29.424881" elapsed="0.001064"/>
</kw>
<status status="PASS" start="2026-09-03T23:57:24.735559" elapsed="4.690474"/>
</kw>
<kw name="Test ARIASwitchRole" owner="chromeTests">
<msg time="2026-09-03T23:57:29.427077" level="INFO">wait_for_speech_to_finish</msg>
<msg time="2026-09-03T23:57:29.630195" level="INFO">starting chrome: C:\Users\adm\AppData\Local\Temp\tmp8ziminqu\test.html</msg>
<msg time="2026-09-03T23:57:29.630345" level="INFO">Starting process:
start /wait chrome --no-first-run --force-renderer-accessibility --ash-no-nudges --browser-test --disable-default-apps --keep-alive-for-test --suppress-message-center-popups --disable-notifications --no-experiments --no-default-browser-check --lang=en-US --disable-session-crashed-bubble "C:\Users\adm\AppData\Local\Temp\tmp8ziminqu\test.html"</msg>
<msg time="2026-09-03T23:57:29.630395" level="DEBUG">Process configuration:
cwd:     C:\Users\adm\Downloads\NVDA-2026.2-HARDENED-COMPLETE-TEST-V5\NVDA-2026.2-HARDENED-SOURCE-V5
shell:   True
stdout:  PIPE
stderr:  PIPE
stdin:   None
alias:   chromeStartAlias
env:     None</msg>
<msg time="2026-09-03T23:57:29.648571" level="DEBUG">No windows found matching the pattern: re.compile('^NVDA Browser Test Case \\(1485824803715332226\\)')</msg>
<msg time="2026-09-03T23:57:30.147954" level="DEBUG">No windows found matching the pattern: re.compile('^NVDA Browser Test Case \\(1485824803715332226\\)')</msg>
<msg time="2026-09-03T23:57:30.648271" level="DEBUG">Found window (HWND: 16517264) (title: NVDA Browser Test Case (1485824803715332226) - Google Chrome)</msg>
<msg time="2026-09-03T23:57:30.648436" level="INFO">Foreground window title: Restore pages?</msg>
<msg time="2026-09-03T23:57:30.648779" level="WARN">Chrome foreground recovery: NVDA Browser Test Case (1485824803715332226) - Google Chrome - 16517264</msg>
<msg time="2026-09-03T23:57:30.649057" level="DEBUG">Focusing window to (HWND: 16517264) (title: NVDA Browser Test Case (1485824803715332226) - Google Chrome)</msg>
<msg time="2026-09-03T23:57:31.149580" level="INFO">Slept 500 milliseconds.</msg>
<msg time="2026-09-03T23:57:31.650026" level="INFO">Slept 500 milliseconds.</msg>
<msg time="2026-09-03T23:57:31.650202" level="INFO">wait_for_speech_to_finish</msg>
<msg time="2026-09-03T23:57:31.965305" level="INFO">get_next_speech_index</msg>
<msg time="2026-09-03T23:57:31.989622" level="INFO">emulateKeyPress ('NVDA+t',)</msg>
<msg time="2026-09-03T23:57:32.096348" level="INFO">wait_for_speech_to_finish {'speechStartedIndex': 8}</msg>
<msg time="2026-09-03T23:57:33.002073" level="INFO">get_speech_at_index_until_now (8,)</msg>
<msg time="2026-09-03T23:57:33.004368" level="INFO">wait_for_speech_to_finish</msg>
<msg time="2026-09-03T23:57:33.022226" level="DEBUG">Looking for window: re.compile('NVDA Browser Test Case .1485824803715332226.')</msg>
<msg time="2026-09-03T23:57:33.022367" level="INFO">get_next_speech_index</msg>
<msg time="2026-09-03T23:57:33.037707" level="INFO">emulateKeyPress ('control+alt+tab',)</msg>
<msg time="2026-09-03T23:57:33.172842" level="INFO">wait_for_specific_speech_no_raise ('row 1',) {'afterIndex': 8, 'maxWaitSeconds': 5, 'intervalBetweenSeconds': 0.3}</msg>
<msg time="2026-09-03T23:57:33.476433" level="DEBUG">indexOfSpeech 'row 1': 11</msg>
<msg time="2026-09-03T23:57:33.476612" level="INFO">wait_for_speech_to_finish {'speechStartedIndex': 9}</msg>
<msg time="2026-09-03T23:57:34.299603" level="INFO">get_speech_at_index_until_now (9,)</msg>
<msg time="2026-09-03T23:57:34.301383" level="DEBUG">Open task switch speech: 'Changement de tâche  window
Applications en cours d’exécution  list
Administrateur : Windows Power Shell  row 1  column 2  2 of 4'</msg>
<msg time="2026-09-03T23:57:34.301729" level="INFO">get_next_speech_index</msg>
<msg time="2026-09-03T23:57:34.316372" level="INFO">emulateKeyPress ('rightArrow',)</msg>
<msg time="2026-09-03T23:57:34.422660" level="INFO">wait_for_speech_to_finish {'speechStartedIndex': 12}</msg>
<msg time="2026-09-03T23:57:35.429603" level="INFO">get_speech_at_index_until_now (12,)</msg>
<msg time="2026-09-03T23:57:35.431327" level="DEBUG">next window: 'Chat GPT Classic  column 3  3 of 4'</msg>
<msg time="2026-09-03T23:57:35.431385" level="INFO">get_next_speech_index</msg>
<msg time="2026-09-03T23:57:35.432584" level="INFO">emulateKeyPress ('rightArrow',)</msg>
<msg time="2026-09-03T23:57:35.537467" level="INFO">wait_for_speech_to_finish {'speechStartedIndex': 13}</msg>
<msg time="2026-09-03T23:57:36.567276" level="INFO">get_speech_at_index_until_now (13,)</msg>
<msg time="2026-09-03T23:57:36.569190" level="DEBUG">next window: 'Téléchargements : Explorateur de fichiers  column 4  4 of 4'</msg>
<msg time="2026-09-03T23:57:36.569245" level="INFO">get_next_speech_index</msg>
<msg time="2026-09-03T23:57:36.594120" level="INFO">emulateKeyPress ('rightArrow',)</msg>
<msg time="2026-09-03T23:57:36.714820" level="INFO">wait_for_speech_to_finish {'speechStartedIndex': 14}</msg>
<msg time="2026-09-03T23:57:37.722271" level="INFO">get_speech_at_index_until_now (14,)</msg>
<msg time="2026-09-03T23:57:37.724289" level="DEBUG">next window: 'NVDA Browser Test Case (1485824803715332226) - Google Chrome  column 1  1 of 4'</msg>
<msg time="2026-09-03T23:57:37.724340" level="DEBUG">Found target window at item 3</msg>
<msg time="2026-09-03T23:57:37.724369" level="DEBUG">Found, attempting to select.</msg>
<msg time="2026-09-03T23:57:37.724396" level="INFO">get_next_speech_index</msg>
<msg time="2026-09-03T23:57:37.725529" level="INFO">emulateKeyPress ('enter',)</msg>
<msg time="2026-09-03T23:57:37.931138" level="INFO">wait_for_speech_to_finish {'speechStartedIndex': 15, 'errorMessage': None}</msg>
<msg time="2026-09-03T23:57:38.939031" level="INFO">Foreground window title: NVDA Browser Test Case (1485824803715332226) - Google Chrome</msg>
<msg time="2026-09-03T23:57:39.439734" level="INFO">Slept 500 milliseconds.</msg>
<msg time="2026-09-03T23:57:39.440006" level="INFO">wait_for_speech_to_finish</msg>
<msg time="2026-09-03T23:57:39.442684" level="INFO">get_next_speech_index</msg>
<msg time="2026-09-03T23:57:39.443897" level="INFO">emulateKeyPress ('NVDA+t',)</msg>
<msg time="2026-09-03T23:57:39.549055" level="INFO">wait_for_speech_to_finish {'speechStartedIndex': 18}</msg>
<msg time="2026-09-03T23:57:40.454295" level="INFO">get_speech_at_index_until_now (18,)</msg>
<msg time="2026-09-03T23:57:40.456123" level="INFO">wait_for_speech_to_finish</msg>
<msg time="2026-09-03T23:57:40.457501" level="INFO">wait_for_speech_to_finish</msg>
<msg time="2026-09-03T23:57:40.458811" level="INFO">wait_for_speech_to_finish</msg>
<msg time="2026-09-03T23:57:40.476629" level="INFO">get_next_speech_index</msg>
<msg time="2026-09-03T23:57:40.491633" level="INFO">emulateKeyPress ('nvda+tab',)</msg>
<msg time="2026-09-03T23:57:40.611461" level="INFO">wait_for_speech_to_finish {'speechStartedIndex': 19}</msg>
<msg time="2026-09-03T23:57:41.518751" level="INFO">get_speech_at_index_until_now (19,)</msg>
<msg time="2026-09-03T23:57:41.520650" level="INFO">wait_for_speech_to_finish</msg>
<msg time="2026-09-03T23:57:41.521940" level="INFO">get_next_speech_index</msg>
<msg time="2026-09-03T23:57:41.523096" level="INFO">emulateKeyPress ('alt+d',)</msg>
<msg time="2026-09-03T23:57:41.842751" level="INFO">wait_for_speech_to_finish {'speechStartedIndex': 20}</msg>
<msg time="2026-09-03T23:57:42.767058" level="INFO">get_speech_at_index_until_now (20,)</msg>
<msg time="2026-09-03T23:57:42.769207" level="INFO">wait_for_speech_to_finish</msg>
<msg time="2026-09-03T23:57:42.770521" level="INFO">get_next_speech_index</msg>
<msg time="2026-09-03T23:57:42.771656" level="INFO">emulateKeyPress ('control+F6',)</msg>
<msg time="2026-09-03T23:57:42.991027" level="INFO">wait_for_speech_to_finish {'speechStartedIndex': 23}</msg>
<msg time="2026-09-03T23:57:43.997587" level="INFO">get_speech_at_index_until_now (23,)</msg>
<msg time="2026-09-03T23:57:43.999295" level="INFO">wait_for_speech_to_finish</msg>
<msg time="2026-09-03T23:57:44.000584" level="INFO">get_next_speech_index</msg>
<msg time="2026-09-03T23:57:44.001739" level="INFO">emulateKeyPress ('upArrow',)</msg>
<msg time="2026-09-03T23:57:44.123752" level="INFO">wait_for_speech_to_finish {'speechStartedIndex': 25}</msg>
<msg time="2026-09-03T23:57:45.050323" level="INFO">get_speech_at_index_until_now (25,)</msg>
<msg time="2026-09-03T23:57:45.052139" level="INFO">wait_for_speech_to_finish</msg>
<msg time="2026-09-03T23:57:45.053443" level="INFO">get_next_speech_index</msg>
<msg time="2026-09-03T23:57:45.054593" level="INFO">emulateKeyPress ('control+home',)</msg>
<msg time="2026-09-03T23:57:45.176363" level="INFO">wait_for_speech_to_finish {'speechStartedIndex': 26}</msg>
<msg time="2026-09-03T23:57:46.083185" level="INFO">get_speech_at_index_until_now (26,)</msg>
<msg time="2026-09-03T23:57:46.085025" level="INFO">wait_for_speech_to_finish</msg>
<msg time="2026-09-03T23:57:46.104912" level="INFO">get_next_speech_index</msg>
<msg time="2026-09-03T23:57:46.106492" level="INFO">emulateKeyPress ('numpad8',)</msg>
<msg time="2026-09-03T23:57:46.211735" level="INFO">wait_for_speech_to_finish {'speechStartedIndex': 27}</msg>
<msg time="2026-09-03T23:57:47.218714" level="INFO">get_speech_at_index_until_now (27,)</msg>
<msg time="2026-09-03T23:57:47.229324" level="INFO">emulateKeyPress ('downArrow',)</msg>
<msg time="2026-09-03T23:57:47.449611" level="INFO">Slept 100 milliseconds.</msg>
<msg time="2026-09-03T23:57:47.449864" level="INFO">wait_for_speech_to_finish</msg>
<msg time="2026-09-03T23:57:48.256330" level="INFO">get_next_speech_index</msg>
<msg time="2026-09-03T23:57:48.258174" level="INFO">emulateKeyPress ('NVDA+UpArrow',)</msg>
<msg time="2026-09-03T23:57:48.387514" level="INFO">wait_for_speech_to_finish {'speechStartedIndex': 29}</msg>
<msg time="2026-09-03T23:57:49.293318" level="INFO">get_speech_at_index_until_now (29,)</msg>
<msg time="2026-09-03T23:57:49.320388" level="INFO">wait_for_speech_to_finish</msg>
<msg time="2026-09-03T23:57:49.336818" level="INFO">get_next_speech_index</msg>
<msg time="2026-09-03T23:57:49.338340" level="INFO">emulateKeyPress ('h',)</msg>
<msg time="2026-09-03T23:57:49.458398" level="INFO">wait_for_speech_to_finish {'speechStartedIndex': 30}</msg>
<msg time="2026-09-03T23:57:50.364823" level="INFO">get_speech_at_index_until_now (30,)</msg>
<msg time="2026-09-03T23:57:50.366494" level="INFO">wait_for_speech_to_finish</msg>
<msg time="2026-09-03T23:57:50.391051" level="INFO">get_next_speech_index</msg>
<msg time="2026-09-03T23:57:50.406726" level="INFO">emulateKeyPress ('h',)</msg>
<msg time="2026-09-03T23:57:50.526437" level="INFO">wait_for_speech_to_finish {'speechStartedIndex': 31}</msg>
<msg time="2026-09-03T23:57:51.432240" level="INFO">get_speech_at_index_until_now (31,)</msg>
<msg time="2026-09-03T23:57:51.455234" level="INFO">Move to first heading 2 in frame
assert speech string matches (ignore case: False):  'Example  heading  level 2'</msg>
<msg time="2026-09-03T23:57:51.455353" level="DEBUG">Argument types are:
&lt;class 'str'&gt;
&lt;class 'str'&gt;</msg>
<msg time="2026-09-03T23:57:51.455417" level="DEBUG">repr of (speech) actual vs expected (ignore_case=False):
'About This Example  heading  level 2'
vs
'Example  heading  level 2'</msg>
<msg time="2026-09-03T23:57:51.455628" level="FAIL">Move to first heading 2 in frame
speech Actual != Expected: About This Example  heading  level 2 != Example  heading  level 2</msg>
<msg time="2026-09-03T23:57:51.460751" level="DEBUG">Traceback (most recent call last):
  File "C:\Users\adm\Downloads\NVDA-2026.2-HARDENED-COMPLETE-TEST-V5\NVDA-2026.2-HARDENED-SOURCE-V5\tests\system\robot\chromeTests.py", line 2435, in test_ARIASwitchRole
    _asserts.strings_match(
    ~~~~~~~~~~~~~~~~~~~~~~^
    	actualSpeech,
     ^^^^^^^^^^^^^
    ...&lt;6 lines&gt;...
    	message="Move to first heading 2 in frame",
     ^^^^^^^^^^^^^^^^^^^^^^^^^^^^^^^^^^^^^^^^^^^
    )
    ^
  File "C:\Users\adm\Downloads\NVDA-2026.2-HARDENED-COMPLETE-TEST-V5\NVDA-2026.2-HARDENED-SOURCE-V5\tests\system\libraries\AssertsLib.py", line 26, in strings_match
    builtIn.should_be_equal_as_strings(
    ~~~~~~~~~~~~~~~~~~~~~~~~~~~~~~~~~~^
    	actual,
     ^^^^^^^
    ...&lt;2 lines&gt;...
    	ignore_case=ignore_case,
     ^^^^^^^^^^^^^^^^^^^^^^^^
    )
    ^
  File "C:\Users\adm\Downloads\NVDA-2026.2-HARDENED-COMPLETE-TEST-V5\NVDA-2026.2-HARDENED-SOURCE-V5\.venv\Lib\site-packages\robot\libraries\BuiltIn.py", line 1014, in should_be_equal_as_strings
    self._should_be_equal(first, second, msg, values, formatter)
    ~~~~~~~~~~~~~~~~~~~~~^^^^^^^^^^^^^^^^^^^^^^^^^^^^^^^^^^^^^^^
  File "C:\Users\adm\Downloads\NVDA-2026.2-HARDENED-COMPLETE-TEST-V5\NVDA-2026.2-HARDENED-SOURCE-V5\.venv\Lib\site-packages\robot\libraries\BuiltIn.py", line 706, in _should_be_equal
    assert_equal(first, second, msg, include_values, formatter)
    ~~~~~~~~~~~~^^^^^^^^^^^^^^^^^^^^^^^^^^^^^^^^^^^^^^^^^^^^^^^
  File "C:\Users\adm\Downloads\NVDA-2026.2-HARDENED-COMPLETE-TEST-V5\NVDA-2026.2-HARDENED-SOURCE-V5\.venv\Lib\site-packages\robot\utils\asserts.py", line 180, in assert_equal
    _report_inequality(first, second, "!=", msg, values, formatter)
    ~~~~~~~~~~~~~~~~~~^^^^^^^^^^^^^^^^^^^^^^^^^^^^^^^^^^^^^^^^^^^^^
  File "C:\Users\adm\Downloads\NVDA-2026.2-HARDENED-COMPLETE-TEST-V5\NVDA-2026.2-HARDENED-SOURCE-V5\.venv\Lib\site-packages\robot\utils\asserts.py", line 237, in _report_inequality
    raise AssertionError(msg)
AssertionError: Move to first heading 2 in frame
speech Actual != Expected: About This Example  heading  level 2 != Example  heading  level 2</msg>
<doc>Ensure that ARIA switch controls have an appropriate role and states in browse mode.</doc>
<status status="FAIL" start="2026-09-03T23:57:29.426182" elapsed="22.034687">Move to first heading 2 in frame
speech Actual != Expected: About This Example  heading  level 2 != Example  heading  level 2</status>
</kw>
<kw name="default teardown" type="TEARDOWN">
<kw name="Log Foreground Window Title" owner="WindowsLib">
<msg time="2026-09-03T23:57:51.462372" level="INFO">Foreground window title: NVDA Browser Test Case (1485824803715332226) - Google Chrome</msg>
<doc>Debugging helper, log the current foreground window title to the robot framework log.
See log.html.</doc>
<status status="PASS" start="2026-09-03T23:57:51.462244" elapsed="0.000189"/>
</kw>
<kw name="Create Preserved Test Output Filename" owner="NvdaLib">
<msg time="2026-09-03T23:57:51.462883" level="INFO">${screenshotName} = C:\Users\adm\Downloads\NVDA-2026.2-HARDENED-COMPLETE-TEST-V5\NVDA-2026.2-HARDENED-SOURCE-V5\testOutput\system\nvdaTestRunLogs\Robot.chromeTests-ARIA_switch_role-failedTest.png</msg>
<var>${screenshotName}</var>
<arg>failedTest.png</arg>
<doc>EG for nvda.log path will become:
${OUTPUT DIR}/nvdaTestRunLogs/${SUITE NAME}-${TEST NAME}-nvda.log</doc>
<status status="PASS" start="2026-09-03T23:57:51.462561" elapsed="0.000354"/>
</kw>
<kw name="Run Keyword If Test Failed" owner="BuiltIn">
<kw name="Take Screenshot" owner="ScreenCapLibrary">
<msg time="2026-09-03T23:57:51.632174" level="INFO" html="true">&lt;a href="nvdaTestRunLogs/Robot.chromeTests-ARIA_switch_role-failedTest.png"&gt;&lt;img src="nvdaTestRunLogs/Robot.chromeTests-ARIA_switch_role-failedTest.png" width="800px"&gt;&lt;/a&gt;</msg>
<arg>${screenShotName}</arg>
<doc>Takes a screenshot in the specified format at library import and
embeds it into the log file (PNG by default).</doc>
<status status="PASS" start="2026-09-03T23:57:51.463250" elapsed="0.169114"/>
</kw>
<arg>Take Screenshot</arg>
<arg>${screenShotName}</arg>
<doc>Runs the given keyword with the given arguments, if the test failed.</doc>
<status status="PASS" start="2026-09-03T23:57:51.463063" elapsed="0.169398"/>
</kw>
<kw name="Dump Speech To Log" owner="nvdaSpyLib">
<status status="PASS" start="2026-09-03T23:57:51.632706" elapsed="0.027751"/>
</kw>
<kw name="Dump Braille To Log" owner="nvdaSpyLib">
<status status="PASS" start="2026-09-03T23:57:51.660760" elapsed="0.001958"/>
</kw>
<kw name="Close Chrome Tab" owner="ChromeLib">
<msg time="2026-09-03T23:57:51.663092" level="INFO">Is Start process still running (True expected): True</msg>
<msg time="2026-09-03T23:57:51.663169" level="INFO">emulateKeyPress ('control+w',)</msg>
<msg time="2026-09-03T23:57:51.993539" level="INFO">Waiting for process to complete.</msg>
<msg time="2026-09-03T23:58:02.036834" level="INFO">Process did not complete in 10 seconds.</msg>
<msg time="2026-09-03T23:58:02.036970" level="INFO">Leaving process intact.</msg>
<msg time="2026-09-03T23:58:02.037029" level="INFO">Is Start process still running (False expected): True</msg>
<status status="PASS" start="2026-09-03T23:57:51.662897" elapsed="10.374222"/>
</kw>
<kw name="Quit NVDA" owner="NvdaLib">
<msg time="2026-09-03T23:58:02.037531" level="INFO">Stopping nvdaSpy server: http://127.0.0.1:8270</msg>
<msg time="2026-09-03T23:58:02.041589" level="INFO">Starting process:
C:\Users\adm\Downloads\NVDA-2026.2-HARDENED-COMPLETE-TEST-V5\NVDA-2026.2-HARDENED-SOURCE-V5\runnvda.bat -q --disable-addons</msg>
<msg time="2026-09-03T23:58:02.041655" level="DEBUG">Process configuration:
cwd:     C:\Users\adm\Downloads\NVDA-2026.2-HARDENED-COMPLETE-TEST-V5\NVDA-2026.2-HARDENED-SOURCE-V5
shell:   True
stdout:  PIPE
stderr:  PIPE
stdin:   None
alias:   None
env:     None</msg>
<msg time="2026-09-03T23:58:02.056956" level="INFO">Waiting for process to complete.</msg>
<msg time="2026-09-03T23:58:04.647257" level="INFO">Process completed.</msg>
<msg time="2026-09-03T23:58:04.647393" level="INFO">Waiting for process to complete.</msg>
<msg time="2026-09-03T23:58:04.647640" level="INFO">Process completed.</msg>
<msg time="2026-09-03T23:58:04.647700" level="INFO">Saving NVDA log</msg>
<msg time="2026-09-03T23:58:04.651177" level="INFO" html="true">Copied file from '&lt;a href="file://C:\Users\adm\AppData\Local\Temp\nvdaProfile\nvda.log"&gt;C:\Users\adm\AppData\Local\Temp\nvdaProfile\nvda.log&lt;/a&gt;' to '&lt;a href="file://C:\Users\adm\Downloads\NVDA-2026.2-HARDENED-COMPLETE-TEST-V5\NVDA-2026.2-HARDENED-SOURCE-V5\testOutput\system\nvdaTestRunLogs\Robot.chromeTests-ARIA_switch_role-nvda.log"&gt;C:\Users\adm\Downloads\NVDA-2026.2-HARDENED-COMPLETE-TEST-V5\NVDA-2026.2-HARDENED-SOURCE-V5\testOutput\system\nvdaTestRunLogs\Robot.chromeTests-ARIA_switch_role-nvda.log&lt;/a&gt;'.</msg>
<msg time="2026-09-03T23:58:04.651265" level="DEBUG">Log saved to: C:\Users\adm\Downloads\NVDA-2026.2-HARDENED-COMPLETE-TEST-V5\NVDA-2026.2-HARDENED-SOURCE-V5\testOutput\system\nvdaTestRunLogs\Robot.chromeTests-ARIA_switch_role-nvda.log</msg>
<msg time="2026-09-03T23:58:04.651320" level="INFO">No py2exe log</msg>
<msg time="2026-09-03T23:58:04.651503" level="INFO" html="true">File '&lt;a href="file://C:\Users\adm\AppData\Local\Temp\nvdaProfile\nvda_crash.dmp"&gt;C:\Users\adm\AppData\Local\Temp\nvdaProfile\nvda_crash.dmp&lt;/a&gt;' does not exist.</msg>
<msg time="2026-09-03T23:58:04.651580" level="DEBUG">Cleaning up NVDA profile</msg>
<msg time="2026-09-03T23:58:04.662134" level="INFO" html="true">Removed directory '&lt;a href="file://C:\Users\adm\AppData\Local\Temp\nvdaProfile"&gt;C:\Users\adm\AppData\Local\Temp\nvdaProfile&lt;/a&gt;'.</msg>
<status status="PASS" start="2026-09-03T23:58:02.037374" elapsed="2.624886"/>
</kw>
<status status="PASS" start="2026-09-03T23:57:51.461781" elapsed="13.200615"/>
</kw>
<doc>Test aria switch control has appropriate role and states in browse mode and when focused</doc>
<tag>browser</tag>
<tag>chrome</tag>
<tag>chrome_misc_aria</tag>
<tag>NVDA</tag>
<tag>smoke test</tag>
<status status="FAIL" start="2026-09-03T23:57:24.734330" elapsed="39.928151">Move to first heading 2 in frame
speech Actual != Expected: About This Example  heading  level 2 != Example  heading  level 2</status>
</test>
<doc>HTML test cases in Chrome</doc>
<status status="FAIL" start="2026-09-03T23:57:24.306336" elapsed="40.356959"/>
</suite>
<status status="FAIL" start="2026-09-03T23:57:24.270497" elapsed="40.393458"/>
</suite>
<statistics>
<total>
<stat pass="0" fail="1" skip="0">All Tests</stat>
</total>
<tag>
<stat pass="0" fail="1" skip="0">browser</stat>
<stat pass="0" fail="1" skip="0">chrome</stat>
<stat pass="0" fail="1" skip="0">chrome_misc_aria</stat>
<stat pass="0" fail="1" skip="0">NVDA</stat>
<stat pass="0" fail="1" skip="0">smoke test</stat>
</tag>
<suite>
<stat name="Robot" id="s1" pass="0" fail="1" skip="0">Robot</stat>
<stat name="chromeTests" id="s1-s1" pass="0" fail="1" skip="0">Robot.chromeTests</stat>
</suite>
</statistics>
<errors>
<msg time="2026-09-03T23:57:30.648779" level="WARN">Chrome foreground recovery: NVDA Browser Test Case (1485824803715332226) - Google Chrome - 16517264</msg>
</errors>
</robot>
