<?xml version="1.0" encoding="UTF-8"?>
<testsuite name="Robot" tests="1" errors="0" failures="1" skipped="0" time="15.572" timestamp="2026-09-03T22:18:07.130052">
<testsuite name="vscodeTests" tests="1" errors="0" failures="1" skipped="0" time="15.552" timestamp="2026-09-03T22:18:07.149569">
<testcase classname="Robot.vscodeTests" name="extensions panel" time="15.343">
<failure message="'349 extensions found in the Marketplace section.' does not contain 'Microsoft'" type="AssertionError"/>
</testcase>
<properties>
<property name="Documentation" value="Visual Studio Code tests"/>
</properties>
</testsuite>
</testsuite>
