<?xml version="1.0" encoding="UTF-8"?>
<robot generator="Robot 7.3.2 (Python 3.13.13 on win32)" generated="2026-09-03T19:34:04.189846" rpa="false" schemaversion="5">
<suite id="s1" name="Robot" source="C:\Users\adm\Downloads\NVDA-2026.2-HARDENED-COMPLETE-TEST-V5\NVDA-2026.2-HARDENED-SOURCE-V5\tests\system\robot">
<suite id="s1-s1" name="symbolPronunciationTests" source="C:\Users\adm\Downloads\NVDA-2026.2-HARDENED-COMPLETE-TEST-V5\NVDA-2026.2-HARDENED-SOURCE-V5\tests\system\robot\symbolPronunciationTests.robot">
<test id="s1-s1-t1" name="symbolInSpeechUI" line="35">
<kw name="default setup" type="SETUP">
<kw name="Log Foreground Window Title" owner="WindowsLib">
<msg time="2026-09-03T19:34:04.784877" level="INFO">Foreground window title: Administrateur : Windows PowerShell</msg>
<doc>Debugging helper, log the current foreground window title to the robot framework log.
See log.html.</doc>
<status status="PASS" start="2026-09-03T19:34:04.784530" elapsed="0.000471"/>
</kw>
<kw name="Start NVDA" owner="NvdaLib">
<msg time="2026-09-03T19:34:04.785432" level="INFO">Starting NVDA with config: standard-dontShowWelcomeDialog.ini</msg>
<msg time="2026-09-03T19:34:04.785490" level="DEBUG">Copying files into NVDA profile</msg>
<msg time="2026-09-03T19:34:04.789966" level="INFO" html="true">Copied file from '&lt;a href="file://C:\Users\adm\Downloads\NVDA-2026.2-HARDENED-COMPLETE-TEST-V5\NVDA-2026.2-HARDENED-SOURCE-V5\tests\system\nvdaSettingsFiles\standard-dontShowWelcomeDialog.ini"&gt;C:\Users\adm\Downloads\NVDA-2026.2-HARDENED-COMPLETE-TEST-V5\NVDA-2026.2-HARDENED-SOURCE-V5\tests\system\nvdaSettingsFiles\standard-dontShowWelcomeDialog.ini&lt;/a&gt;' to '&lt;a href="file://C:\Users\adm\AppData\Local\Temp\nvdaProfile\nvda.ini"&gt;C:\Users\adm\AppData\Local\Temp\nvdaProfile\nvda.ini&lt;/a&gt;'.</msg>
<msg time="2026-09-03T19:34:04.791663" level="INFO" html="true">Created directory '&lt;a href="file://C:\Users\adm\AppData\Local\Temp\nvdaProfile\scratchpad\globalPlugins\speechSpyGlobalPlugin\libs"&gt;C:\Users\adm\AppData\Local\Temp\nvdaProfile\scratchpad\globalPlugins\speechSpyGlobalPlugin\libs&lt;/a&gt;'.</msg>
<msg time="2026-09-03T19:34:04.796108" level="INFO" html="true">Copied file from '&lt;a href="file://C:\Users\adm\Downloads\NVDA-2026.2-HARDENED-COMPLETE-TEST-V5\NVDA-2026.2-HARDENED-SOURCE-V5\.venv\Lib\site-packages\robotremoteserver.py"&gt;C:\Users\adm\Downloads\NVDA-2026.2-HARDENED-COMPLETE-TEST-V5\NVDA-2026.2-HARDENED-SOURCE-V5\.venv\Lib\site-packages\robotremoteserver.py&lt;/a&gt;' to '&lt;a href="file://C:\Users\adm\AppData\Local\Temp\nvdaProfile\scratchpad\globalPlugins\speechSpyGlobalPlugin\libs\robotremoteserver.py"&gt;C:\Users\adm\AppData\Local\Temp\nvdaProfile\scratchpad\globalPlugins\speechSpyGlobalPlugin\libs\robotremoteserver.py&lt;/a&gt;'.</msg>
<msg time="2026-09-03T19:34:04.808162" level="INFO" html="true">Copied directory from '&lt;a href="file://C:\Program Files\Python313\Lib\xmlrpc"&gt;C:\Program Files\Python313\Lib\xmlrpc&lt;/a&gt;' to '&lt;a href="file://C:\Users\adm\AppData\Local\Temp\nvdaProfile\scratchpad\globalPlugins\speechSpyGlobalPlugin\libs\xmlrpc"&gt;C:\Users\adm\AppData\Local\Temp\nvdaProfile\scratchpad\globalPlugins\speechSpyGlobalPlugin\libs\xmlrpc&lt;/a&gt;'.</msg>
<msg time="2026-09-03T19:34:04.811950" level="INFO" html="true">Copied file from '&lt;a href="file://C:\Users\adm\Downloads\NVDA-2026.2-HARDENED-COMPLETE-TEST-V5\NVDA-2026.2-HARDENED-SOURCE-V5\tests\system\libraries\SystemTestSpy\speechSpyGlobalPlugin.py"&gt;C:\Users\adm\Downloads\NVDA-2026.2-HARDENED-COMPLETE-TEST-V5\NVDA-2026.2-HARDENED-SOURCE-V5\tests\system\libraries\SystemTestSpy\speechSpyGlobalPlugin.py&lt;/a&gt;' to '&lt;a href="file://C:\Users\adm\AppData\Local\Temp\nvdaProfile\scratchpad\globalPlugins\speechSpyGlobalPlugin\__init__.py"&gt;C:\Users\adm\AppData\Local\Temp\nvdaProfile\scratchpad\globalPlugins\speechSpyGlobalPlugin\__init__.py&lt;/a&gt;'.</msg>
<msg time="2026-09-03T19:34:04.816308" level="INFO" html="true">Copied file from '&lt;a href="file://C:\Users\adm\Downloads\NVDA-2026.2-HARDENED-COMPLETE-TEST-V5\NVDA-2026.2-HARDENED-SOURCE-V5\tests\system\libraries\SystemTestSpy\blockUntilConditionMet.py"&gt;C:\Users\adm\Downloads\NVDA-2026.2-HARDENED-COMPLETE-TEST-V5\NVDA-2026.2-HARDENED-SOURCE-V5\tests\system\libraries\SystemTestSpy\blockUntilConditionMet.py&lt;/a&gt;' to '&lt;a href="file://C:\Users\adm\AppData\Local\Temp\nvdaProfile\scratchpad\globalPlugins\speechSpyGlobalPlugin\blockUntilConditionMet.py"&gt;C:\Users\adm\AppData\Local\Temp\nvdaProfile\scratchpad\globalPlugins\speechSpyGlobalPlugin\blockUntilConditionMet.py&lt;/a&gt;'.</msg>
<msg time="2026-09-03T19:34:04.820455" level="INFO" html="true">Copied file from '&lt;a href="file://C:\Users\adm\Downloads\NVDA-2026.2-HARDENED-COMPLETE-TEST-V5\NVDA-2026.2-HARDENED-SOURCE-V5\tests\system\libraries\SystemTestSpy\speechSpySynthDriver.py"&gt;C:\Users\adm\Downloads\NVDA-2026.2-HARDENED-COMPLETE-TEST-V5\NVDA-2026.2-HARDENED-SOURCE-V5\tests\system\libraries\SystemTestSpy\speechSpySynthDriver.py&lt;/a&gt;' to '&lt;a href="file://C:\Users\adm\AppData\Local\Temp\nvdaProfile\scratchpad\synthDrivers\speechSpySynthDriver.py"&gt;C:\Users\adm\AppData\Local\Temp\nvdaProfile\scratchpad\synthDrivers\speechSpySynthDriver.py&lt;/a&gt;'.</msg>
<msg time="2026-09-03T19:34:04.820549" level="DEBUG">Config copied</msg>
<msg time="2026-09-03T19:34:04.820693" level="INFO" html="true">File '&lt;a href="file://C:\Users\adm\Downloads\NVDA-2026.2-HARDENED-COMPLETE-TEST-V5\NVDA-2026.2-HARDENED-SOURCE-V5\runnvda.bat"&gt;C:\Users\adm\Downloads\NVDA-2026.2-HARDENED-COMPLETE-TEST-V5\NVDA-2026.2-HARDENED-SOURCE-V5\runnvda.bat&lt;/a&gt;' exists.</msg>
<msg time="2026-09-03T19:34:04.820787" level="INFO" html="true">Directory '&lt;a href="file://C:\Users\adm\AppData\Local\Temp\nvdaProfile"&gt;C:\Users\adm\AppData\Local\Temp\nvdaProfile&lt;/a&gt;' already exists.</msg>
<msg time="2026-09-03T19:34:04.820875" level="INFO" html="true">Directory '&lt;a href="file://C:\Users\adm\Downloads\NVDA-2026.2-HARDENED-COMPLETE-TEST-V5\NVDA-2026.2-HARDENED-SOURCE-V5\testOutput\system\nvdaTestRunLogs"&gt;C:\Users\adm\Downloads\NVDA-2026.2-HARDENED-COMPLETE-TEST-V5\NVDA-2026.2-HARDENED-SOURCE-V5\testOutput\system\nvdaTestRunLogs&lt;/a&gt;' already exists.</msg>
<msg time="2026-09-03T19:34:04.822173" level="INFO">Starting process:
C:\Users\adm\Downloads\NVDA-2026.2-HARDENED-COMPLETE-TEST-V5\NVDA-2026.2-HARDENED-SOURCE-V5\runnvda.bat --debug-logging -r -c "C:\Users\adm\AppData\Local\Temp\nvdaProfile" --log-file "C:\Users\adm\AppData\Local\Temp\nvdaProfile\nvda.log"</msg>
<msg time="2026-09-03T19:34:04.822268" level="DEBUG">Process configuration:
cwd:     C:\Users\adm\Downloads\NVDA-2026.2-HARDENED-COMPLETE-TEST-V5\NVDA-2026.2-HARDENED-SOURCE-V5
shell:   True
stdout:  C:\Users\adm\Downloads\NVDA-2026.2-HARDENED-COMPLETE-TEST-V5\NVDA-2026.2-HARDENED-SOURCE-V5\testOutput\system\nvdaTestRunLogs\Robot.symbolPronunciationTests-symbolInSpeechUI-stdout.txt
stderr:  C:\Users\adm\Downloads\NVDA-2026.2-HARDENED-COMPLETE-TEST-V5\NVDA-2026.2-HARDENED-SOURCE-V5\testOutput\system\nvdaTestRunLogs\Robot.symbolPronunciationTests-symbolInSpeechUI-stderr.txt
stdin:   None
alias:   nvdaAlias
env:     None</msg>
<msg time="2026-09-03T19:34:04.840310" level="DEBUG">Started NVDA process</msg>
<msg time="2026-09-03T19:34:04.840501" level="DEBUG">Waiting for nvdaSpyLib to be available at: http://127.0.0.1:8270</msg>
<msg time="2026-09-03T19:34:09.451992" level="DEBUG">Connecting to nvdaSpyLib</msg>
<msg time="2026-09-03T19:34:10.325988" level="DEBUG">Getting nvdaSpyLib library instance</msg>
<msg time="2026-09-03T19:34:10.353142" level="INFO">init_max_keyword_duration {'maxSeconds': 30}</msg>
<msg time="2026-09-03T19:34:10.367359" level="DEBUG">Connected to RF remote server</msg>
<msg time="2026-09-03T19:34:10.367438" level="INFO">wait_for_NVDA_startup_to_complete</msg>
<msg time="2026-09-03T19:34:10.369171" level="DEBUG">Startup complete</msg>
<arg>standard-dontShowWelcomeDialog.ini</arg>
<status status="PASS" start="2026-09-03T19:34:04.785208" elapsed="5.584081"/>
</kw>
<kw name="Log Foreground Window Title" owner="WindowsLib">
<msg time="2026-09-03T19:34:10.370049" level="INFO">Foreground window title: Administrateur : Windows PowerShell</msg>
<doc>Debugging helper, log the current foreground window title to the robot framework log.
See log.html.</doc>
<status status="PASS" start="2026-09-03T19:34:10.369652" elapsed="0.000479"/>
</kw>
<kw name="Enable Verbose Debug Logging If Requested" owner="NvdaLib">
<status status="PASS" start="2026-09-03T19:34:10.370298" elapsed="0.001411"/>
</kw>
<status status="PASS" start="2026-09-03T19:34:04.783341" elapsed="5.588480"/>
</kw>
<kw name="Test SymbolInSpeechUI" owner="symbolPronunciationTests">
<msg time="2026-09-03T19:34:10.373745" level="INFO">wait_for_speech_to_finish</msg>
<msg time="2026-09-03T19:34:10.795416" level="INFO">starting notepad: C:\Users\adm\AppData\Local\Temp\tmpznt9rzxx\test (8650891936529350273).txt</msg>
<msg time="2026-09-03T19:34:10.795607" level="INFO">Starting process:
start /wait notepad "C:\Users\adm\AppData\Local\Temp\tmpznt9rzxx\test (8650891936529350273).txt"</msg>
<msg time="2026-09-03T19:34:10.795679" level="DEBUG">Process configuration:
cwd:     C:\Users\adm\Downloads\NVDA-2026.2-HARDENED-COMPLETE-TEST-V5\NVDA-2026.2-HARDENED-SOURCE-V5
shell:   True
stdout:  PIPE
stderr:  PIPE
stdin:   None
alias:   NotepadAlias
env:     None</msg>
<msg time="2026-09-03T19:34:10.816906" level="DEBUG">No windows found matching the pattern: re.compile('^test \\(8650891936529350273\\)')</msg>
<msg time="2026-09-03T19:34:11.316464" level="DEBUG">No windows found matching the pattern: re.compile('^test \\(8650891936529350273\\)')</msg>
<msg time="2026-09-03T19:34:11.816140" level="DEBUG">No windows found matching the pattern: re.compile('^test \\(8650891936529350273\\)')</msg>
<msg time="2026-09-03T19:34:12.316780" level="DEBUG">Found window (HWND: 5376030) (title: test (8650891936529350273).txt – Bloc-notes)</msg>
<msg time="2026-09-03T19:34:12.317886" level="INFO">Found window (HWND: 5376030) (title: test (8650891936529350273).txt – Bloc-notes)</msg>
<msg time="2026-09-03T19:34:12.317962" level="INFO">Foreground window title: test (8650891936529350273).txt – Bloc-notes</msg>
<msg time="2026-09-03T19:34:12.318046" level="INFO">wait_for_speech_to_finish</msg>
<msg time="2026-09-03T19:34:13.733813" level="INFO">get_next_speech_index</msg>
<msg time="2026-09-03T19:34:13.736393" level="INFO">emulateKeyPress ('control+home',)</msg>
<msg time="2026-09-03T19:34:13.944191" level="INFO">wait_for_speech_to_finish {'speechStartedIndex': 6}</msg>
<msg time="2026-09-03T19:34:14.952490" level="INFO">get_speech_at_index_until_now (6,)</msg>
<msg time="2026-09-03T19:34:14.955094" level="INFO">set_configValue (['documentFormatting', 'reportLineIndentation'], 0)</msg>
<msg time="2026-09-03T19:34:14.956880" level="INFO">set_configValue (['documentFormatting', 'ignoreBlankLinesForRLI'], False)</msg>
<msg time="2026-09-03T19:34:14.958577" level="INFO">set_configValue (['speech', 'symbolLevel'], 300)</msg>
<msg time="2026-09-03T19:34:14.960378" level="INFO">Doing test at symbol level: SymLevel.ALL, line indentation reporting: ReportLineIndentation.OFF, ignore blank lines for line indentation reporting: False</msg>
<msg time="2026-09-03T19:34:14.960517" level="INFO">override_translationString ('Right', "shouldn't sub tick symbol")</msg>
<msg time="2026-09-03T19:34:14.962288" level="INFO">wait_for_speech_to_finish</msg>
<msg time="2026-09-03T19:34:14.964119" level="INFO">get_next_speech_index</msg>
<msg time="2026-09-03T19:34:14.965789" level="INFO">emulateKeyPress ('numpad3',)</msg>
<msg time="2026-09-03T19:34:15.072426" level="INFO">wait_for_speech_to_finish {'speechStartedIndex': 7}</msg>
<msg time="2026-09-03T19:34:16.080693" level="INFO">get_speech_at_index_until_now (7,)</msg>
<msg time="2026-09-03T19:34:16.082813" level="DEBUG">Argument types are:
&lt;class 'list'&gt;
&lt;class 'list'&gt;</msg>
<msg time="2026-09-03T19:34:16.082950" level="INFO">set_configValue (['documentFormatting', 'reportLineIndentation'], 0)</msg>
<msg time="2026-09-03T19:34:16.085412" level="INFO">set_configValue (['documentFormatting', 'ignoreBlankLinesForRLI'], False)</msg>
<msg time="2026-09-03T19:34:16.105045" level="INFO">set_configValue (['speech', 'symbolLevel'], 0)</msg>
<msg time="2026-09-03T19:34:16.120848" level="INFO">Doing test at symbol level: SymLevel.NONE, line indentation reporting: ReportLineIndentation.OFF, ignore blank lines for line indentation reporting: False</msg>
<msg time="2026-09-03T19:34:16.121045" level="INFO">wait_for_speech_to_finish</msg>
<msg time="2026-09-03T19:34:16.123611" level="INFO">get_next_speech_index</msg>
<msg time="2026-09-03T19:34:16.125185" level="INFO">emulateKeyPress ('numpad3',)</msg>
<msg time="2026-09-03T19:34:16.230968" level="INFO">wait_for_speech_to_finish {'speechStartedIndex': 10}</msg>
<msg time="2026-09-03T19:34:17.237582" level="INFO">get_speech_at_index_until_now (10,)</msg>
<msg time="2026-09-03T19:34:17.240170" level="DEBUG">Argument types are:
&lt;class 'list'&gt;
&lt;class 'list'&gt;</msg>
<doc>Replace a translation string to include a character that is can be substituted,
check if the 'speech UI' translation string the character substituted.</doc>
<status status="PASS" start="2026-09-03T19:34:10.372182" elapsed="6.868123"/>
</kw>
<kw name="default teardown" type="TEARDOWN">
<kw name="Log Foreground Window Title" owner="WindowsLib">
<msg time="2026-09-03T19:34:17.241776" level="INFO">Foreground window title: test (8650891936529350273).txt – Bloc-notes</msg>
<doc>Debugging helper, log the current foreground window title to the robot framework log.
See log.html.</doc>
<status status="PASS" start="2026-09-03T19:34:17.241551" elapsed="0.000313"/>
</kw>
<kw name="Create Preserved Test Output Filename" owner="NvdaLib">
<msg time="2026-09-03T19:34:17.242523" level="INFO">${screenshotName} = C:\Users\adm\Downloads\NVDA-2026.2-HARDENED-COMPLETE-TEST-V5\NVDA-2026.2-HARDENED-SOURCE-V5\testOutput\system\nvdaTestRunLogs\Robot.symbolPronunciationTests-symbolInSpeechUI-failedTest.png</msg>
<var>${screenshotName}</var>
<arg>failedTest.png</arg>
<doc>EG for nvda.log path will become:
${OUTPUT DIR}/nvdaTestRunLogs/${SUITE NAME}-${TEST NAME}-nvda.log</doc>
<status status="PASS" start="2026-09-03T19:34:17.242032" elapsed="0.000537"/>
</kw>
<kw name="Run Keyword If Test Failed" owner="BuiltIn">
<arg>Take Screenshot</arg>
<arg>${screenShotName}</arg>
<doc>Runs the given keyword with the given arguments, if the test failed.</doc>
<status status="PASS" start="2026-09-03T19:34:17.242762" elapsed="0.000135"/>
</kw>
<kw name="Dump Speech To Log" owner="nvdaSpyLib">
<status status="PASS" start="2026-09-03T19:34:17.243071" elapsed="0.002336"/>
</kw>
<kw name="Exit Notepad" owner="NotepadLib">
<msg time="2026-09-03T19:34:17.245754" level="INFO">Is Start process still running (True expected): True</msg>
<msg time="2026-09-03T19:34:17.245836" level="INFO">Test case in foreground, trying to close</msg>
<msg time="2026-09-03T19:34:17.245880" level="INFO">emulateKeyPress ('alt+f4',)</msg>
<msg time="2026-09-03T19:34:17.365444" level="INFO">Waiting for process to complete.</msg>
<msg time="2026-09-03T19:34:27.400403" level="INFO">Process did not complete in 10 seconds.</msg>
<msg time="2026-09-03T19:34:27.400568" level="INFO">Leaving process intact.</msg>
<msg time="2026-09-03T19:34:27.400658" level="INFO">Is Start process still running (False expected): True</msg>
<status status="PASS" start="2026-09-03T19:34:17.245588" elapsed="10.155222"/>
</kw>
<kw name="Quit NVDA" owner="NvdaLib">
<msg time="2026-09-03T19:34:27.401460" level="INFO">Stopping nvdaSpy server: http://127.0.0.1:8270</msg>
<msg time="2026-09-03T19:34:27.406788" level="INFO">Starting process:
C:\Users\adm\Downloads\NVDA-2026.2-HARDENED-COMPLETE-TEST-V5\NVDA-2026.2-HARDENED-SOURCE-V5\runnvda.bat -q --disable-addons</msg>
<msg time="2026-09-03T19:34:27.406883" level="DEBUG">Process configuration:
cwd:     C:\Users\adm\Downloads\NVDA-2026.2-HARDENED-COMPLETE-TEST-V5\NVDA-2026.2-HARDENED-SOURCE-V5
shell:   True
stdout:  PIPE
stderr:  PIPE
stdin:   None
alias:   None
env:     None</msg>
<msg time="2026-09-03T19:34:27.427786" level="INFO">Waiting for process to complete.</msg>
<msg time="2026-09-03T19:34:30.409596" level="INFO">Process completed.</msg>
<msg time="2026-09-03T19:34:30.409777" level="INFO">Waiting for process to complete.</msg>
<msg time="2026-09-03T19:34:30.410135" level="INFO">Process completed.</msg>
<msg time="2026-09-03T19:34:30.410224" level="INFO">Saving NVDA log</msg>
<msg time="2026-09-03T19:34:30.415438" level="INFO" html="true">Copied file from '&lt;a href="file://C:\Users\adm\AppData\Local\Temp\nvdaProfile\nvda.log"&gt;C:\Users\adm\AppData\Local\Temp\nvdaProfile\nvda.log&lt;/a&gt;' to '&lt;a href="file://C:\Users\adm\Downloads\NVDA-2026.2-HARDENED-COMPLETE-TEST-V5\NVDA-2026.2-HARDENED-SOURCE-V5\testOutput\system\nvdaTestRunLogs\Robot.symbolPronunciationTests-symbolInSpeechUI-nvda.log"&gt;C:\Users\adm\Downloads\NVDA-2026.2-HARDENED-COMPLETE-TEST-V5\NVDA-2026.2-HARDENED-SOURCE-V5\testOutput\system\nvdaTestRunLogs\Robot.symbolPronunciationTests-symbolInSpeechUI-nvda.log&lt;/a&gt;'.</msg>
<msg time="2026-09-03T19:34:30.415549" level="DEBUG">Log saved to: C:\Users\adm\Downloads\NVDA-2026.2-HARDENED-COMPLETE-TEST-V5\NVDA-2026.2-HARDENED-SOURCE-V5\testOutput\system\nvdaTestRunLogs\Robot.symbolPronunciationTests-symbolInSpeechUI-nvda.log</msg>
<msg time="2026-09-03T19:34:30.415617" level="INFO">No py2exe log</msg>
<msg time="2026-09-03T19:34:30.415835" level="INFO" html="true">File '&lt;a href="file://C:\Users\adm\AppData\Local\Temp\nvdaProfile\nvda_crash.dmp"&gt;C:\Users\adm\AppData\Local\Temp\nvdaProfile\nvda_crash.dmp&lt;/a&gt;' does not exist.</msg>
<msg time="2026-09-03T19:34:30.415928" level="DEBUG">Cleaning up NVDA profile</msg>
<msg time="2026-09-03T19:34:30.430969" level="INFO" html="true">Removed directory '&lt;a href="file://C:\Users\adm\AppData\Local\Temp\nvdaProfile"&gt;C:\Users\adm\AppData\Local\Temp\nvdaProfile&lt;/a&gt;'.</msg>
<status status="PASS" start="2026-09-03T19:34:27.401239" elapsed="3.029882"/>
</kw>
<status status="PASS" start="2026-09-03T19:34:17.240902" elapsed="13.190380"/>
</kw>
<doc>Ensure symbols aren't substituted within NVDA speech UI.</doc>
<tag>NVDA</tag>
<tag>smoke test</tag>
<tag>symbols</tag>
<status status="PASS" start="2026-09-03T19:34:04.782001" elapsed="25.649377"/>
</test>
<test id="s1-s1-t2" name="moveByWord" line="39">
<kw name="default setup" type="SETUP">
<kw name="Log Foreground Window Title" owner="WindowsLib">
<msg time="2026-09-03T19:34:30.433531" level="INFO">Foreground window title: test (8650891936529350273).txt – Bloc-notes</msg>
<doc>Debugging helper, log the current foreground window title to the robot framework log.
See log.html.</doc>
<status status="PASS" start="2026-09-03T19:34:30.433365" elapsed="0.000247"/>
</kw>
<kw name="Start NVDA" owner="NvdaLib">
<msg time="2026-09-03T19:34:30.433985" level="INFO">Starting NVDA with config: standard-dontShowWelcomeDialog.ini</msg>
<msg time="2026-09-03T19:34:30.434044" level="DEBUG">Copying files into NVDA profile</msg>
<msg time="2026-09-03T19:34:30.438905" level="INFO" html="true">Copied file from '&lt;a href="file://C:\Users\adm\Downloads\NVDA-2026.2-HARDENED-COMPLETE-TEST-V5\NVDA-2026.2-HARDENED-SOURCE-V5\tests\system\nvdaSettingsFiles\standard-dontShowWelcomeDialog.ini"&gt;C:\Users\adm\Downloads\NVDA-2026.2-HARDENED-COMPLETE-TEST-V5\NVDA-2026.2-HARDENED-SOURCE-V5\tests\system\nvdaSettingsFiles\standard-dontShowWelcomeDialog.ini&lt;/a&gt;' to '&lt;a href="file://C:\Users\adm\AppData\Local\Temp\nvdaProfile\nvda.ini"&gt;C:\Users\adm\AppData\Local\Temp\nvdaProfile\nvda.ini&lt;/a&gt;'.</msg>
<msg time="2026-09-03T19:34:30.440968" level="INFO" html="true">Created directory '&lt;a href="file://C:\Users\adm\AppData\Local\Temp\nvdaProfile\scratchpad\globalPlugins\speechSpyGlobalPlugin\libs"&gt;C:\Users\adm\AppData\Local\Temp\nvdaProfile\scratchpad\globalPlugins\speechSpyGlobalPlugin\libs&lt;/a&gt;'.</msg>
<msg time="2026-09-03T19:34:30.445231" level="INFO" html="true">Copied file from '&lt;a href="file://C:\Users\adm\Downloads\NVDA-2026.2-HARDENED-COMPLETE-TEST-V5\NVDA-2026.2-HARDENED-SOURCE-V5\.venv\Lib\site-packages\robotremoteserver.py"&gt;C:\Users\adm\Downloads\NVDA-2026.2-HARDENED-COMPLETE-TEST-V5\NVDA-2026.2-HARDENED-SOURCE-V5\.venv\Lib\site-packages\robotremoteserver.py&lt;/a&gt;' to '&lt;a href="file://C:\Users\adm\AppData\Local\Temp\nvdaProfile\scratchpad\globalPlugins\speechSpyGlobalPlugin\libs\robotremoteserver.py"&gt;C:\Users\adm\AppData\Local\Temp\nvdaProfile\scratchpad\globalPlugins\speechSpyGlobalPlugin\libs\robotremoteserver.py&lt;/a&gt;'.</msg>
<msg time="2026-09-03T19:34:30.464866" level="INFO" html="true">Copied directory from '&lt;a href="file://C:\Program Files\Python313\Lib\xmlrpc"&gt;C:\Program Files\Python313\Lib\xmlrpc&lt;/a&gt;' to '&lt;a href="file://C:\Users\adm\AppData\Local\Temp\nvdaProfile\scratchpad\globalPlugins\speechSpyGlobalPlugin\libs\xmlrpc"&gt;C:\Users\adm\AppData\Local\Temp\nvdaProfile\scratchpad\globalPlugins\speechSpyGlobalPlugin\libs\xmlrpc&lt;/a&gt;'.</msg>
<msg time="2026-09-03T19:34:30.468820" level="INFO" html="true">Copied file from '&lt;a href="file://C:\Users\adm\Downloads\NVDA-2026.2-HARDENED-COMPLETE-TEST-V5\NVDA-2026.2-HARDENED-SOURCE-V5\tests\system\libraries\SystemTestSpy\speechSpyGlobalPlugin.py"&gt;C:\Users\adm\Downloads\NVDA-2026.2-HARDENED-COMPLETE-TEST-V5\NVDA-2026.2-HARDENED-SOURCE-V5\tests\system\libraries\SystemTestSpy\speechSpyGlobalPlugin.py&lt;/a&gt;' to '&lt;a href="file://C:\Users\adm\AppData\Local\Temp\nvdaProfile\scratchpad\globalPlugins\speechSpyGlobalPlugin\__init__.py"&gt;C:\Users\adm\AppData\Local\Temp\nvdaProfile\scratchpad\globalPlugins\speechSpyGlobalPlugin\__init__.py&lt;/a&gt;'.</msg>
<msg time="2026-09-03T19:34:30.473808" level="INFO" html="true">Copied file from '&lt;a href="file://C:\Users\adm\Downloads\NVDA-2026.2-HARDENED-COMPLETE-TEST-V5\NVDA-2026.2-HARDENED-SOURCE-V5\tests\system\libraries\SystemTestSpy\blockUntilConditionMet.py"&gt;C:\Users\adm\Downloads\NVDA-2026.2-HARDENED-COMPLETE-TEST-V5\NVDA-2026.2-HARDENED-SOURCE-V5\tests\system\libraries\SystemTestSpy\blockUntilConditionMet.py&lt;/a&gt;' to '&lt;a href="file://C:\Users\adm\AppData\Local\Temp\nvdaProfile\scratchpad\globalPlugins\speechSpyGlobalPlugin\blockUntilConditionMet.py"&gt;C:\Users\adm\AppData\Local\Temp\nvdaProfile\scratchpad\globalPlugins\speechSpyGlobalPlugin\blockUntilConditionMet.py&lt;/a&gt;'.</msg>
<msg time="2026-09-03T19:34:30.477837" level="INFO" html="true">Copied file from '&lt;a href="file://C:\Users\adm\Downloads\NVDA-2026.2-HARDENED-COMPLETE-TEST-V5\NVDA-2026.2-HARDENED-SOURCE-V5\tests\system\libraries\SystemTestSpy\speechSpySynthDriver.py"&gt;C:\Users\adm\Downloads\NVDA-2026.2-HARDENED-COMPLETE-TEST-V5\NVDA-2026.2-HARDENED-SOURCE-V5\tests\system\libraries\SystemTestSpy\speechSpySynthDriver.py&lt;/a&gt;' to '&lt;a href="file://C:\Users\adm\AppData\Local\Temp\nvdaProfile\scratchpad\synthDrivers\speechSpySynthDriver.py"&gt;C:\Users\adm\AppData\Local\Temp\nvdaProfile\scratchpad\synthDrivers\speechSpySynthDriver.py&lt;/a&gt;'.</msg>
<msg time="2026-09-03T19:34:30.477957" level="DEBUG">Config copied</msg>
<msg time="2026-09-03T19:34:30.478144" level="INFO" html="true">File '&lt;a href="file://C:\Users\adm\Downloads\NVDA-2026.2-HARDENED-COMPLETE-TEST-V5\NVDA-2026.2-HARDENED-SOURCE-V5\runnvda.bat"&gt;C:\Users\adm\Downloads\NVDA-2026.2-HARDENED-COMPLETE-TEST-V5\NVDA-2026.2-HARDENED-SOURCE-V5\runnvda.bat&lt;/a&gt;' exists.</msg>
<msg time="2026-09-03T19:34:30.478276" level="INFO" html="true">Directory '&lt;a href="file://C:\Users\adm\AppData\Local\Temp\nvdaProfile"&gt;C:\Users\adm\AppData\Local\Temp\nvdaProfile&lt;/a&gt;' already exists.</msg>
<msg time="2026-09-03T19:34:30.478372" level="INFO" html="true">Directory '&lt;a href="file://C:\Users\adm\Downloads\NVDA-2026.2-HARDENED-COMPLETE-TEST-V5\NVDA-2026.2-HARDENED-SOURCE-V5\testOutput\system\nvdaTestRunLogs"&gt;C:\Users\adm\Downloads\NVDA-2026.2-HARDENED-COMPLETE-TEST-V5\NVDA-2026.2-HARDENED-SOURCE-V5\testOutput\system\nvdaTestRunLogs&lt;/a&gt;' already exists.</msg>
<msg time="2026-09-03T19:34:30.479617" level="INFO">Starting process:
C:\Users\adm\Downloads\NVDA-2026.2-HARDENED-COMPLETE-TEST-V5\NVDA-2026.2-HARDENED-SOURCE-V5\runnvda.bat --debug-logging -r -c "C:\Users\adm\AppData\Local\Temp\nvdaProfile" --log-file "C:\Users\adm\AppData\Local\Temp\nvdaProfile\nvda.log"</msg>
<msg time="2026-09-03T19:34:30.479832" level="DEBUG">Process configuration:
cwd:     C:\Users\adm\Downloads\NVDA-2026.2-HARDENED-COMPLETE-TEST-V5\NVDA-2026.2-HARDENED-SOURCE-V5
shell:   True
stdout:  C:\Users\adm\Downloads\NVDA-2026.2-HARDENED-COMPLETE-TEST-V5\NVDA-2026.2-HARDENED-SOURCE-V5\testOutput\system\nvdaTestRunLogs\Robot.symbolPronunciationTests-moveByWord-stdout.txt
stderr:  C:\Users\adm\Downloads\NVDA-2026.2-HARDENED-COMPLETE-TEST-V5\NVDA-2026.2-HARDENED-SOURCE-V5\testOutput\system\nvdaTestRunLogs\Robot.symbolPronunciationTests-moveByWord-stderr.txt
stdin:   None
alias:   nvdaAlias
env:     None</msg>
<msg time="2026-09-03T19:34:30.484899" level="DEBUG">Started NVDA process</msg>
<msg time="2026-09-03T19:34:30.485060" level="DEBUG">Waiting for nvdaSpyLib to be available at: http://127.0.0.1:8270</msg>
<msg time="2026-09-03T19:34:35.103924" level="DEBUG">Connecting to nvdaSpyLib</msg>
<msg time="2026-09-03T19:34:35.106659" level="DEBUG">Getting nvdaSpyLib library instance</msg>
<msg time="2026-09-03T19:34:35.110421" level="INFO">init_max_keyword_duration {'maxSeconds': 30}</msg>
<msg time="2026-09-03T19:34:35.112556" level="DEBUG">Connected to RF remote server</msg>
<msg time="2026-09-03T19:34:35.112655" level="INFO">wait_for_NVDA_startup_to_complete</msg>
<msg time="2026-09-03T19:34:35.114607" level="DEBUG">Startup complete</msg>
<arg>standard-dontShowWelcomeDialog.ini</arg>
<status status="PASS" start="2026-09-03T19:34:30.433769" elapsed="4.681002"/>
</kw>
<kw name="Log Foreground Window Title" owner="WindowsLib">
<msg time="2026-09-03T19:34:35.115270" level="INFO">Foreground window title: test (8650891936529350273).txt – Bloc-notes</msg>
<doc>Debugging helper, log the current foreground window title to the robot framework log.
See log.html.</doc>
<status status="PASS" start="2026-09-03T19:34:35.115092" elapsed="0.000279"/>
</kw>
<kw name="Enable Verbose Debug Logging If Requested" owner="NvdaLib">
<status status="PASS" start="2026-09-03T19:34:35.115534" elapsed="0.001700"/>
</kw>
<status status="PASS" start="2026-09-03T19:34:30.432942" elapsed="4.684394"/>
</kw>
<kw name="Test MoveByWord" owner="symbolPronunciationTests">
<msg time="2026-09-03T19:34:35.118733" level="INFO">wait_for_speech_to_finish</msg>
<msg time="2026-09-03T19:34:36.401002" level="INFO">starting notepad: C:\Users\adm\AppData\Local\Temp\tmpznt9rzxx\test (3169083360947895359).txt</msg>
<msg time="2026-09-03T19:34:36.401246" level="INFO">Starting process:
start /wait notepad "C:\Users\adm\AppData\Local\Temp\tmpznt9rzxx\test (3169083360947895359).txt"</msg>
<msg time="2026-09-03T19:34:36.401323" level="DEBUG">Process configuration:
cwd:     C:\Users\adm\Downloads\NVDA-2026.2-HARDENED-COMPLETE-TEST-V5\NVDA-2026.2-HARDENED-SOURCE-V5
shell:   True
stdout:  PIPE
stderr:  PIPE
stdin:   None
alias:   NotepadAlias
env:     None</msg>
<msg time="2026-09-03T19:34:36.422694" level="DEBUG">No windows found matching the pattern: re.compile('^test \\(3169083360947895359\\)')</msg>
<msg time="2026-09-03T19:34:36.922125" level="DEBUG">Found window (HWND: 5376030) (title: test (3169083360947895359).txt – Bloc-notes)</msg>
<msg time="2026-09-03T19:34:36.923267" level="INFO">Found window (HWND: 5376030) (title: test (3169083360947895359).txt – Bloc-notes)</msg>
<msg time="2026-09-03T19:34:36.923339" level="INFO">Foreground window title: test (3169083360947895359).txt – Bloc-notes</msg>
<msg time="2026-09-03T19:34:36.923420" level="INFO">wait_for_speech_to_finish</msg>
<msg time="2026-09-03T19:34:37.930580" level="INFO">get_next_speech_index</msg>
<msg time="2026-09-03T19:34:37.932919" level="INFO">emulateKeyPress ('control+home',)</msg>
<msg time="2026-09-03T19:34:38.267223" level="INFO">wait_for_speech_to_finish {'speechStartedIndex': 4}</msg>
<msg time="2026-09-03T19:34:39.173757" level="INFO">get_speech_at_index_until_now (4,)</msg>
<msg time="2026-09-03T19:34:39.176109" level="INFO">set_configValue (['documentFormatting', 'reportLineIndentation'], 0)</msg>
<msg time="2026-09-03T19:34:39.193993" level="INFO">set_configValue (['documentFormatting', 'ignoreBlankLinesForRLI'], False)</msg>
<msg time="2026-09-03T19:34:39.210345" level="INFO">set_configValue (['speech', 'symbolLevel'], 0)</msg>
<msg time="2026-09-03T19:34:39.212519" level="INFO">Doing test at symbol level: SymLevel.NONE, line indentation reporting: ReportLineIndentation.OFF, ignore blank lines for line indentation reporting: False</msg>
<msg time="2026-09-03T19:34:39.212625" level="INFO">wait_for_speech_to_finish</msg>
<msg time="2026-09-03T19:34:39.214726" level="INFO">get_next_speech_index</msg>
<msg time="2026-09-03T19:34:39.216335" level="INFO">emulateKeyPress ('numpad6',)</msg>
<msg time="2026-09-03T19:34:39.322781" level="INFO">wait_for_speech_to_finish {'speechStartedIndex': 5}</msg>
<msg time="2026-09-03T19:34:40.330308" level="INFO">get_speech_at_index_until_now (5,)</msg>
<msg time="2026-09-03T19:34:40.332739" level="INFO">wait_for_speech_to_finish</msg>
<msg time="2026-09-03T19:34:40.348583" level="INFO">get_next_speech_index</msg>
<msg time="2026-09-03T19:34:40.350695" level="INFO">emulateKeyPress ('numpad6',)</msg>
<msg time="2026-09-03T19:34:40.457168" level="INFO">wait_for_speech_to_finish {'speechStartedIndex': 6}</msg>
<msg time="2026-09-03T19:34:41.465083" level="INFO">get_speech_at_index_until_now (6,)</msg>
<msg time="2026-09-03T19:34:41.467484" level="INFO">wait_for_speech_to_finish</msg>
<msg time="2026-09-03T19:34:41.469498" level="INFO">get_next_speech_index</msg>
<msg time="2026-09-03T19:34:41.471105" level="INFO">emulateKeyPress ('numpad6',)</msg>
<msg time="2026-09-03T19:34:41.577235" level="INFO">wait_for_speech_to_finish {'speechStartedIndex': 7}</msg>
<msg time="2026-09-03T19:34:42.585688" level="INFO">get_speech_at_index_until_now (7,)</msg>
<msg time="2026-09-03T19:34:42.602196" level="INFO">wait_for_speech_to_finish</msg>
<msg time="2026-09-03T19:34:42.604716" level="INFO">get_next_speech_index</msg>
<msg time="2026-09-03T19:34:42.618510" level="INFO">emulateKeyPress ('numpad6',)</msg>
<msg time="2026-09-03T19:34:42.724780" level="INFO">wait_for_speech_to_finish {'speechStartedIndex': 8}</msg>
<msg time="2026-09-03T19:34:43.731947" level="INFO">get_speech_at_index_until_now (8,)</msg>
<msg time="2026-09-03T19:34:43.752365" level="INFO">wait_for_speech_to_finish</msg>
<msg time="2026-09-03T19:34:43.768681" level="INFO">get_next_speech_index</msg>
<msg time="2026-09-03T19:34:43.770646" level="INFO">emulateKeyPress ('numpad6',)</msg>
<msg time="2026-09-03T19:34:43.876477" level="INFO">wait_for_speech_to_finish {'speechStartedIndex': 9}</msg>
<msg time="2026-09-03T19:34:44.884282" level="INFO">get_speech_at_index_until_now (9,)</msg>
<msg time="2026-09-03T19:34:44.886717" level="INFO">wait_for_speech_to_finish</msg>
<msg time="2026-09-03T19:34:44.888596" level="INFO">get_next_speech_index</msg>
<msg time="2026-09-03T19:34:44.890335" level="INFO">emulateKeyPress ('numpad6',)</msg>
<msg time="2026-09-03T19:34:44.996252" level="INFO">wait_for_speech_to_finish {'speechStartedIndex': 11}</msg>
<msg time="2026-09-03T19:34:45.925880" level="INFO">get_speech_at_index_until_now (11,)</msg>
<msg time="2026-09-03T19:34:45.928392" level="INFO">wait_for_speech_to_finish</msg>
<msg time="2026-09-03T19:34:45.930428" level="INFO">get_next_speech_index</msg>
<msg time="2026-09-03T19:34:45.932277" level="INFO">emulateKeyPress ('numpad6',)</msg>
<msg time="2026-09-03T19:34:46.038168" level="INFO">wait_for_speech_to_finish {'speechStartedIndex': 12}</msg>
<msg time="2026-09-03T19:34:47.046800" level="INFO">get_speech_at_index_until_now (12,)</msg>
<msg time="2026-09-03T19:34:47.075263" level="INFO">wait_for_speech_to_finish</msg>
<msg time="2026-09-03T19:34:47.091876" level="INFO">get_next_speech_index</msg>
<msg time="2026-09-03T19:34:47.106644" level="INFO">emulateKeyPress ('numpad6',)</msg>
<msg time="2026-09-03T19:34:47.226990" level="INFO">wait_for_speech_to_finish {'speechStartedIndex': 13}</msg>
<msg time="2026-09-03T19:34:48.149616" level="INFO">get_speech_at_index_until_now (13,)</msg>
<msg time="2026-09-03T19:34:48.152205" level="INFO">wait_for_speech_to_finish</msg>
<msg time="2026-09-03T19:34:48.168781" level="INFO">get_next_speech_index</msg>
<msg time="2026-09-03T19:34:48.170745" level="INFO">emulateKeyPress ('numpad6',)</msg>
<msg time="2026-09-03T19:34:48.277047" level="INFO">wait_for_speech_to_finish {'speechStartedIndex': 14}</msg>
<msg time="2026-09-03T19:34:49.284619" level="INFO">get_speech_at_index_until_now (14,)</msg>
<msg time="2026-09-03T19:34:49.310949" level="INFO">wait_for_speech_to_finish</msg>
<msg time="2026-09-03T19:34:49.313533" level="INFO">get_next_speech_index</msg>
<msg time="2026-09-03T19:34:49.315276" level="INFO">emulateKeyPress ('numpad6',)</msg>
<msg time="2026-09-03T19:34:49.421601" level="INFO">wait_for_speech_to_finish {'speechStartedIndex': 15}</msg>
<msg time="2026-09-03T19:34:50.429767" level="INFO">get_speech_at_index_until_now (15,)</msg>
<msg time="2026-09-03T19:34:50.449430" level="INFO">wait_for_speech_to_finish</msg>
<msg time="2026-09-03T19:34:50.466030" level="INFO">get_next_speech_index</msg>
<msg time="2026-09-03T19:34:50.483881" level="INFO">emulateKeyPress ('numpad6',)</msg>
<msg time="2026-09-03T19:34:50.590997" level="INFO">wait_for_speech_to_finish {'speechStartedIndex': 16}</msg>
<msg time="2026-09-03T19:34:51.600037" level="INFO">get_speech_at_index_until_now (16,)</msg>
<msg time="2026-09-03T19:34:51.624199" level="INFO">wait_for_speech_to_finish</msg>
<msg time="2026-09-03T19:34:51.626613" level="INFO">get_next_speech_index</msg>
<msg time="2026-09-03T19:34:51.628241" level="INFO">emulateKeyPress ('numpad6',)</msg>
<msg time="2026-09-03T19:34:51.752897" level="INFO">wait_for_speech_to_finish {'speechStartedIndex': 17}</msg>
<msg time="2026-09-03T19:34:52.760158" level="INFO">get_speech_at_index_until_now (17,)</msg>
<msg time="2026-09-03T19:34:52.762417" level="INFO">wait_for_speech_to_finish</msg>
<msg time="2026-09-03T19:34:52.764235" level="INFO">get_next_speech_index</msg>
<msg time="2026-09-03T19:34:52.766284" level="INFO">emulateKeyPress ('numpad6',)</msg>
<msg time="2026-09-03T19:34:52.872244" level="INFO">wait_for_speech_to_finish {'speechStartedIndex': 19}</msg>
<msg time="2026-09-03T19:34:53.879801" level="INFO">get_speech_at_index_until_now (19,)</msg>
<msg time="2026-09-03T19:34:53.882202" level="INFO">wait_for_speech_to_finish</msg>
<msg time="2026-09-03T19:34:53.884215" level="INFO">get_next_speech_index</msg>
<msg time="2026-09-03T19:34:53.885926" level="INFO">emulateKeyPress ('numpad6',)</msg>
<msg time="2026-09-03T19:34:53.992729" level="INFO">wait_for_speech_to_finish {'speechStartedIndex': 20}</msg>
<msg time="2026-09-03T19:34:54.920480" level="INFO">get_speech_at_index_until_now (20,)</msg>
<msg time="2026-09-03T19:34:54.936417" level="INFO">wait_for_speech_to_finish</msg>
<msg time="2026-09-03T19:34:54.938976" level="INFO">get_next_speech_index</msg>
<msg time="2026-09-03T19:34:54.940578" level="INFO">emulateKeyPress ('numpad6',)</msg>
<msg time="2026-09-03T19:34:55.046268" level="INFO">wait_for_speech_to_finish {'speechStartedIndex': 21}</msg>
<msg time="2026-09-03T19:34:56.053173" level="INFO">get_speech_at_index_until_now (21,)</msg>
<msg time="2026-09-03T19:34:56.073265" level="INFO">wait_for_speech_to_finish</msg>
<msg time="2026-09-03T19:34:56.088949" level="INFO">get_next_speech_index</msg>
<msg time="2026-09-03T19:34:56.103849" level="INFO">emulateKeyPress ('numpad6',)</msg>
<msg time="2026-09-03T19:34:56.223419" level="INFO">wait_for_speech_to_finish {'speechStartedIndex': 23}</msg>
<msg time="2026-09-03T19:34:57.230988" level="INFO">get_speech_at_index_until_now (23,)</msg>
<msg time="2026-09-03T19:34:57.233295" level="INFO">wait_for_speech_to_finish</msg>
<msg time="2026-09-03T19:34:57.235283" level="INFO">get_next_speech_index</msg>
<msg time="2026-09-03T19:34:57.257724" level="INFO">emulateKeyPress ('numpad6',)</msg>
<msg time="2026-09-03T19:34:57.378253" level="INFO">wait_for_speech_to_finish {'speechStartedIndex': 24}</msg>
<msg time="2026-09-03T19:34:58.385327" level="INFO">get_speech_at_index_until_now (24,)</msg>
<msg time="2026-09-03T19:34:58.387557" level="INFO">wait_for_speech_to_finish</msg>
<msg time="2026-09-03T19:34:58.414823" level="INFO">get_next_speech_index</msg>
<msg time="2026-09-03T19:34:58.417285" level="INFO">emulateKeyPress ('numpad6',)</msg>
<msg time="2026-09-03T19:34:58.523966" level="INFO">wait_for_speech_to_finish {'speechStartedIndex': 26}</msg>
<msg time="2026-09-03T19:34:59.447730" level="INFO">get_speech_at_index_until_now (26,)</msg>
<msg time="2026-09-03T19:34:59.464196" level="INFO">wait_for_speech_to_finish</msg>
<msg time="2026-09-03T19:34:59.466530" level="INFO">get_next_speech_index</msg>
<msg time="2026-09-03T19:34:59.468375" level="INFO">emulateKeyPress ('numpad6',)</msg>
<msg time="2026-09-03T19:34:59.574690" level="INFO">wait_for_speech_to_finish {'speechStartedIndex': 27}</msg>
<msg time="2026-09-03T19:35:00.581785" level="INFO">get_speech_at_index_until_now (27,)</msg>
<msg time="2026-09-03T19:35:00.600889" level="INFO">wait_for_speech_to_finish</msg>
<msg time="2026-09-03T19:35:00.616831" level="INFO">get_next_speech_index</msg>
<msg time="2026-09-03T19:35:00.618588" level="INFO">emulateKeyPress ('numpad6',)</msg>
<msg time="2026-09-03T19:35:00.724332" level="INFO">wait_for_speech_to_finish {'speechStartedIndex': 29}</msg>
<msg time="2026-09-03T19:35:01.733127" level="INFO">get_speech_at_index_until_now (29,)</msg>
<msg time="2026-09-03T19:35:01.735329" level="INFO">wait_for_speech_to_finish</msg>
<msg time="2026-09-03T19:35:01.737166" level="INFO">get_next_speech_index</msg>
<msg time="2026-09-03T19:35:01.738856" level="INFO">emulateKeyPress ('numpad6',)</msg>
<msg time="2026-09-03T19:35:01.861923" level="INFO">wait_for_speech_to_finish {'speechStartedIndex': 30}</msg>
<msg time="2026-09-03T19:35:02.868269" level="INFO">get_speech_at_index_until_now (30,)</msg>
<msg time="2026-09-03T19:35:02.870545" level="INFO">wait_for_speech_to_finish</msg>
<msg time="2026-09-03T19:35:02.872431" level="INFO">get_next_speech_index</msg>
<msg time="2026-09-03T19:35:02.874064" level="INFO">emulateKeyPress ('numpad6',)</msg>
<msg time="2026-09-03T19:35:02.979689" level="INFO">wait_for_speech_to_finish {'speechStartedIndex': 32}</msg>
<msg time="2026-09-03T19:35:03.986726" level="INFO">get_speech_at_index_until_now (32,)</msg>
<msg time="2026-09-03T19:35:04.011399" level="DEBUG">Argument types are:
&lt;class 'list'&gt;
&lt;class 'list'&gt;</msg>
<msg time="2026-09-03T19:35:04.011911" level="FAIL">actual vs expected. With symbolLevel SymLevel.NONE: ['deux points', 'Say', 'parenthèse gauche', 'spelling error  quietly', 'out of spelling error\nparenthèse droite', 'guillemet', 'Hello', 'virgule', 'Jim', '.', "spelling error  don't", 'out of spelling error\nflèche droite', 'T-shirt', 'retour chariot', '1', 'barre verticale', '2', '', '3', 'arobase', '4', 'retour chariot'] != ['Say', '(quietly)', 'Hello,', 'Jim', '.', "don't", 'right-pointing arrow', 't-shirt', '1', 'bar', '2', '', '3', '', '4', 'blank', '', 'blank', 'right-pointing arrow', 't-shirt', 't-shirt', 'blank']</msg>
<msg time="2026-09-03T19:35:04.017751" level="DEBUG">Traceback (most recent call last):
  File "C:\Users\adm\Downloads\NVDA-2026.2-HARDENED-COMPLETE-TEST-V5\NVDA-2026.2-HARDENED-SOURCE-V5\tests\system\robot\symbolPronunciationTests.py", line 151, in test_moveByWord
    _doTest(
    ~~~~~~~^
    	navKey=Move.REVIEW_WORD,
     ^^^^^^^^^^^^^^^^^^^^^^^^
    ...&lt;27 lines&gt;...
    	],
     ^^
    )
    ^
  File "C:\Users\adm\Downloads\NVDA-2026.2-HARDENED-COMPLETE-TEST-V5\NVDA-2026.2-HARDENED-SOURCE-V5\tests\system\robot\symbolPronunciationTests.py", line 657, in _doTest
    _builtIn.should_be_equal(
    ~~~~~~~~~~~~~~~~~~~~~~~~^
    	actual,
     ^^^^^^^
    	expectedSpeech,
     ^^^^^^^^^^^^^^^
    	msg=f"actual vs expected. With symbolLevel {symbolLevel}",
     ^^^^^^^^^^^^^^^^^^^^^^^^^^^^^^^^^^^^^^^^^^^^^^^^^^^^^^^^^^
    )
    ^
  File "C:\Users\adm\Downloads\NVDA-2026.2-HARDENED-COMPLETE-TEST-V5\NVDA-2026.2-HARDENED-SOURCE-V5\.venv\Lib\site-packages\robot\libraries\BuiltIn.py", line 680, in should_be_equal
    self._should_be_equal(first, second, msg, values, formatter)
    ~~~~~~~~~~~~~~~~~~~~~^^^^^^^^^^^^^^^^^^^^^^^^^^^^^^^^^^^^^^^
  File "C:\Users\adm\Downloads\NVDA-2026.2-HARDENED-COMPLETE-TEST-V5\NVDA-2026.2-HARDENED-SOURCE-V5\.venv\Lib\site-packages\robot\libraries\BuiltIn.py", line 706, in _should_be_equal
    assert_equal(first, second, msg, include_values, formatter)
    ~~~~~~~~~~~~^^^^^^^^^^^^^^^^^^^^^^^^^^^^^^^^^^^^^^^^^^^^^^^
  File "C:\Users\adm\Downloads\NVDA-2026.2-HARDENED-COMPLETE-TEST-V5\NVDA-2026.2-HARDENED-SOURCE-V5\.venv\Lib\site-packages\robot\utils\asserts.py", line 180, in assert_equal
    _report_inequality(first, second, "!=", msg, values, formatter)
    ~~~~~~~~~~~~~~~~~~^^^^^^^^^^^^^^^^^^^^^^^^^^^^^^^^^^^^^^^^^^^^^
  File "C:\Users\adm\Downloads\NVDA-2026.2-HARDENED-COMPLETE-TEST-V5\NVDA-2026.2-HARDENED-SOURCE-V5\.venv\Lib\site-packages\robot\utils\asserts.py", line 237, in _report_inequality
    raise AssertionError(msg)
AssertionError: actual vs expected. With symbolLevel SymLevel.NONE: ['deux points', 'Say', 'parenthèse gauche', 'spelling error  quietly', 'out of spelling error\nparenthèse droite', 'guillemet', 'Hello', 'virgule', 'Jim', '.', "spelling error  don't", 'out of spelling error\nflèche droite', 'T-shirt', 'retour chariot', '1', 'barre verticale', '2', '', '3', 'arobase', '4', 'retour chariot'] != ['Say', '(quietly)', 'Hello,', 'Jim', '.', "don't", 'right-pointing arrow', 't-shirt', '1', 'bar', '2', '', '3', '', '4', 'blank', '', 'blank', 'right-pointing arrow', 't-shirt', 't-shirt', 'blank']</msg>
<doc>Move by word with symbol level 'none' then with symbol level 'all'</doc>
<status status="FAIL" start="2026-09-03T19:34:35.117523" elapsed="28.900494">actual vs expected. With symbolLevel SymLevel.NONE: ['deux points', 'Say', 'parenthèse gauche', 'spelling error  quietly', 'out of spelling error\nparenthèse droite', 'guillemet', 'Hello', 'virgule', 'Jim', '.', "spelling error  don't", 'out of spelling error\nflèche droite', 'T-shirt', 'retour chariot', '1', 'barre verticale', '2', '', '3', 'arobase', '4', 'retour chariot'] != ['Say', '(quietly)', 'Hello,', 'Jim', '.', "don't", 'right-pointing arrow', 't-shirt', '1', 'bar', '2', '', '3', '', '4', 'blank', '', 'blank', 'right-pointing arrow', 't-shirt', 't-shirt', 'blank']</status>
</kw>
<kw name="default teardown" type="TEARDOWN">
<kw name="Log Foreground Window Title" owner="WindowsLib">
<msg time="2026-09-03T19:35:04.019321" level="INFO">Foreground window title: test (3169083360947895359).txt – Bloc-notes</msg>
<doc>Debugging helper, log the current foreground window title to the robot framework log.
See log.html.</doc>
<status status="PASS" start="2026-09-03T19:35:04.019144" elapsed="0.000261"/>
</kw>
<kw name="Create Preserved Test Output Filename" owner="NvdaLib">
<msg time="2026-09-03T19:35:04.019996" level="INFO">${screenshotName} = C:\Users\adm\Downloads\NVDA-2026.2-HARDENED-COMPLETE-TEST-V5\NVDA-2026.2-HARDENED-SOURCE-V5\testOutput\system\nvdaTestRunLogs\Robot.symbolPronunciationTests-moveByWord-failedTest.png</msg>
<var>${screenshotName}</var>
<arg>failedTest.png</arg>
<doc>EG for nvda.log path will become:
${OUTPUT DIR}/nvdaTestRunLogs/${SUITE NAME}-${TEST NAME}-nvda.log</doc>
<status status="PASS" start="2026-09-03T19:35:04.019574" elapsed="0.000465"/>
</kw>
<kw name="Run Keyword If Test Failed" owner="BuiltIn">
<kw name="Take Screenshot" owner="ScreenCapLibrary">
<msg time="2026-09-03T19:35:04.230940" level="INFO" html="true">&lt;a href="nvdaTestRunLogs/Robot.symbolPronunciationTests-moveByWord-failedTest.png"&gt;&lt;img src="nvdaTestRunLogs/Robot.symbolPronunciationTests-moveByWord-failedTest.png" width="800px"&gt;&lt;/a&gt;</msg>
<arg>${screenShotName}</arg>
<doc>Takes a screenshot in the specified format at library import and
embeds it into the log file (PNG by default).</doc>
<status status="PASS" start="2026-09-03T19:35:04.020458" elapsed="0.210720"/>
</kw>
<arg>Take Screenshot</arg>
<arg>${screenShotName}</arg>
<doc>Runs the given keyword with the given arguments, if the test failed.</doc>
<status status="PASS" start="2026-09-03T19:35:04.020227" elapsed="0.211078"/>
</kw>
<kw name="Dump Speech To Log" owner="nvdaSpyLib">
<status status="PASS" start="2026-09-03T19:35:04.231598" elapsed="0.003034"/>
</kw>
<kw name="Exit Notepad" owner="NotepadLib">
<msg time="2026-09-03T19:35:04.235079" level="INFO">Is Start process still running (True expected): True</msg>
<msg time="2026-09-03T19:35:04.235185" level="INFO">Test case in foreground, trying to close</msg>
<msg time="2026-09-03T19:35:04.235238" level="INFO">emulateKeyPress ('alt+f4',)</msg>
<msg time="2026-09-03T19:35:04.363499" level="INFO">Waiting for process to complete.</msg>
<msg time="2026-09-03T19:35:14.393487" level="INFO">Process did not complete in 10 seconds.</msg>
<msg time="2026-09-03T19:35:14.393641" level="INFO">Leaving process intact.</msg>
<msg time="2026-09-03T19:35:14.393727" level="INFO">Is Start process still running (False expected): True</msg>
<status status="PASS" start="2026-09-03T19:35:04.234860" elapsed="10.158987"/>
</kw>
<kw name="Quit NVDA" owner="NvdaLib">
<msg time="2026-09-03T19:35:14.394391" level="INFO">Stopping nvdaSpy server: http://127.0.0.1:8270</msg>
<msg time="2026-09-03T19:35:14.399785" level="INFO">Starting process:
C:\Users\adm\Downloads\NVDA-2026.2-HARDENED-COMPLETE-TEST-V5\NVDA-2026.2-HARDENED-SOURCE-V5\runnvda.bat -q --disable-addons</msg>
<msg time="2026-09-03T19:35:14.399908" level="DEBUG">Process configuration:
cwd:     C:\Users\adm\Downloads\NVDA-2026.2-HARDENED-COMPLETE-TEST-V5\NVDA-2026.2-HARDENED-SOURCE-V5
shell:   True
stdout:  PIPE
stderr:  PIPE
stdin:   None
alias:   None
env:     None</msg>
<msg time="2026-09-03T19:35:14.406012" level="INFO">Waiting for process to complete.</msg>
<msg time="2026-09-03T19:35:17.588220" level="INFO">Process completed.</msg>
<msg time="2026-09-03T19:35:17.588372" level="INFO">Waiting for process to complete.</msg>
<msg time="2026-09-03T19:35:17.588863" level="INFO">Process completed.</msg>
<msg time="2026-09-03T19:35:17.588966" level="INFO">Saving NVDA log</msg>
<msg time="2026-09-03T19:35:17.594315" level="INFO" html="true">Copied file from '&lt;a href="file://C:\Users\adm\AppData\Local\Temp\nvdaProfile\nvda.log"&gt;C:\Users\adm\AppData\Local\Temp\nvdaProfile\nvda.log&lt;/a&gt;' to '&lt;a href="file://C:\Users\adm\Downloads\NVDA-2026.2-HARDENED-COMPLETE-TEST-V5\NVDA-2026.2-HARDENED-SOURCE-V5\testOutput\system\nvdaTestRunLogs\Robot.symbolPronunciationTests-moveByWord-nvda.log"&gt;C:\Users\adm\Downloads\NVDA-2026.2-HARDENED-COMPLETE-TEST-V5\NVDA-2026.2-HARDENED-SOURCE-V5\testOutput\system\nvdaTestRunLogs\Robot.symbolPronunciationTests-moveByWord-nvda.log&lt;/a&gt;'.</msg>
<msg time="2026-09-03T19:35:17.594433" level="DEBUG">Log saved to: C:\Users\adm\Downloads\NVDA-2026.2-HARDENED-COMPLETE-TEST-V5\NVDA-2026.2-HARDENED-SOURCE-V5\testOutput\system\nvdaTestRunLogs\Robot.symbolPronunciationTests-moveByWord-nvda.log</msg>
<msg time="2026-09-03T19:35:17.594518" level="INFO">No py2exe log</msg>
<msg time="2026-09-03T19:35:17.594787" level="INFO" html="true">File '&lt;a href="file://C:\Users\adm\AppData\Local\Temp\nvdaProfile\nvda_crash.dmp"&gt;C:\Users\adm\AppData\Local\Temp\nvdaProfile\nvda_crash.dmp&lt;/a&gt;' does not exist.</msg>
<msg time="2026-09-03T19:35:17.594859" level="DEBUG">Cleaning up NVDA profile</msg>
<msg time="2026-09-03T19:35:17.608398" level="INFO" html="true">Removed directory '&lt;a href="file://C:\Users\adm\AppData\Local\Temp\nvdaProfile"&gt;C:\Users\adm\AppData\Local\Temp\nvdaProfile&lt;/a&gt;'.</msg>
<status status="PASS" start="2026-09-03T19:35:14.394185" elapsed="3.214383"/>
</kw>
<status status="PASS" start="2026-09-03T19:35:04.018666" elapsed="13.590085"/>
</kw>
<doc>Ensure symbols announced as expected when navigating by word (numpad 6).</doc>
<tag>NVDA</tag>
<tag>smoke test</tag>
<tag>symbols</tag>
<status status="FAIL" start="2026-09-03T19:34:30.432102" elapsed="47.176780">actual vs expected. With symbolLevel SymLevel.NONE: ['deux points', 'Say', 'parenthèse gauche', 'spelling error  quietly', 'out of spelling error\nparenthèse droite', 'guillemet', 'Hello', 'virgule', 'Jim', '.', "spelling error  don't", 'out of spelling error\nflèche droite', 'T-shirt', 'retour chariot', '1', 'barre verticale', '2', '', '3', 'arobase', '4', 'retour chariot'] != ['Say', '(quietly)', 'Hello,', 'Jim', '.', "don't", 'right-pointing arrow', 't-shirt', '1', 'bar', '2', '', '3', '', '4', 'blank', '', 'blank', 'right-pointing arrow', 't-shirt', 't-shirt', 'blank']</status>
</test>
<test id="s1-s1-t3" name="moveByLine" line="42">
<kw name="default setup" type="SETUP">
<kw name="Log Foreground Window Title" owner="WindowsLib">
<msg time="2026-09-03T19:35:17.611431" level="INFO">Foreground window title: test (3169083360947895359).txt – Bloc-notes</msg>
<doc>Debugging helper, log the current foreground window title to the robot framework log.
See log.html.</doc>
<status status="PASS" start="2026-09-03T19:35:17.611190" elapsed="0.000331"/>
</kw>
<kw name="Start NVDA" owner="NvdaLib">
<msg time="2026-09-03T19:35:17.611899" level="INFO">Starting NVDA with config: standard-dontShowWelcomeDialog.ini</msg>
<msg time="2026-09-03T19:35:17.611948" level="DEBUG">Copying files into NVDA profile</msg>
<msg time="2026-09-03T19:35:17.625654" level="INFO" html="true">Copied file from '&lt;a href="file://C:\Users\adm\Downloads\NVDA-2026.2-HARDENED-COMPLETE-TEST-V5\NVDA-2026.2-HARDENED-SOURCE-V5\tests\system\nvdaSettingsFiles\standard-dontShowWelcomeDialog.ini"&gt;C:\Users\adm\Downloads\NVDA-2026.2-HARDENED-COMPLETE-TEST-V5\NVDA-2026.2-HARDENED-SOURCE-V5\tests\system\nvdaSettingsFiles\standard-dontShowWelcomeDialog.ini&lt;/a&gt;' to '&lt;a href="file://C:\Users\adm\AppData\Local\Temp\nvdaProfile\nvda.ini"&gt;C:\Users\adm\AppData\Local\Temp\nvdaProfile\nvda.ini&lt;/a&gt;'.</msg>
<msg time="2026-09-03T19:35:17.627973" level="INFO" html="true">Created directory '&lt;a href="file://C:\Users\adm\AppData\Local\Temp\nvdaProfile\scratchpad\globalPlugins\speechSpyGlobalPlugin\libs"&gt;C:\Users\adm\AppData\Local\Temp\nvdaProfile\scratchpad\globalPlugins\speechSpyGlobalPlugin\libs&lt;/a&gt;'.</msg>
<msg time="2026-09-03T19:35:17.632422" level="INFO" html="true">Copied file from '&lt;a href="file://C:\Users\adm\Downloads\NVDA-2026.2-HARDENED-COMPLETE-TEST-V5\NVDA-2026.2-HARDENED-SOURCE-V5\.venv\Lib\site-packages\robotremoteserver.py"&gt;C:\Users\adm\Downloads\NVDA-2026.2-HARDENED-COMPLETE-TEST-V5\NVDA-2026.2-HARDENED-SOURCE-V5\.venv\Lib\site-packages\robotremoteserver.py&lt;/a&gt;' to '&lt;a href="file://C:\Users\adm\AppData\Local\Temp\nvdaProfile\scratchpad\globalPlugins\speechSpyGlobalPlugin\libs\robotremoteserver.py"&gt;C:\Users\adm\AppData\Local\Temp\nvdaProfile\scratchpad\globalPlugins\speechSpyGlobalPlugin\libs\robotremoteserver.py&lt;/a&gt;'.</msg>
<msg time="2026-09-03T19:35:17.642973" level="INFO" html="true">Copied directory from '&lt;a href="file://C:\Program Files\Python313\Lib\xmlrpc"&gt;C:\Program Files\Python313\Lib\xmlrpc&lt;/a&gt;' to '&lt;a href="file://C:\Users\adm\AppData\Local\Temp\nvdaProfile\scratchpad\globalPlugins\speechSpyGlobalPlugin\libs\xmlrpc"&gt;C:\Users\adm\AppData\Local\Temp\nvdaProfile\scratchpad\globalPlugins\speechSpyGlobalPlugin\libs\xmlrpc&lt;/a&gt;'.</msg>
<msg time="2026-09-03T19:35:17.647112" level="INFO" html="true">Copied file from '&lt;a href="file://C:\Users\adm\Downloads\NVDA-2026.2-HARDENED-COMPLETE-TEST-V5\NVDA-2026.2-HARDENED-SOURCE-V5\tests\system\libraries\SystemTestSpy\speechSpyGlobalPlugin.py"&gt;C:\Users\adm\Downloads\NVDA-2026.2-HARDENED-COMPLETE-TEST-V5\NVDA-2026.2-HARDENED-SOURCE-V5\tests\system\libraries\SystemTestSpy\speechSpyGlobalPlugin.py&lt;/a&gt;' to '&lt;a href="file://C:\Users\adm\AppData\Local\Temp\nvdaProfile\scratchpad\globalPlugins\speechSpyGlobalPlugin\__init__.py"&gt;C:\Users\adm\AppData\Local\Temp\nvdaProfile\scratchpad\globalPlugins\speechSpyGlobalPlugin\__init__.py&lt;/a&gt;'.</msg>
<msg time="2026-09-03T19:35:17.651494" level="INFO" html="true">Copied file from '&lt;a href="file://C:\Users\adm\Downloads\NVDA-2026.2-HARDENED-COMPLETE-TEST-V5\NVDA-2026.2-HARDENED-SOURCE-V5\tests\system\libraries\SystemTestSpy\blockUntilConditionMet.py"&gt;C:\Users\adm\Downloads\NVDA-2026.2-HARDENED-COMPLETE-TEST-V5\NVDA-2026.2-HARDENED-SOURCE-V5\tests\system\libraries\SystemTestSpy\blockUntilConditionMet.py&lt;/a&gt;' to '&lt;a href="file://C:\Users\adm\AppData\Local\Temp\nvdaProfile\scratchpad\globalPlugins\speechSpyGlobalPlugin\blockUntilConditionMet.py"&gt;C:\Users\adm\AppData\Local\Temp\nvdaProfile\scratchpad\globalPlugins\speechSpyGlobalPlugin\blockUntilConditionMet.py&lt;/a&gt;'.</msg>
<msg time="2026-09-03T19:35:17.656245" level="INFO" html="true">Copied file from '&lt;a href="file://C:\Users\adm\Downloads\NVDA-2026.2-HARDENED-COMPLETE-TEST-V5\NVDA-2026.2-HARDENED-SOURCE-V5\tests\system\libraries\SystemTestSpy\speechSpySynthDriver.py"&gt;C:\Users\adm\Downloads\NVDA-2026.2-HARDENED-COMPLETE-TEST-V5\NVDA-2026.2-HARDENED-SOURCE-V5\tests\system\libraries\SystemTestSpy\speechSpySynthDriver.py&lt;/a&gt;' to '&lt;a href="file://C:\Users\adm\AppData\Local\Temp\nvdaProfile\scratchpad\synthDrivers\speechSpySynthDriver.py"&gt;C:\Users\adm\AppData\Local\Temp\nvdaProfile\scratchpad\synthDrivers\speechSpySynthDriver.py&lt;/a&gt;'.</msg>
<msg time="2026-09-03T19:35:17.656373" level="DEBUG">Config copied</msg>
<msg time="2026-09-03T19:35:17.656516" level="INFO" html="true">File '&lt;a href="file://C:\Users\adm\Downloads\NVDA-2026.2-HARDENED-COMPLETE-TEST-V5\NVDA-2026.2-HARDENED-SOURCE-V5\runnvda.bat"&gt;C:\Users\adm\Downloads\NVDA-2026.2-HARDENED-COMPLETE-TEST-V5\NVDA-2026.2-HARDENED-SOURCE-V5\runnvda.bat&lt;/a&gt;' exists.</msg>
<msg time="2026-09-03T19:35:17.656604" level="INFO" html="true">Directory '&lt;a href="file://C:\Users\adm\AppData\Local\Temp\nvdaProfile"&gt;C:\Users\adm\AppData\Local\Temp\nvdaProfile&lt;/a&gt;' already exists.</msg>
<msg time="2026-09-03T19:35:17.656694" level="INFO" html="true">Directory '&lt;a href="file://C:\Users\adm\Downloads\NVDA-2026.2-HARDENED-COMPLETE-TEST-V5\NVDA-2026.2-HARDENED-SOURCE-V5\testOutput\system\nvdaTestRunLogs"&gt;C:\Users\adm\Downloads\NVDA-2026.2-HARDENED-COMPLETE-TEST-V5\NVDA-2026.2-HARDENED-SOURCE-V5\testOutput\system\nvdaTestRunLogs&lt;/a&gt;' already exists.</msg>
<msg time="2026-09-03T19:35:17.658025" level="INFO">Starting process:
C:\Users\adm\Downloads\NVDA-2026.2-HARDENED-COMPLETE-TEST-V5\NVDA-2026.2-HARDENED-SOURCE-V5\runnvda.bat --debug-logging -r -c "C:\Users\adm\AppData\Local\Temp\nvdaProfile" --log-file "C:\Users\adm\AppData\Local\Temp\nvdaProfile\nvda.log"</msg>
<msg time="2026-09-03T19:35:17.658113" level="DEBUG">Process configuration:
cwd:     C:\Users\adm\Downloads\NVDA-2026.2-HARDENED-COMPLETE-TEST-V5\NVDA-2026.2-HARDENED-SOURCE-V5
shell:   True
stdout:  C:\Users\adm\Downloads\NVDA-2026.2-HARDENED-COMPLETE-TEST-V5\NVDA-2026.2-HARDENED-SOURCE-V5\testOutput\system\nvdaTestRunLogs\Robot.symbolPronunciationTests-moveByLine-stdout.txt
stderr:  C:\Users\adm\Downloads\NVDA-2026.2-HARDENED-COMPLETE-TEST-V5\NVDA-2026.2-HARDENED-SOURCE-V5\testOutput\system\nvdaTestRunLogs\Robot.symbolPronunciationTests-moveByLine-stderr.txt
stdin:   None
alias:   nvdaAlias
env:     None</msg>
<msg time="2026-09-03T19:35:17.663407" level="DEBUG">Started NVDA process</msg>
<msg time="2026-09-03T19:35:17.663566" level="DEBUG">Waiting for nvdaSpyLib to be available at: http://127.0.0.1:8270</msg>
<msg time="2026-09-03T19:35:22.248321" level="DEBUG">Connecting to nvdaSpyLib</msg>
<msg time="2026-09-03T19:35:22.250226" level="DEBUG">Getting nvdaSpyLib library instance</msg>
<msg time="2026-09-03T19:35:22.252800" level="INFO">init_max_keyword_duration {'maxSeconds': 30}</msg>
<msg time="2026-09-03T19:35:22.254933" level="DEBUG">Connected to RF remote server</msg>
<msg time="2026-09-03T19:35:22.255020" level="INFO">wait_for_NVDA_startup_to_complete</msg>
<msg time="2026-09-03T19:35:22.256958" level="DEBUG">Startup complete</msg>
<arg>standard-dontShowWelcomeDialog.ini</arg>
<status status="PASS" start="2026-09-03T19:35:17.611683" elapsed="4.645379"/>
</kw>
<kw name="Log Foreground Window Title" owner="WindowsLib">
<msg time="2026-09-03T19:35:22.257458" level="INFO">Foreground window title: test (3169083360947895359).txt – Bloc-notes</msg>
<doc>Debugging helper, log the current foreground window title to the robot framework log.
See log.html.</doc>
<status status="PASS" start="2026-09-03T19:35:22.257295" elapsed="0.000244"/>
</kw>
<kw name="Enable Verbose Debug Logging If Requested" owner="NvdaLib">
<status status="PASS" start="2026-09-03T19:35:22.257696" elapsed="0.001417"/>
</kw>
<status status="PASS" start="2026-09-03T19:35:17.610498" elapsed="4.648731"/>
</kw>
<kw name="Test MoveByLine" owner="symbolPronunciationTests">
<msg time="2026-09-03T19:35:22.269677" level="INFO">wait_for_speech_to_finish</msg>
<msg time="2026-09-03T19:35:23.576049" level="INFO">starting notepad: C:\Users\adm\AppData\Local\Temp\tmpznt9rzxx\test (4953267663639721473).txt</msg>
<msg time="2026-09-03T19:35:23.576206" level="INFO">Starting process:
start /wait notepad "C:\Users\adm\AppData\Local\Temp\tmpznt9rzxx\test (4953267663639721473).txt"</msg>
<msg time="2026-09-03T19:35:23.576438" level="DEBUG">Process configuration:
cwd:     C:\Users\adm\Downloads\NVDA-2026.2-HARDENED-COMPLETE-TEST-V5\NVDA-2026.2-HARDENED-SOURCE-V5
shell:   True
stdout:  PIPE
stderr:  PIPE
stdin:   None
alias:   NotepadAlias
env:     None</msg>
<msg time="2026-09-03T19:35:23.599064" level="DEBUG">No windows found matching the pattern: re.compile('^test \\(4953267663639721473\\)')</msg>
<msg time="2026-09-03T19:35:24.098475" level="DEBUG">Found window (HWND: 5376030) (title: test (4953267663639721473).txt – Bloc-notes)</msg>
<msg time="2026-09-03T19:35:24.099586" level="INFO">Found window (HWND: 5376030) (title: test (4953267663639721473).txt – Bloc-notes)</msg>
<msg time="2026-09-03T19:35:24.099656" level="INFO">Foreground window title: test (4953267663639721473).txt – Bloc-notes</msg>
<msg time="2026-09-03T19:35:24.099834" level="INFO">wait_for_speech_to_finish</msg>
<msg time="2026-09-03T19:35:25.007804" level="INFO">get_next_speech_index</msg>
<msg time="2026-09-03T19:35:25.010064" level="INFO">emulateKeyPress ('control+home',)</msg>
<msg time="2026-09-03T19:35:25.232669" level="INFO">wait_for_speech_to_finish {'speechStartedIndex': 4}</msg>
<msg time="2026-09-03T19:35:26.240917" level="INFO">get_speech_at_index_until_now (4,)</msg>
<msg time="2026-09-03T19:35:26.243567" level="INFO">set_configValue (['documentFormatting', 'reportLineIndentation'], 0)</msg>
<msg time="2026-09-03T19:35:26.259349" level="INFO">set_configValue (['documentFormatting', 'ignoreBlankLinesForRLI'], False)</msg>
<msg time="2026-09-03T19:35:26.274736" level="INFO">set_configValue (['speech', 'symbolLevel'], 0)</msg>
<msg time="2026-09-03T19:35:26.277054" level="INFO">Doing test at symbol level: SymLevel.NONE, line indentation reporting: ReportLineIndentation.OFF, ignore blank lines for line indentation reporting: False</msg>
<msg time="2026-09-03T19:35:26.277187" level="INFO">wait_for_speech_to_finish</msg>
<msg time="2026-09-03T19:35:26.279299" level="INFO">get_next_speech_index</msg>
<msg time="2026-09-03T19:35:26.280901" level="INFO">emulateKeyPress ('numpad9',)</msg>
<msg time="2026-09-03T19:35:26.386793" level="INFO">wait_for_speech_to_finish {'speechStartedIndex': 5}</msg>
<msg time="2026-09-03T19:35:27.394358" level="INFO">get_speech_at_index_until_now (5,)</msg>
<msg time="2026-09-03T19:35:27.396715" level="INFO">wait_for_speech_to_finish</msg>
<msg time="2026-09-03T19:35:27.398673" level="INFO">get_next_speech_index</msg>
<msg time="2026-09-03T19:35:27.400278" level="INFO">emulateKeyPress ('numpad9',)</msg>
<msg time="2026-09-03T19:35:27.505852" level="INFO">wait_for_speech_to_finish {'speechStartedIndex': 6}</msg>
<msg time="2026-09-03T19:35:28.513276" level="INFO">get_speech_at_index_until_now (6,)</msg>
<msg time="2026-09-03T19:35:28.515448" level="INFO">wait_for_speech_to_finish</msg>
<msg time="2026-09-03T19:35:28.517306" level="INFO">get_next_speech_index</msg>
<msg time="2026-09-03T19:35:28.518886" level="INFO">emulateKeyPress ('numpad9',)</msg>
<msg time="2026-09-03T19:35:28.633217" level="INFO">wait_for_speech_to_finish {'speechStartedIndex': 7}</msg>
<msg time="2026-09-03T19:35:29.540928" level="INFO">get_speech_at_index_until_now (7,)</msg>
<msg time="2026-09-03T19:35:29.543199" level="INFO">wait_for_speech_to_finish</msg>
<msg time="2026-09-03T19:35:29.545109" level="INFO">get_next_speech_index</msg>
<msg time="2026-09-03T19:35:29.569413" level="INFO">emulateKeyPress ('numpad9',)</msg>
<msg time="2026-09-03T19:35:29.676552" level="INFO">wait_for_speech_to_finish {'speechStartedIndex': 8}</msg>
<msg time="2026-09-03T19:35:30.683920" level="INFO">get_speech_at_index_until_now (8,)</msg>
<msg time="2026-09-03T19:35:30.686255" level="INFO">wait_for_speech_to_finish</msg>
<msg time="2026-09-03T19:35:30.707498" level="INFO">get_next_speech_index</msg>
<msg time="2026-09-03T19:35:30.722440" level="INFO">emulateKeyPress ('numpad9',)</msg>
<msg time="2026-09-03T19:35:30.842198" level="INFO">wait_for_speech_to_finish {'speechStartedIndex': 9}</msg>
<msg time="2026-09-03T19:35:31.848778" level="INFO">get_speech_at_index_until_now (9,)</msg>
<msg time="2026-09-03T19:35:31.851122" level="INFO">wait_for_speech_to_finish</msg>
<msg time="2026-09-03T19:35:31.853148" level="INFO">get_next_speech_index</msg>
<msg time="2026-09-03T19:35:31.854760" level="INFO">emulateKeyPress ('numpad9',)</msg>
<msg time="2026-09-03T19:35:31.960402" level="INFO">wait_for_speech_to_finish {'speechStartedIndex': 10}</msg>
<msg time="2026-09-03T19:35:32.968199" level="INFO">get_speech_at_index_until_now (10,)</msg>
<msg time="2026-09-03T19:35:32.970543" level="INFO">wait_for_speech_to_finish</msg>
<msg time="2026-09-03T19:35:32.972489" level="INFO">get_next_speech_index</msg>
<msg time="2026-09-03T19:35:32.974367" level="INFO">emulateKeyPress ('numpad9',)</msg>
<msg time="2026-09-03T19:35:33.096316" level="INFO">wait_for_speech_to_finish {'speechStartedIndex': 11}</msg>
<msg time="2026-09-03T19:35:34.028256" level="INFO">get_speech_at_index_until_now (11,)</msg>
<msg time="2026-09-03T19:35:34.030424" level="INFO">wait_for_speech_to_finish</msg>
<msg time="2026-09-03T19:35:34.032420" level="INFO">get_next_speech_index</msg>
<msg time="2026-09-03T19:35:34.050964" level="INFO">emulateKeyPress ('numpad9',)</msg>
<msg time="2026-09-03T19:35:34.177215" level="INFO">wait_for_speech_to_finish {'speechStartedIndex': 12}</msg>
<msg time="2026-09-03T19:35:35.185398" level="INFO">get_speech_at_index_until_now (12,)</msg>
<msg time="2026-09-03T19:35:35.187714" level="INFO">wait_for_speech_to_finish</msg>
<msg time="2026-09-03T19:35:35.189641" level="INFO">get_next_speech_index</msg>
<msg time="2026-09-03T19:35:35.191432" level="INFO">emulateKeyPress ('numpad9',)</msg>
<msg time="2026-09-03T19:35:35.308183" level="INFO">wait_for_speech_to_finish {'speechStartedIndex': 13}</msg>
<msg time="2026-09-03T19:35:36.315857" level="INFO">get_speech_at_index_until_now (13,)</msg>
<msg time="2026-09-03T19:35:36.318117" level="INFO">wait_for_speech_to_finish</msg>
<msg time="2026-09-03T19:35:36.342668" level="INFO">get_next_speech_index</msg>
<msg time="2026-09-03T19:35:36.344800" level="INFO">emulateKeyPress ('numpad9',)</msg>
<msg time="2026-09-03T19:35:36.461955" level="INFO">wait_for_speech_to_finish {'speechStartedIndex': 14}</msg>
<msg time="2026-09-03T19:35:37.470944" level="INFO">get_speech_at_index_until_now (14,)</msg>
<msg time="2026-09-03T19:35:37.473383" level="INFO">wait_for_speech_to_finish</msg>
<msg time="2026-09-03T19:35:37.475166" level="INFO">get_next_speech_index</msg>
<msg time="2026-09-03T19:35:37.476747" level="INFO">emulateKeyPress ('numpad9',)</msg>
<msg time="2026-09-03T19:35:37.582220" level="INFO">wait_for_speech_to_finish {'speechStartedIndex': 15}</msg>
<msg time="2026-09-03T19:35:38.590555" level="INFO">get_speech_at_index_until_now (15,)</msg>
<msg time="2026-09-03T19:35:38.592892" level="INFO">wait_for_speech_to_finish</msg>
<msg time="2026-09-03T19:35:38.594826" level="INFO">get_next_speech_index</msg>
<msg time="2026-09-03T19:35:38.596545" level="INFO">emulateKeyPress ('numpad9',)</msg>
<msg time="2026-09-03T19:35:38.702319" level="INFO">wait_for_speech_to_finish {'speechStartedIndex': 16}</msg>
<msg time="2026-09-03T19:35:39.710296" level="INFO">get_speech_at_index_until_now (16,)</msg>
<msg time="2026-09-03T19:35:39.712511" level="INFO">wait_for_speech_to_finish</msg>
<msg time="2026-09-03T19:35:39.714356" level="INFO">get_next_speech_index</msg>
<msg time="2026-09-03T19:35:39.715955" level="INFO">emulateKeyPress ('numpad9',)</msg>
<msg time="2026-09-03T19:35:39.821929" level="INFO">wait_for_speech_to_finish {'speechStartedIndex': 17}</msg>
<msg time="2026-09-03T19:35:40.827486" level="INFO">get_speech_at_index_until_now (17,)</msg>
<msg time="2026-09-03T19:35:40.829648" level="INFO">wait_for_speech_to_finish</msg>
<msg time="2026-09-03T19:35:40.831440" level="INFO">get_next_speech_index</msg>
<msg time="2026-09-03T19:35:40.833131" level="INFO">emulateKeyPress ('numpad9',)</msg>
<msg time="2026-09-03T19:35:40.939494" level="INFO">wait_for_speech_to_finish {'speechStartedIndex': 18}</msg>
<msg time="2026-09-03T19:35:41.948160" level="INFO">get_speech_at_index_until_now (18,)</msg>
<msg time="2026-09-03T19:35:41.950428" level="INFO">wait_for_speech_to_finish</msg>
<msg time="2026-09-03T19:35:41.952339" level="INFO">get_next_speech_index</msg>
<msg time="2026-09-03T19:35:41.954007" level="INFO">emulateKeyPress ('numpad9',)</msg>
<msg time="2026-09-03T19:35:42.059534" level="INFO">wait_for_speech_to_finish {'speechStartedIndex': 19}</msg>
<msg time="2026-09-03T19:35:43.066967" level="INFO">get_speech_at_index_until_now (19,)</msg>
<msg time="2026-09-03T19:35:43.069260" level="DEBUG">Argument types are:
&lt;class 'list'&gt;
&lt;class 'list'&gt;</msg>
<msg time="2026-09-03T19:35:43.069542" level="FAIL">actual vs expected. With symbolLevel SymLevel.NONE: ['Say', '(  spelling error  quietly)', 'Hello,', 'Jim .', "spelling error  don't", '', 'T-shirt', '', 'T-shirt', 'T-shirt', '1   2    3  arobase     4', 'blank', '', 'blank', 'blank'] != ['Say', '(quietly)', 'Hello,', 'Jim .', "don't", '', 't-shirt', '', 't-shirt', 't-shirt', '1   2    3      4', 'blank', '', 'blank', 'blank']</msg>
<msg time="2026-09-03T19:35:43.071685" level="DEBUG">Traceback (most recent call last):
  File "C:\Users\adm\Downloads\NVDA-2026.2-HARDENED-COMPLETE-TEST-V5\NVDA-2026.2-HARDENED-SOURCE-V5\tests\system\robot\symbolPronunciationTests.py", line 221, in test_moveByLine
    _doTest(
    ~~~~~~~^
    	navKey=Move.REVIEW_LINE,
     ^^^^^^^^^^^^^^^^^^^^^^^^
    ...&lt;18 lines&gt;...
    	],
     ^^
    )
    ^
  File "C:\Users\adm\Downloads\NVDA-2026.2-HARDENED-COMPLETE-TEST-V5\NVDA-2026.2-HARDENED-SOURCE-V5\tests\system\robot\symbolPronunciationTests.py", line 657, in _doTest
    _builtIn.should_be_equal(
    ~~~~~~~~~~~~~~~~~~~~~~~~^
    	actual,
     ^^^^^^^
    	expectedSpeech,
     ^^^^^^^^^^^^^^^
    	msg=f"actual vs expected. With symbolLevel {symbolLevel}",
     ^^^^^^^^^^^^^^^^^^^^^^^^^^^^^^^^^^^^^^^^^^^^^^^^^^^^^^^^^^
    )
    ^
  File "C:\Users\adm\Downloads\NVDA-2026.2-HARDENED-COMPLETE-TEST-V5\NVDA-2026.2-HARDENED-SOURCE-V5\.venv\Lib\site-packages\robot\libraries\BuiltIn.py", line 680, in should_be_equal
    self._should_be_equal(first, second, msg, values, formatter)
    ~~~~~~~~~~~~~~~~~~~~~^^^^^^^^^^^^^^^^^^^^^^^^^^^^^^^^^^^^^^^
  File "C:\Users\adm\Downloads\NVDA-2026.2-HARDENED-COMPLETE-TEST-V5\NVDA-2026.2-HARDENED-SOURCE-V5\.venv\Lib\site-packages\robot\libraries\BuiltIn.py", line 706, in _should_be_equal
    assert_equal(first, second, msg, include_values, formatter)
    ~~~~~~~~~~~~^^^^^^^^^^^^^^^^^^^^^^^^^^^^^^^^^^^^^^^^^^^^^^^
  File "C:\Users\adm\Downloads\NVDA-2026.2-HARDENED-COMPLETE-TEST-V5\NVDA-2026.2-HARDENED-SOURCE-V5\.venv\Lib\site-packages\robot\utils\asserts.py", line 180, in assert_equal
    _report_inequality(first, second, "!=", msg, values, formatter)
    ~~~~~~~~~~~~~~~~~~^^^^^^^^^^^^^^^^^^^^^^^^^^^^^^^^^^^^^^^^^^^^^
  File "C:\Users\adm\Downloads\NVDA-2026.2-HARDENED-COMPLETE-TEST-V5\NVDA-2026.2-HARDENED-SOURCE-V5\.venv\Lib\site-packages\robot\utils\asserts.py", line 237, in _report_inequality
    raise AssertionError(msg)
AssertionError: actual vs expected. With symbolLevel SymLevel.NONE: ['Say', '(  spelling error  quietly)', 'Hello,', 'Jim .', "spelling error  don't", '', 'T-shirt', '', 'T-shirt', 'T-shirt', '1   2    3  arobase     4', 'blank', '', 'blank', 'blank'] != ['Say', '(quietly)', 'Hello,', 'Jim .', "don't", '', 't-shirt', '', 't-shirt', 't-shirt', '1   2    3      4', 'blank', '', 'blank', 'blank']</msg>
<doc>Move by line with symbol level 'none' then with symbol level 'all'</doc>
<status status="FAIL" start="2026-09-03T19:35:22.259420" elapsed="20.812363">actual vs expected. With symbolLevel SymLevel.NONE: ['Say', '(  spelling error  quietly)', 'Hello,', 'Jim .', "spelling error  don't", '', 'T-shirt', '', 'T-shirt', 'T-shirt', '1   2    3  arobase     4', 'blank', '', 'blank', 'blank'] != ['Say', '(quietly)', 'Hello,', 'Jim .', "don't", '', 't-shirt', '', 't-shirt', 't-shirt', '1   2    3      4', 'blank', '', 'blank', 'blank']</status>
</kw>
<kw name="default teardown" type="TEARDOWN">
<kw name="Log Foreground Window Title" owner="WindowsLib">
<msg time="2026-09-03T19:35:43.073054" level="INFO">Foreground window title: test (4953267663639721473).txt – Bloc-notes</msg>
<doc>Debugging helper, log the current foreground window title to the robot framework log.
See log.html.</doc>
<status status="PASS" start="2026-09-03T19:35:43.072877" elapsed="0.000263"/>
</kw>
<kw name="Create Preserved Test Output Filename" owner="NvdaLib">
<msg time="2026-09-03T19:35:43.074076" level="INFO">${screenshotName} = C:\Users\adm\Downloads\NVDA-2026.2-HARDENED-COMPLETE-TEST-V5\NVDA-2026.2-HARDENED-SOURCE-V5\testOutput\system\nvdaTestRunLogs\Robot.symbolPronunciationTests-moveByLine-failedTest.png</msg>
<var>${screenshotName}</var>
<arg>failedTest.png</arg>
<doc>EG for nvda.log path will become:
${OUTPUT DIR}/nvdaTestRunLogs/${SUITE NAME}-${TEST NAME}-nvda.log</doc>
<status status="PASS" start="2026-09-03T19:35:43.073566" elapsed="0.000558"/>
</kw>
<kw name="Run Keyword If Test Failed" owner="BuiltIn">
<kw name="Take Screenshot" owner="ScreenCapLibrary">
<msg time="2026-09-03T19:35:43.289775" level="INFO" html="true">&lt;a href="nvdaTestRunLogs/Robot.symbolPronunciationTests-moveByLine-failedTest.png"&gt;&lt;img src="nvdaTestRunLogs/Robot.symbolPronunciationTests-moveByLine-failedTest.png" width="800px"&gt;&lt;/a&gt;</msg>
<arg>${screenShotName}</arg>
<doc>Takes a screenshot in the specified format at library import and
embeds it into the log file (PNG by default).</doc>
<status status="PASS" start="2026-09-03T19:35:43.074558" elapsed="0.215490"/>
</kw>
<arg>Take Screenshot</arg>
<arg>${screenShotName}</arg>
<doc>Runs the given keyword with the given arguments, if the test failed.</doc>
<status status="PASS" start="2026-09-03T19:35:43.074323" elapsed="0.215859"/>
</kw>
<kw name="Dump Speech To Log" owner="nvdaSpyLib">
<status status="PASS" start="2026-09-03T19:35:43.290485" elapsed="0.002999"/>
</kw>
<kw name="Exit Notepad" owner="NotepadLib">
<msg time="2026-09-03T19:35:43.293869" level="INFO">Is Start process still running (True expected): True</msg>
<msg time="2026-09-03T19:35:43.293952" level="INFO">Test case in foreground, trying to close</msg>
<msg time="2026-09-03T19:35:43.293997" level="INFO">emulateKeyPress ('alt+f4',)</msg>
<msg time="2026-09-03T19:35:43.436259" level="INFO">Waiting for process to complete.</msg>
<msg time="2026-09-03T19:35:53.466846" level="INFO">Process did not complete in 10 seconds.</msg>
<msg time="2026-09-03T19:35:53.466995" level="INFO">Leaving process intact.</msg>
<msg time="2026-09-03T19:35:53.467080" level="INFO">Is Start process still running (False expected): True</msg>
<status status="PASS" start="2026-09-03T19:35:43.293693" elapsed="10.173506"/>
</kw>
<kw name="Quit NVDA" owner="NvdaLib">
<msg time="2026-09-03T19:35:53.467738" level="INFO">Stopping nvdaSpy server: http://127.0.0.1:8270</msg>
<msg time="2026-09-03T19:35:53.472884" level="INFO">Starting process:
C:\Users\adm\Downloads\NVDA-2026.2-HARDENED-COMPLETE-TEST-V5\NVDA-2026.2-HARDENED-SOURCE-V5\runnvda.bat -q --disable-addons</msg>
<msg time="2026-09-03T19:35:53.473014" level="DEBUG">Process configuration:
cwd:     C:\Users\adm\Downloads\NVDA-2026.2-HARDENED-COMPLETE-TEST-V5\NVDA-2026.2-HARDENED-SOURCE-V5
shell:   True
stdout:  PIPE
stderr:  PIPE
stdin:   None
alias:   None
env:     None</msg>
<msg time="2026-09-03T19:35:53.478139" level="INFO">Waiting for process to complete.</msg>
<msg time="2026-09-03T19:35:55.985071" level="INFO">Process completed.</msg>
<msg time="2026-09-03T19:35:55.985221" level="INFO">Waiting for process to complete.</msg>
<msg time="2026-09-03T19:35:55.985510" level="INFO">Process completed.</msg>
<msg time="2026-09-03T19:35:55.985605" level="INFO">Saving NVDA log</msg>
<msg time="2026-09-03T19:35:55.990884" level="INFO" html="true">Copied file from '&lt;a href="file://C:\Users\adm\AppData\Local\Temp\nvdaProfile\nvda.log"&gt;C:\Users\adm\AppData\Local\Temp\nvdaProfile\nvda.log&lt;/a&gt;' to '&lt;a href="file://C:\Users\adm\Downloads\NVDA-2026.2-HARDENED-COMPLETE-TEST-V5\NVDA-2026.2-HARDENED-SOURCE-V5\testOutput\system\nvdaTestRunLogs\Robot.symbolPronunciationTests-moveByLine-nvda.log"&gt;C:\Users\adm\Downloads\NVDA-2026.2-HARDENED-COMPLETE-TEST-V5\NVDA-2026.2-HARDENED-SOURCE-V5\testOutput\system\nvdaTestRunLogs\Robot.symbolPronunciationTests-moveByLine-nvda.log&lt;/a&gt;'.</msg>
<msg time="2026-09-03T19:35:55.991002" level="DEBUG">Log saved to: C:\Users\adm\Downloads\NVDA-2026.2-HARDENED-COMPLETE-TEST-V5\NVDA-2026.2-HARDENED-SOURCE-V5\testOutput\system\nvdaTestRunLogs\Robot.symbolPronunciationTests-moveByLine-nvda.log</msg>
<msg time="2026-09-03T19:35:55.991058" level="INFO">No py2exe log</msg>
<msg time="2026-09-03T19:35:55.991230" level="INFO" html="true">File '&lt;a href="file://C:\Users\adm\AppData\Local\Temp\nvdaProfile\nvda_crash.dmp"&gt;C:\Users\adm\AppData\Local\Temp\nvdaProfile\nvda_crash.dmp&lt;/a&gt;' does not exist.</msg>
<msg time="2026-09-03T19:35:55.991291" level="DEBUG">Cleaning up NVDA profile</msg>
<msg time="2026-09-03T19:35:56.004440" level="INFO" html="true">Removed directory '&lt;a href="file://C:\Users\adm\AppData\Local\Temp\nvdaProfile"&gt;C:\Users\adm\AppData\Local\Temp\nvdaProfile&lt;/a&gt;'.</msg>
<status status="PASS" start="2026-09-03T19:35:53.467540" elapsed="2.537107"/>
</kw>
<status status="PASS" start="2026-09-03T19:35:43.072390" elapsed="12.932459"/>
</kw>
<doc>Ensure symbols announced as expected when navigating by line (numpad 9).</doc>
<tag>NVDA</tag>
<tag>smoke test</tag>
<tag>symbols</tag>
<status status="FAIL" start="2026-09-03T19:35:17.609700" elapsed="38.395254">actual vs expected. With symbolLevel SymLevel.NONE: ['Say', '(  spelling error  quietly)', 'Hello,', 'Jim .', "spelling error  don't", '', 'T-shirt', '', 'T-shirt', 'T-shirt', '1   2    3  arobase     4', 'blank', '', 'blank', 'blank'] != ['Say', '(quietly)', 'Hello,', 'Jim .', "don't", '', 't-shirt', '', 't-shirt', 't-shirt', '1   2    3      4', 'blank', '', 'blank', 'blank']</status>
</test>
<test id="s1-s1-t4" name="moveByCharacter" line="45">
<kw name="default setup" type="SETUP">
<kw name="Log Foreground Window Title" owner="WindowsLib">
<msg time="2026-09-03T19:35:56.007366" level="INFO">Foreground window title: test (4953267663639721473).txt – Bloc-notes</msg>
<doc>Debugging helper, log the current foreground window title to the robot framework log.
See log.html.</doc>
<status status="PASS" start="2026-09-03T19:35:56.007197" elapsed="0.000252"/>
</kw>
<kw name="Start NVDA" owner="NvdaLib">
<msg time="2026-09-03T19:35:56.007820" level="INFO">Starting NVDA with config: standard-dontShowWelcomeDialog.ini</msg>
<msg time="2026-09-03T19:35:56.007868" level="DEBUG">Copying files into NVDA profile</msg>
<msg time="2026-09-03T19:35:56.012280" level="INFO" html="true">Copied file from '&lt;a href="file://C:\Users\adm\Downloads\NVDA-2026.2-HARDENED-COMPLETE-TEST-V5\NVDA-2026.2-HARDENED-SOURCE-V5\tests\system\nvdaSettingsFiles\standard-dontShowWelcomeDialog.ini"&gt;C:\Users\adm\Downloads\NVDA-2026.2-HARDENED-COMPLETE-TEST-V5\NVDA-2026.2-HARDENED-SOURCE-V5\tests\system\nvdaSettingsFiles\standard-dontShowWelcomeDialog.ini&lt;/a&gt;' to '&lt;a href="file://C:\Users\adm\AppData\Local\Temp\nvdaProfile\nvda.ini"&gt;C:\Users\adm\AppData\Local\Temp\nvdaProfile\nvda.ini&lt;/a&gt;'.</msg>
<msg time="2026-09-03T19:35:56.013916" level="INFO" html="true">Created directory '&lt;a href="file://C:\Users\adm\AppData\Local\Temp\nvdaProfile\scratchpad\globalPlugins\speechSpyGlobalPlugin\libs"&gt;C:\Users\adm\AppData\Local\Temp\nvdaProfile\scratchpad\globalPlugins\speechSpyGlobalPlugin\libs&lt;/a&gt;'.</msg>
<msg time="2026-09-03T19:35:56.018252" level="INFO" html="true">Copied file from '&lt;a href="file://C:\Users\adm\Downloads\NVDA-2026.2-HARDENED-COMPLETE-TEST-V5\NVDA-2026.2-HARDENED-SOURCE-V5\.venv\Lib\site-packages\robotremoteserver.py"&gt;C:\Users\adm\Downloads\NVDA-2026.2-HARDENED-COMPLETE-TEST-V5\NVDA-2026.2-HARDENED-SOURCE-V5\.venv\Lib\site-packages\robotremoteserver.py&lt;/a&gt;' to '&lt;a href="file://C:\Users\adm\AppData\Local\Temp\nvdaProfile\scratchpad\globalPlugins\speechSpyGlobalPlugin\libs\robotremoteserver.py"&gt;C:\Users\adm\AppData\Local\Temp\nvdaProfile\scratchpad\globalPlugins\speechSpyGlobalPlugin\libs\robotremoteserver.py&lt;/a&gt;'.</msg>
<msg time="2026-09-03T19:35:56.037915" level="INFO" html="true">Copied directory from '&lt;a href="file://C:\Program Files\Python313\Lib\xmlrpc"&gt;C:\Program Files\Python313\Lib\xmlrpc&lt;/a&gt;' to '&lt;a href="file://C:\Users\adm\AppData\Local\Temp\nvdaProfile\scratchpad\globalPlugins\speechSpyGlobalPlugin\libs\xmlrpc"&gt;C:\Users\adm\AppData\Local\Temp\nvdaProfile\scratchpad\globalPlugins\speechSpyGlobalPlugin\libs\xmlrpc&lt;/a&gt;'.</msg>
<msg time="2026-09-03T19:35:56.042048" level="INFO" html="true">Copied file from '&lt;a href="file://C:\Users\adm\Downloads\NVDA-2026.2-HARDENED-COMPLETE-TEST-V5\NVDA-2026.2-HARDENED-SOURCE-V5\tests\system\libraries\SystemTestSpy\speechSpyGlobalPlugin.py"&gt;C:\Users\adm\Downloads\NVDA-2026.2-HARDENED-COMPLETE-TEST-V5\NVDA-2026.2-HARDENED-SOURCE-V5\tests\system\libraries\SystemTestSpy\speechSpyGlobalPlugin.py&lt;/a&gt;' to '&lt;a href="file://C:\Users\adm\AppData\Local\Temp\nvdaProfile\scratchpad\globalPlugins\speechSpyGlobalPlugin\__init__.py"&gt;C:\Users\adm\AppData\Local\Temp\nvdaProfile\scratchpad\globalPlugins\speechSpyGlobalPlugin\__init__.py&lt;/a&gt;'.</msg>
[...]
<msg time="2026-09-03T19:39:01.361395" level="INFO" html="true">Copied file from '&lt;a href="file://C:\Users\adm\Downloads\NVDA-2026.2-HARDENED-COMPLETE-TEST-V5\NVDA-2026.2-HARDENED-SOURCE-V5\.venv\Lib\site-packages\robotremoteserver.py"&gt;C:\Users\adm\Downloads\NVDA-2026.2-HARDENED-COMPLETE-TEST-V5\NVDA-2026.2-HARDENED-SOURCE-V5\.venv\Lib\site-packages\robotremoteserver.py&lt;/a&gt;' to '&lt;a href="file://C:\Users\adm\AppData\Local\Temp\nvdaProfile\scratchpad\globalPlugins\speechSpyGlobalPlugin\libs\robotremoteserver.py"&gt;C:\Users\adm\AppData\Local\Temp\nvdaProfile\scratchpad\globalPlugins\speechSpyGlobalPlugin\libs\robotremoteserver.py&lt;/a&gt;'.</msg>
<msg time="2026-09-03T19:39:01.379812" level="INFO" html="true">Copied directory from '&lt;a href="file://C:\Program Files\Python313\Lib\xmlrpc"&gt;C:\Program Files\Python313\Lib\xmlrpc&lt;/a&gt;' to '&lt;a href="file://C:\Users\adm\AppData\Local\Temp\nvdaProfile\scratchpad\globalPlugins\speechSpyGlobalPlugin\libs\xmlrpc"&gt;C:\Users\adm\AppData\Local\Temp\nvdaProfile\scratchpad\globalPlugins\speechSpyGlobalPlugin\libs\xmlrpc&lt;/a&gt;'.</msg>
<msg time="2026-09-03T19:39:01.383191" level="INFO" html="true">Copied file from '&lt;a href="file://C:\Users\adm\Downloads\NVDA-2026.2-HARDENED-COMPLETE-TEST-V5\NVDA-2026.2-HARDENED-SOURCE-V5\tests\system\libraries\SystemTestSpy\speechSpyGlobalPlugin.py"&gt;C:\Users\adm\Downloads\NVDA-2026.2-HARDENED-COMPLETE-TEST-V5\NVDA-2026.2-HARDENED-SOURCE-V5\tests\system\libraries\SystemTestSpy\speechSpyGlobalPlugin.py&lt;/a&gt;' to '&lt;a href="file://C:\Users\adm\AppData\Local\Temp\nvdaProfile\scratchpad\globalPlugins\speechSpyGlobalPlugin\__init__.py"&gt;C:\Users\adm\AppData\Local\Temp\nvdaProfile\scratchpad\globalPlugins\speechSpyGlobalPlugin\__init__.py&lt;/a&gt;'.</msg>
<msg time="2026-09-03T19:39:01.387405" level="INFO" html="true">Copied file from '&lt;a href="file://C:\Users\adm\Downloads\NVDA-2026.2-HARDENED-COMPLETE-TEST-V5\NVDA-2026.2-HARDENED-SOURCE-V5\tests\system\libraries\SystemTestSpy\blockUntilConditionMet.py"&gt;C:\Users\adm\Downloads\NVDA-2026.2-HARDENED-COMPLETE-TEST-V5\NVDA-2026.2-HARDENED-SOURCE-V5\tests\system\libraries\SystemTestSpy\blockUntilConditionMet.py&lt;/a&gt;' to '&lt;a href="file://C:\Users\adm\AppData\Local\Temp\nvdaProfile\scratchpad\globalPlugins\speechSpyGlobalPlugin\blockUntilConditionMet.py"&gt;C:\Users\adm\AppData\Local\Temp\nvdaProfile\scratchpad\globalPlugins\speechSpyGlobalPlugin\blockUntilConditionMet.py&lt;/a&gt;'.</msg>
<msg time="2026-09-03T19:39:01.391246" level="INFO" html="true">Copied file from '&lt;a href="file://C:\Users\adm\Downloads\NVDA-2026.2-HARDENED-COMPLETE-TEST-V5\NVDA-2026.2-HARDENED-SOURCE-V5\tests\system\libraries\SystemTestSpy\speechSpySynthDriver.py"&gt;C:\Users\adm\Downloads\NVDA-2026.2-HARDENED-COMPLETE-TEST-V5\NVDA-2026.2-HARDENED-SOURCE-V5\tests\system\libraries\SystemTestSpy\speechSpySynthDriver.py&lt;/a&gt;' to '&lt;a href="file://C:\Users\adm\AppData\Local\Temp\nvdaProfile\scratchpad\synthDrivers\speechSpySynthDriver.py"&gt;C:\Users\adm\AppData\Local\Temp\nvdaProfile\scratchpad\synthDrivers\speechSpySynthDriver.py&lt;/a&gt;'.</msg>
<msg time="2026-09-03T19:39:01.391403" level="DEBUG">Config copied</msg>
<msg time="2026-09-03T19:39:01.391599" level="INFO" html="true">File '&lt;a href="file://C:\Users\adm\Downloads\NVDA-2026.2-HARDENED-COMPLETE-TEST-V5\NVDA-2026.2-HARDENED-SOURCE-V5\runnvda.bat"&gt;C:\Users\adm\Downloads\NVDA-2026.2-HARDENED-COMPLETE-TEST-V5\NVDA-2026.2-HARDENED-SOURCE-V5\runnvda.bat&lt;/a&gt;' exists.</msg>
<msg time="2026-09-03T19:39:01.391722" level="INFO" html="true">Directory '&lt;a href="file://C:\Users\adm\AppData\Local\Temp\nvdaProfile"&gt;C:\Users\adm\AppData\Local\Temp\nvdaProfile&lt;/a&gt;' already exists.</msg>
<msg time="2026-09-03T19:39:01.391866" level="INFO" html="true">Directory '&lt;a href="file://C:\Users\adm\Downloads\NVDA-2026.2-HARDENED-COMPLETE-TEST-V5\NVDA-2026.2-HARDENED-SOURCE-V5\testOutput\system\nvdaTestRunLogs"&gt;C:\Users\adm\Downloads\NVDA-2026.2-HARDENED-COMPLETE-TEST-V5\NVDA-2026.2-HARDENED-SOURCE-V5\testOutput\system\nvdaTestRunLogs&lt;/a&gt;' already exists.</msg>
<msg time="2026-09-03T19:39:01.393667" level="INFO">Starting process:
C:\Users\adm\Downloads\NVDA-2026.2-HARDENED-COMPLETE-TEST-V5\NVDA-2026.2-HARDENED-SOURCE-V5\runnvda.bat --debug-logging -r -c "C:\Users\adm\AppData\Local\Temp\nvdaProfile" --log-file "C:\Users\adm\AppData\Local\Temp\nvdaProfile\nvda.log"</msg>
<msg time="2026-09-03T19:39:01.393755" level="DEBUG">Process configuration:
cwd:     C:\Users\adm\Downloads\NVDA-2026.2-HARDENED-COMPLETE-TEST-V5\NVDA-2026.2-HARDENED-SOURCE-V5
shell:   True
stdout:  C:\Users\adm\Downloads\NVDA-2026.2-HARDENED-COMPLETE-TEST-V5\NVDA-2026.2-HARDENED-SOURCE-V5\testOutput\system\nvdaTestRunLogs\Robot.symbolPronunciationTests-ignoreBlankLinesForReportLineIndentation-stdout.txt
stderr:  C:\Users\adm\Downloads\NVDA-2026.2-HARDENED-COMPLETE-TEST-V5\NVDA-2026.2-HARDENED-SOURCE-V5\testOutput\system\nvdaTestRunLogs\Robot.symbolPronunciationTests-ignoreBlankLinesForReportLineIndentation-stderr.txt
stdin:   None
alias:   nvdaAlias
env:     None</msg>
<msg time="2026-09-03T19:39:01.398408" level="DEBUG">Started NVDA process</msg>
<msg time="2026-09-03T19:39:01.398507" level="DEBUG">Waiting for nvdaSpyLib to be available at: http://127.0.0.1:8270</msg>
<msg time="2026-09-03T19:39:09.055122" level="DEBUG">Connecting to nvdaSpyLib</msg>
<msg time="2026-09-03T19:39:09.057370" level="DEBUG">Getting nvdaSpyLib library instance</msg>
<msg time="2026-09-03T19:39:09.060309" level="INFO">init_max_keyword_duration {'maxSeconds': 30}</msg>
<msg time="2026-09-03T19:39:09.063026" level="DEBUG">Connected to RF remote server</msg>
<msg time="2026-09-03T19:39:09.063109" level="INFO">wait_for_NVDA_startup_to_complete</msg>
<msg time="2026-09-03T19:39:09.065100" level="DEBUG">Startup complete</msg>
<arg>standard-dontShowWelcomeDialog.ini</arg>
<status status="PASS" start="2026-09-03T19:39:01.349245" elapsed="7.715962"/>
</kw>
<kw name="Log Foreground Window Title" owner="WindowsLib">
<msg time="2026-09-03T19:39:09.065620" level="INFO">Foreground window title: Changement de tâche</msg>
<doc>Debugging helper, log the current foreground window title to the robot framework log.
See log.html.</doc>
<status status="PASS" start="2026-09-03T19:39:09.065456" elapsed="0.000334"/>
</kw>
<kw name="Enable Verbose Debug Logging If Requested" owner="NvdaLib">
<status status="PASS" start="2026-09-03T19:39:09.066005" elapsed="0.006397"/>
</kw>
<status status="PASS" start="2026-09-03T19:39:01.348038" elapsed="7.724522"/>
</kw>
<kw name="Test IgnoreBlankLinesForReportLineIndentation" owner="symbolPronunciationTests">
<msg time="2026-09-03T19:39:09.073910" level="INFO">wait_for_speech_to_finish</msg>
<msg time="2026-09-03T19:39:10.180724" level="INFO">starting notepad: C:\Users\adm\AppData\Local\Temp\tmpznt9rzxx\test (1383118726723186604).txt</msg>
<msg time="2026-09-03T19:39:10.180880" level="INFO">Starting process:
start /wait notepad "C:\Users\adm\AppData\Local\Temp\tmpznt9rzxx\test (1383118726723186604).txt"</msg>
<msg time="2026-09-03T19:39:10.180938" level="DEBUG">Process configuration:
cwd:     C:\Users\adm\Downloads\NVDA-2026.2-HARDENED-COMPLETE-TEST-V5\NVDA-2026.2-HARDENED-SOURCE-V5
shell:   True
stdout:  PIPE
stderr:  PIPE
stdin:   None
alias:   NotepadAlias
env:     None</msg>
<msg time="2026-09-03T19:39:10.201640" level="DEBUG">No windows found matching the pattern: re.compile('^test \\(1383118726723186604\\)')</msg>
<msg time="2026-09-03T19:39:10.701205" level="DEBUG">Found window (HWND: 5376030) (title: test (1383118726723186604).txt – Bloc-notes)</msg>
<msg time="2026-09-03T19:39:10.702620" level="INFO">Found window (HWND: 5376030) (title: test (1383118726723186604).txt – Bloc-notes)</msg>
<msg time="2026-09-03T19:39:10.702729" level="INFO">Foreground window title: test (1383118726723186604).txt – Bloc-notes</msg>
<msg time="2026-09-03T19:39:10.702809" level="INFO">wait_for_speech_to_finish</msg>
<msg time="2026-09-03T19:39:11.911943" level="INFO">get_next_speech_index</msg>
<msg time="2026-09-03T19:39:11.914155" level="INFO">emulateKeyPress ('control+home',)</msg>
<msg time="2026-09-03T19:39:12.121110" level="INFO">wait_for_speech_to_finish {'speechStartedIndex': 6}</msg>
<msg time="2026-09-03T19:39:13.844125" level="FAIL">&lt;class 'AttributeError'&gt;:'StreamRedirector' object has no attribute 'getvalue'</msg>
<msg time="2026-09-03T19:39:13.845846" level="DEBUG">Traceback (most recent call last):
  File "C:\Users\adm\Downloads\NVDA-2026.2-HARDENED-COMPLETE-TEST-V5\NVDA-2026.2-HARDENED-SOURCE-V5\tests\system\robot\symbolPronunciationTests.py", line 786, in test_ignoreBlankLinesForReportLineIndentation
    _notepad.prepareNotepad(
    ~~~~~~~~~~~~~~~~~~~~~~~^
    	"\n".join(
     ^^^^^^^^^^
    ...&lt;10 lines&gt;...
    	),
     ^^
    )
    ^
  File "C:\Users\adm\Downloads\NVDA-2026.2-HARDENED-COMPLETE-TEST-V5\NVDA-2026.2-HARDENED-SOURCE-V5\tests\system\libraries\NotepadLib.py", line 187, in prepareNotepad
    _NvdaLib.getSpeechAfterKey("control+home")
    ~~~~~~~~~~~~~~~~~~~~~~~~~~^^^^^^^^^^^^^^^^
  File "C:\Users\adm\Downloads\NVDA-2026.2-HARDENED-COMPLETE-TEST-V5\NVDA-2026.2-HARDENED-SOURCE-V5\tests\system\libraries\NvdaLib.py", line 435, in getSpeechAfterKey
    spy.wait_for_speech_to_finish(speechStartedIndex=nextSpeechIndex)
    ~~~~~~~~~~~~~~~~~~~~~~~~~~~~~^^^^^^^^^^^^^^^^^^^^^^^^^^^^^^^^^^^^
  File "C:\Users\adm\Downloads\NVDA-2026.2-HARDENED-COMPLETE-TEST-V5\NVDA-2026.2-HARDENED-SOURCE-V5\tests\system\libraries\NvdaLib.py", line 260, in runKeyword
    return lib.run_keyword(keyword, args, kwargs)
           ~~~~~~~~~~~~~~~^^^^^^^^^^^^^^^^^^^^^^^
  File "C:\Users\adm\Downloads\NVDA-2026.2-HARDENED-COMPLETE-TEST-V5\NVDA-2026.2-HARDENED-SOURCE-V5\.venv\Lib\site-packages\robot\libraries\Remote.py", line 119, in run_keyword
    result = RemoteResult(self._client.run_keyword(name, args, kwargs))
                          ~~~~~~~~~~~~~~~~~~~~~~~~^^^^^^^^^^^^^^^^^^^^
  File "C:\Users\adm\Downloads\NVDA-2026.2-HARDENED-COMPLETE-TEST-V5\NVDA-2026.2-HARDENED-SOURCE-V5\.venv\Lib\site-packages\robot\libraries\Remote.py", line 280, in run_keyword
    raise RuntimeError(message)
RuntimeError: &lt;class 'AttributeError'&gt;:'StreamRedirector' object has no attribute 'getvalue'</msg>
<doc>Test line indentation reporting with ignoreBlankLinesForReportLineIndentation off and then on</doc>
<status status="FAIL" start="2026-09-03T19:39:09.072794" elapsed="4.773111">&lt;class 'AttributeError'&gt;:'StreamRedirector' object has no attribute 'getvalue'</status>
</kw>
<kw name="default teardown" type="TEARDOWN">
<kw name="Log Foreground Window Title" owner="WindowsLib">
<msg time="2026-09-03T19:39:13.846751" level="INFO">Foreground window title: test (1383118726723186604).txt – Bloc-notes</msg>
<doc>Debugging helper, log the current foreground window title to the robot framework log.
See log.html.</doc>
<status status="PASS" start="2026-09-03T19:39:13.846637" elapsed="0.000165"/>
</kw>
<kw name="Create Preserved Test Output Filename" owner="NvdaLib">
<msg time="2026-09-03T19:39:13.847157" level="INFO">${screenshotName} = C:\Users\adm\Downloads\NVDA-2026.2-HARDENED-COMPLETE-TEST-V5\NVDA-2026.2-HARDENED-SOURCE-V5\testOutput\system\nvdaTestRunLogs\Robot.symbolPronunciationTests-ignoreBlankLinesForReportLineIndentation-fa...</msg>
<var>${screenshotName}</var>
<arg>failedTest.png</arg>
<doc>EG for nvda.log path will become:
${OUTPUT DIR}/nvdaTestRunLogs/${SUITE NAME}-${TEST NAME}-nvda.log</doc>
<status status="PASS" start="2026-09-03T19:39:13.846905" elapsed="0.000277"/>
</kw>
<kw name="Run Keyword If Test Failed" owner="BuiltIn">
<kw name="Take Screenshot" owner="ScreenCapLibrary">
<msg time="2026-09-03T19:39:13.991725" level="INFO" html="true">&lt;a href="nvdaTestRunLogs/Robot.symbolPronunciationTests-ignoreBlankLinesForReportLineIndentation-failedTest.png"&gt;&lt;img src="nvdaTestRunLogs/Robot.symbolPronunciationTests-ignoreBlankLinesForReportLineIndentation-failedTest.png" width="800px"&gt;&lt;/a&gt;</msg>
<arg>${screenShotName}</arg>
<doc>Takes a screenshot in the specified format at library import and
embeds it into the log file (PNG by default).</doc>
<status status="PASS" start="2026-09-03T19:39:13.847447" elapsed="0.144428"/>
</kw>
<arg>Take Screenshot</arg>
<arg>${screenShotName}</arg>
<doc>Runs the given keyword with the given arguments, if the test failed.</doc>
<status status="PASS" start="2026-09-03T19:39:13.847311" elapsed="0.144650"/>
</kw>
<kw name="Dump Speech To Log" owner="nvdaSpyLib">
<msg time="2026-09-03T19:39:16.041416" level="FAIL">Connection to remote server broken: [WinError 10061] Aucune connexion n’a pu être établie car l’ordinateur cible l’a expressément refusée</msg>
<msg time="2026-09-03T19:39:16.041595" level="DEBUG">Traceback (most recent call last):
  None
RuntimeError: Connection to remote server broken: [WinError 10061] Aucune connexion n’a pu être établie car l’ordinateur cible l’a expressément refusée</msg>
<status status="FAIL" start="2026-09-03T19:39:13.992173" elapsed="2.049479">Connection to remote server broken: [WinError 10061] Aucune connexion n’a pu être établie car l’ordinateur cible l’a expressément refusée</status>
</kw>
<kw name="Exit Notepad" owner="NotepadLib">
<msg time="2026-09-03T19:39:16.042261" level="INFO">Is Start process still running (True expected): True</msg>
<msg time="2026-09-03T19:39:16.042353" level="INFO">Test case in foreground, trying to close</msg>
<msg time="2026-09-03T19:39:16.042397" level="INFO">emulateKeyPress ('alt+f4',)</msg>
<msg time="2026-09-03T19:39:18.075635" level="FAIL">Connection to remote server broken: [WinError 10061] Aucune connexion n’a pu être établie car l’ordinateur cible l’a expressément refusée</msg>
<msg time="2026-09-03T19:39:18.077547" level="DEBUG">Traceback (most recent call last):
  File "C:\Users\adm\Downloads\NVDA-2026.2-HARDENED-COMPLETE-TEST-V5\NVDA-2026.2-HARDENED-SOURCE-V5\tests\system\libraries\NotepadLib.py", line 65, in exit_notepad
    spy.emulateKeyPress("alt+f4")
    ~~~~~~~~~~~~~~~~~~~^^^^^^^^^^
  File "C:\Users\adm\Downloads\NVDA-2026.2-HARDENED-COMPLETE-TEST-V5\NVDA-2026.2-HARDENED-SOURCE-V5\tests\system\libraries\NvdaLib.py", line 260, in runKeyword
    return lib.run_keyword(keyword, args, kwargs)
           ~~~~~~~~~~~~~~~^^^^^^^^^^^^^^^^^^^^^^^
  File "C:\Users\adm\Downloads\NVDA-2026.2-HARDENED-COMPLETE-TEST-V5\NVDA-2026.2-HARDENED-SOURCE-V5\.venv\Lib\site-packages\robot\libraries\Remote.py", line 119, in run_keyword
    result = RemoteResult(self._client.run_keyword(name, args, kwargs))
                          ~~~~~~~~~~~~~~~~~~~~~~~~^^^^^^^^^^^^^^^^^^^^
  File "C:\Users\adm\Downloads\NVDA-2026.2-HARDENED-COMPLETE-TEST-V5\NVDA-2026.2-HARDENED-SOURCE-V5\.venv\Lib\site-packages\robot\libraries\Remote.py", line 280, in run_keyword
    raise RuntimeError(message)
RuntimeError: Connection to remote server broken: [WinError 10061] Aucune connexion n’a pu être établie car l’ordinateur cible l’a expressément refusée</msg>
<status status="FAIL" start="2026-09-03T19:39:16.042002" elapsed="2.035640">Connection to remote server broken: [WinError 10061] Aucune connexion n’a pu être établie car l’ordinateur cible l’a expressément refusée</status>
</kw>
<kw name="Quit NVDA" owner="NvdaLib">
<msg time="2026-09-03T19:39:18.078133" level="INFO">Stopping nvdaSpy server: http://127.0.0.1:8270</msg>
<msg time="2026-09-03T19:39:20.125117" level="INFO">Starting process:
C:\Users\adm\Downloads\NVDA-2026.2-HARDENED-COMPLETE-TEST-V5\NVDA-2026.2-HARDENED-SOURCE-V5\runnvda.bat -q --disable-addons</msg>
<msg time="2026-09-03T19:39:20.125274" level="DEBUG">Process configuration:
cwd:     C:\Users\adm\Downloads\NVDA-2026.2-HARDENED-COMPLETE-TEST-V5\NVDA-2026.2-HARDENED-SOURCE-V5
shell:   True
stdout:  PIPE
stderr:  PIPE
stdin:   None
alias:   None
env:     None</msg>
<msg time="2026-09-03T19:39:20.130841" level="INFO">Waiting for process to complete.</msg>
<msg time="2026-09-03T19:39:23.180058" level="INFO">Process completed.</msg>
<msg time="2026-09-03T19:39:23.180207" level="INFO">Waiting for process to complete.</msg>
<msg time="2026-09-03T19:39:23.180463" level="INFO">Process completed.</msg>
<msg time="2026-09-03T19:39:23.180676" level="INFO">Saving NVDA log</msg>
<msg time="2026-09-03T19:39:23.186658" level="INFO" html="true">Copied file from '&lt;a href="file://C:\Users\adm\AppData\Local\Temp\nvdaProfile\nvda.log"&gt;C:\Users\adm\AppData\Local\Temp\nvdaProfile\nvda.log&lt;/a&gt;' to '&lt;a href="file://C:\Users\adm\Downloads\NVDA-2026.2-HARDENED-COMPLETE-TEST-V5\NVDA-2026.2-HARDENED-SOURCE-V5\testOutput\system\nvdaTestRunLogs\Robot.symbolPronunciationTests-ignoreBlankLinesForReportLineIndentation-nvda.log"&gt;C:\Users\adm\Downloads\NVDA-2026.2-HARDENED-COMPLETE-TEST-V5\NVDA-2026.2-HARDENED-SOURCE-V5\testOutput\system\nvdaTestRunLogs\Robot.symbolPronunciationTests-ignoreBlankLinesForReportLineIndentation-nvda.log&lt;/a&gt;'.</msg>
<msg time="2026-09-03T19:39:23.186787" level="DEBUG">Log saved to: C:\Users\adm\Downloads\NVDA-2026.2-HARDENED-COMPLETE-TEST-V5\NVDA-2026.2-HARDENED-SOURCE-V5\testOutput\system\nvdaTestRunLogs\Robot.symbolPronunciationTests-ignoreBlankLinesForReportLineIndentation-nvda.log</msg>
<msg time="2026-09-03T19:39:23.186850" level="INFO">No py2exe log</msg>
<msg time="2026-09-03T19:39:23.187064" level="INFO" html="true">File '&lt;a href="file://C:\Users\adm\AppData\Local\Temp\nvdaProfile\nvda_crash.dmp"&gt;C:\Users\adm\AppData\Local\Temp\nvdaProfile\nvda_crash.dmp&lt;/a&gt;' does not exist.</msg>
<msg time="2026-09-03T19:39:23.187142" level="DEBUG">Cleaning up NVDA profile</msg>
<msg time="2026-09-03T19:39:23.199314" level="INFO" html="true">Removed directory '&lt;a href="file://C:\Users\adm\AppData\Local\Temp\nvdaProfile"&gt;C:\Users\adm\AppData\Local\Temp\nvdaProfile&lt;/a&gt;'.</msg>
<status status="PASS" start="2026-09-03T19:39:18.077946" elapsed="5.121513"/>
</kw>
<status status="FAIL" start="2026-09-03T19:39:13.846316" elapsed="9.353520">Several failures occurred:

1) Connection to remote server broken: [WinError 10061] Aucune connexion n’a pu être établie car l’ordinateur cible l’a expressément refusée

2) Connection to remote server broken: [WinError 10061] Aucune connexion n’a pu être établie car l’ordinateur cible l’a expressément refusée</status>
</kw>
<doc>Ensure indentation announced as expected when ignore blank lines for line indentation reporting is on/off.</doc>
<tag>NVDA</tag>
<tag>smoke test</tag>
<tag>symbols</tag>
<status status="FAIL" start="2026-09-03T19:39:01.346728" elapsed="21.853236">&lt;class 'AttributeError'&gt;:'StreamRedirector' object has no attribute 'getvalue'

Also teardown failed:
Several failures occurred:

1) Connection to remote server broken: [WinError 10061] Aucune connexion n’a pu être établie car l’ordinateur cible l’a expressément refusée

2) Connection to remote server broken: [WinError 10061] Aucune connexion n’a pu être établie car l’ordinateur cible l’a expressément refusée</status>
</test>
<doc>Symbol pronunciation tests</doc>
<status status="FAIL" start="2026-09-03T19:34:04.238582" elapsed="318.962383"/>
</suite>
<status status="FAIL" start="2026-09-03T19:34:04.192871" elapsed="319.009162"/>
</suite>
<statistics>
<total>
<stat pass="2" fail="8" skip="0">All Tests</stat>
</total>
<tag>
<stat pass="2" fail="8" skip="0">NVDA</stat>
<stat pass="0" fail="3" skip="0">selection</stat>
<stat pass="2" fail="8" skip="0">smoke test</stat>
<stat pass="2" fail="8" skip="0">symbols</stat>
<stat pass="0" fail="1" skip="0">table</stat>
</tag>
<suite>
<stat name="Robot" id="s1" pass="2" fail="8" skip="0">Robot</stat>
<stat name="symbolPronunciationTests" id="s1-s1" pass="2" fail="8" skip="0">Robot.symbolPronunciationTests</stat>
</suite>
</statistics>
<errors>
</errors>
</robot>
